<?xml version="1.0" encoding="UTF-8"?>
<testsuite xmlns:xsi="http://www.w3.org/2001/XMLSchema-instance" xsi:noNamespaceSchemaLocation="https://maven.apache.org/surefire/maven-surefire-plugin/xsd/surefire-test-report-3.0.xsd" version="3.0" name="org.openapitools.codegen.online.api.GenApiControllerTest" time="0" tests="0" errors="0" skipped="0" failures="0">
  <properties>
    <property name="gopherProxySet" value="false"/>
    <property name="awt.toolkit" value="sun.lwawt.macosx.LWCToolkit"/>
    <property name="file.encoding.pkg" value="sun.io"/>
    <property name="java.specification.version" value="1.8"/>
    <property name="sun.cpu.isalist" value=""/>
    <property name="sun.jnu.encoding" value="UTF-8"/>
    <property name="java.class.path" value="/Users/tkao/.m2/repository/org/apache/maven/surefire/surefire-booter/3.0.0-M3/surefire-booter-3.0.0-M3.jar:/Users/tkao/.m2/repository/org/apache/maven/surefire/surefire-api/3.0.0-M3/surefire-api-3.0.0-M3.jar:/Users/tkao/.m2/repository/org/apache/maven/surefire/surefire-logger-api/3.0.0-M3/surefire-logger-api-3.0.0-M3.jar:/Users/tkao/git/openapi-generator/modules/openapi-generator-online/target/test-classes:/Users/tkao/git/openapi-generator/modules/openapi-generator-online/target/classes:/Users/tkao/.m2/repository/org/springframework/boot/spring-boot-starter-web/2.0.7.RELEASE/spring-boot-starter-web-2.0.7.RELEASE.jar:/Users/tkao/.m2/repository/org/springframework/boot/spring-boot-starter/2.0.7.RELEASE/spring-boot-starter-2.0.7.RELEASE.jar:/Users/tkao/.m2/repository/org/springframework/boot/spring-boot-autoconfigure/2.0.7.RELEASE/spring-boot-autoconfigure-2.0.7.RELEASE.jar:/Users/tkao/.m2/repository/org/springframework/boot/spring-boot-starter-logging/2.0.7.RELEASE/spring-boot-starter-logging-2.0.7.RELEASE.jar:/Users/tkao/.m2/repository/ch/qos/logback/logback-classic/1.2.3/logback-classic-1.2.3.jar:/Users/tkao/.m2/repository/ch/qos/logback/logback-core/1.2.3/logback-core-1.2.3.jar:/Users/tkao/.m2/repository/org/apache/logging/log4j/log4j-to-slf4j/2.10.0/log4j-to-slf4j-2.10.0.jar:/Users/tkao/.m2/repository/org/apache/logging/log4j/log4j-api/2.10.0/log4j-api-2.10.0.jar:/Users/tkao/.m2/repository/org/slf4j/jul-to-slf4j/1.7.25/jul-to-slf4j-1.7.25.jar:/Users/tkao/.m2/repository/javax/annotation/javax.annotation-api/1.3.2/javax.annotation-api-1.3.2.jar:/Users/tkao/.m2/repository/org/yaml/snakeyaml/1.19/snakeyaml-1.19.jar:/Users/tkao/.m2/repository/org/springframework/boot/spring-boot-starter-json/2.0.7.RELEASE/spring-boot-starter-json-2.0.7.RELEASE.jar:/Users/tkao/.m2/repository/com/fasterxml/jackson/datatype/jackson-datatype-jdk8/2.9.7/jackson-datatype-jdk8-2.9.7.jar:/Users/tkao/.m2/repository/com/fasterxml/jackson/module/jackson-module-parameter-names/2.9.7/jackson-module-parameter-names-2.9.7.jar:/Users/tkao/.m2/repository/org/springframework/boot/spring-boot-starter-tomcat/2.0.7.RELEASE/spring-boot-starter-tomcat-2.0.7.RELEASE.jar:/Users/tkao/.m2/repository/org/apache/tomcat/embed/tomcat-embed-core/8.5.35/tomcat-embed-core-8.5.35.jar:/Users/tkao/.m2/repository/org/apache/tomcat/embed/tomcat-embed-el/8.5.35/tomcat-embed-el-8.5.35.jar:/Users/tkao/.m2/repository/org/apache/tomcat/embed/tomcat-embed-websocket/8.5.35/tomcat-embed-websocket-8.5.35.jar:/Users/tkao/.m2/repository/org/hibernate/validator/hibernate-validator/6.0.13.Final/hibernate-validator-6.0.13.Final.jar:/Users/tkao/.m2/repository/org/jboss/logging/jboss-logging/3.3.2.Final/jboss-logging-3.3.2.Final.jar:/Users/tkao/.m2/repository/org/springframework/spring-web/5.0.11.RELEASE/spring-web-5.0.11.RELEASE.jar:/Users/tkao/.m2/repository/org/springframework/spring-beans/5.0.11.RELEASE/spring-beans-5.0.11.RELEASE.jar:/Users/tkao/.m2/repository/org/springframework/spring-webmvc/5.0.11.RELEASE/spring-webmvc-5.0.11.RELEASE.jar:/Users/tkao/.m2/repository/org/springframework/spring-aop/5.0.11.RELEASE/spring-aop-5.0.11.RELEASE.jar:/Users/tkao/.m2/repository/org/springframework/spring-context/5.0.11.RELEASE/spring-context-5.0.11.RELEASE.jar:/Users/tkao/.m2/repository/org/springframework/spring-expression/5.0.11.RELEASE/spring-expression-5.0.11.RELEASE.jar:/Users/tkao/.m2/repository/io/springfox/springfox-swagger2/2.8.0/springfox-swagger2-2.8.0.jar:/Users/tkao/.m2/repository/io/springfox/springfox-spi/2.8.0/springfox-spi-2.8.0.jar:/Users/tkao/.m2/repository/io/springfox/springfox-core/2.8.0/springfox-core-2.8.0.jar:/Users/tkao/.m2/repository/io/springfox/springfox-schema/2.8.0/springfox-schema-2.8.0.jar:/Users/tkao/.m2/repository/io/springfox/springfox-swagger-common/2.8.0/springfox-swagger-common-2.8.0.jar:/Users/tkao/.m2/repository/io/springfox/springfox-spring-web/2.8.0/springfox-spring-web-2.8.0.jar:/Users/tkao/.m2/repository/org/reflections/reflections/0.9.11/reflections-0.9.11.jar:/Users/tkao/.m2/repository/org/javassist/javassist/3.21.0-GA/javassist-3.21.0-GA.jar:/Users/tkao/.m2/repository/com/google/guava/guava/20.0/guava-20.0.jar:/Users/tkao/.m2/repository/com/fasterxml/classmate/1.3.4/classmate-1.3.4.jar:/Users/tkao/.m2/repository/org/slf4j/slf4j-api/1.7.25/slf4j-api-1.7.25.jar:/Users/tkao/.m2/repository/org/springframework/plugin/spring-plugin-core/1.2.0.RELEASE/spring-plugin-core-1.2.0.RELEASE.jar:/Users/tkao/.m2/repository/org/springframework/plugin/spring-plugin-metadata/1.2.0.RELEASE/spring-plugin-metadata-1.2.0.RELEASE.jar:/Users/tkao/.m2/repository/org/mapstruct/mapstruct/1.2.0.Final/mapstruct-1.2.0.Final.jar:/Users/tkao/.m2/repository/com/fasterxml/jackson/datatype/jackson-datatype-jsr310/2.9.7/jackson-datatype-jsr310-2.9.7.jar:/Users/tkao/.m2/repository/com/fasterxml/jackson/core/jackson-annotations/2.9.0/jackson-annotations-2.9.0.jar:/Users/tkao/.m2/repository/com/fasterxml/jackson/core/jackson-core/2.9.7/jackson-core-2.9.7.jar:/Users/tkao/.m2/repository/com/fasterxml/jackson/core/jackson-databind/2.9.7/jackson-databind-2.9.7.jar:/Users/tkao/.m2/repository/javax/validation/validation-api/2.0.1.Final/validation-api-2.0.1.Final.jar:/Users/tkao/git/openapi-generator/modules/openapi-generator/target/openapi-generator-4.1.1.jar:/Users/tkao/.m2/repository/io/swagger/core/v3/swagger-core/2.0.9/swagger-core-2.0.9.jar:/Users/tkao/.m2/repository/javax/xml/bind/jaxb-api/2.3.1/jaxb-api-2.3.1.jar:/Users/tkao/.m2/repository/javax/activation/javax.activation-api/1.2.0/javax.activation-api-1.2.0.jar:/Users/tkao/.m2/repository/com/fasterxml/jackson/dataformat/jackson-dataformat-yaml/2.9.7/jackson-dataformat-yaml-2.9.7.jar:/Users/tkao/.m2/repository/io/swagger/core/v3/swagger-annotations/2.0.9/swagger-annotations-2.0.9.jar:/Users/tkao/.m2/repository/io/swagger/core/v3/swagger-models/2.0.9/swagger-models-2.0.9.jar:/Users/tkao/.m2/repository/org/openapitools/swagger/parser/swagger-parser/2.0.14-OpenAPITools.org-1/swagger-parser-2.0.14-OpenAPITools.org-1.jar:/Users/tkao/.m2/repository/org/openapitools/swagger/parser/swagger-parser-v2-converter/2.0.14-OpenAPITools.org-1/swagger-parser-v2-converter-2.0.14-OpenAPITools.org-1.jar:/Users/tkao/.m2/repository/io/swagger/swagger-parser/1.0.46/swagger-parser-1.0.46.jar:/Users/tkao/.m2/repository/io/swagger/swagger-core/1.5.23/swagger-core-1.5.23.jar:/Users/tkao/.m2/repository/io/swagger/swagger-models/1.5.23/swagger-models-1.5.23.jar:/Users/tkao/.m2/repository/io/swagger/swagger-annotations/1.5.23/swagger-annotations-1.5.23.jar:/Users/tkao/.m2/repository/io/swagger/swagger-compat-spec-parser/1.0.46/swagger-compat-spec-parser-1.0.46.jar:/Users/tkao/.m2/repository/com/github/java-json-tools/json-schema-validator/2.2.8/json-schema-validator-2.2.8.jar:/Users/tkao/.m2/repository/com/github/java-json-tools/json-schema-core/1.2.8/json-schema-core-1.2.8.jar:/Users/tkao/.m2/repository/org/mozilla/rhino/1.7R4/rhino-1.7R4.jar:/Users/tkao/.m2/repository/com/github/fge/uri-template/0.9/uri-template-0.9.jar:/Users/tkao/.m2/repository/javax/mail/mailapi/1.4.3/mailapi-1.4.3.jar:/Users/tkao/.m2/repository/javax/activation/activation/1.1/activation-1.1.jar:/Users/tkao/.m2/repository/com/googlecode/libphonenumber/libphonenumber/8.0.0/libphonenumber-8.0.0.jar:/Users/tkao/.m2/repository/com/google/code/findbugs/jsr305/3.0.1/jsr305-3.0.1.jar:/Users/tkao/.m2/repository/net/sf/jopt-simple/jopt-simple/5.0.3/jopt-simple-5.0.3.jar:/Users/tkao/.m2/repository/com/github/fge/json-patch/1.6/json-patch-1.6.jar:/Users/tkao/.m2/repository/com/github/fge/jackson-coreutils/1.6/jackson-coreutils-1.6.jar:/Users/tkao/.m2/repository/com/github/fge/msg-simple/1.1/msg-simple-1.1.jar:/Users/tkao/.m2/repository/com/github/fge/btf/1.2/btf-1.2.jar:/Users/tkao/.m2/repository/org/apache/httpcomponents/httpclient/4.5.6/httpclient-4.5.6.jar:/Users/tkao/.m2/repository/org/apache/httpcomponents/httpcore/4.4.10/httpcore-4.4.10.jar:/Users/tkao/.m2/repository/commons-codec/commons-codec/1.11/commons-codec-1.11.jar:/Users/tkao/.m2/repository/org/openapitools/swagger/parser/swagger-parser-core/2.0.14-OpenAPITools.org-1/swagger-parser-core-2.0.14-OpenAPITools.org-1.jar:/Users/tkao/.m2/repository/org/openapitools/swagger/parser/swagger-parser-v3/2.0.14-OpenAPITools.org-1/swagger-parser-v3-2.0.14-OpenAPITools.org-1.jar:/Users/tkao/.m2/repository/com/samskivert/jmustache/1.14/jmustache-1.14.jar:/Users/tkao/.m2/repository/com/github/jknack/handlebars/4.1.2/handlebars-4.1.2.jar:/Users/tkao/.m2/repository/com/github/jknack/handlebars-jackson2/4.1.2/handlebars-jackson2-4.1.2.jar:/Users/tkao/.m2/repository/commons-io/commons-io/2.4/commons-io-2.4.jar:/Users/tkao/.m2/repository/org/slf4j/slf4j-ext/1.7.25/slf4j-ext-1.7.25.jar:/Users/tkao/.m2/repository/org/apache/commons/commons-lang3/3.7/commons-lang3-3.7.jar:/Users/tkao/.m2/repository/commons-cli/commons-cli/1.2/commons-cli-1.2.jar:/Users/tkao/.m2/repository/com/fasterxml/jackson/datatype/jackson-datatype-guava/2.9.7/jackson-datatype-guava-2.9.7.jar:/Users/tkao/.m2/repository/com/atlassian/commonmark/commonmark/0.11.0/commonmark-0.11.0.jar:/Users/tkao/.m2/repository/com/github/mifmif/generex/1.0.2/generex-1.0.2.jar:/Users/tkao/.m2/repository/dk/brics/automaton/automaton/1.11-8/automaton-1.11-8.jar:/Users/tkao/.m2/repository/com/fasterxml/jackson/datatype/jackson-datatype-joda/2.9.7/jackson-datatype-joda-2.9.7.jar:/Users/tkao/.m2/repository/joda-time/joda-time/2.9.9/joda-time-2.9.9.jar:/Users/tkao/.m2/repository/com/github/joschi/jackson/jackson-datatype-threetenbp/2.6.4/jackson-datatype-threetenbp-2.6.4.jar:/Users/tkao/.m2/repository/org/threeten/threetenbp/1.3.1/threetenbp-1.3.1.jar:/Users/tkao/git/openapi-generator/modules/openapi-generator-core/target/openapi-generator-core-4.1.1.jar:/Users/tkao/.m2/repository/org/springframework/boot/spring-boot-starter-test/2.0.7.RELEASE/spring-boot-starter-test-2.0.7.RELEASE.jar:/Users/tkao/.m2/repository/org/springframework/boot/spring-boot-test-autoconfigure/2.0.7.RELEASE/spring-boot-test-autoconfigure-2.0.7.RELEASE.jar:/Users/tkao/.m2/repository/com/jayway/jsonpath/json-path/2.4.0/json-path-2.4.0.jar:/Users/tkao/.m2/repository/net/minidev/json-smart/2.3/json-smart-2.3.jar:/Users/tkao/.m2/repository/net/minidev/accessors-smart/1.2/accessors-smart-1.2.jar:/Users/tkao/.m2/repository/org/ow2/asm/asm/5.0.4/asm-5.0.4.jar:/Users/tkao/.m2/repository/junit/junit/4.12/junit-4.12.jar:/Users/tkao/.m2/repository/org/assertj/assertj-core/3.9.1/assertj-core-3.9.1.jar:/Users/tkao/.m2/repository/org/mockito/mockito-core/2.15.0/mockito-core-2.15.0.jar:/Users/tkao/.m2/repository/net/bytebuddy/byte-buddy/1.7.11/byte-buddy-1.7.11.jar:/Users/tkao/.m2/repository/net/bytebuddy/byte-buddy-agent/1.7.11/byte-buddy-agent-1.7.11.jar:/Users/tkao/.m2/repository/org/objenesis/objenesis/2.6/objenesis-2.6.jar:/Users/tkao/.m2/repository/org/hamcrest/hamcrest-core/1.3/hamcrest-core-1.3.jar:/Users/tkao/.m2/repository/org/hamcrest/hamcrest-library/1.3/hamcrest-library-1.3.jar:/Users/tkao/.m2/repository/org/skyscreamer/jsonassert/1.5.0/jsonassert-1.5.0.jar:/Users/tkao/.m2/repository/com/vaadin/external/google/android-json/0.0.20131108.vaadin1/android-json-0.0.20131108.vaadin1.jar:/Users/tkao/.m2/repository/org/springframework/spring-core/5.0.11.RELEASE/spring-core-5.0.11.RELEASE.jar:/Users/tkao/.m2/repository/org/springframework/spring-jcl/5.0.11.RELEASE/spring-jcl-5.0.11.RELEASE.jar:/Users/tkao/.m2/repository/org/springframework/spring-test/5.0.11.RELEASE/spring-test-5.0.11.RELEASE.jar:/Users/tkao/.m2/repository/org/xmlunit/xmlunit-core/2.5.1/xmlunit-core-2.5.1.jar:/Users/tkao/.m2/repository/org/springframework/boot/spring-boot-test/2.0.7.RELEASE/spring-boot-test-2.0.7.RELEASE.jar:/Users/tkao/.m2/repository/org/springframework/boot/spring-boot/2.0.7.RELEASE/spring-boot-2.0.7.RELEASE.jar:/Users/tkao/.m2/repository/org/hamcrest/java-hamcrest/2.0.0.0/java-hamcrest-2.0.0.0.jar:/Users/tkao/.m2/repository/org/apache/maven/surefire/surefire-junit3/3.0.0-M3/surefire-junit3-3.0.0-M3.jar:/Users/tkao/.m2/repository/org/apache/maven/surefire/common-junit3/3.0.0-M3/common-junit3-3.0.0-M3.jar:/Users/tkao/.m2/repository/org/jmockit/jmockit/1.46/jmockit-1.46.jar"/>
    <property name="java.vm.vendor" value="Oracle Corporation"/>
    <property name="sun.arch.data.model" value="64"/>
    <property name="java.vendor.url" value="http://java.oracle.com/"/>
    <property name="user.timezone" value=""/>
    <property name="java.vm.specification.version" value="1.8"/>
    <property name="os.name" value="Mac OS X"/>
    <property name="user.country" value="US"/>
    <property name="sun.java.launcher" value="SUN_STANDARD"/>
    <property name="sun.boot.library.path" value="/Library/Java/JavaVirtualMachines/jdk1.8.0_162.jdk/Contents/Home/jre/lib"/>
    <property name="sun.java.command" value="org.apache.maven.surefire.booter.ForkedBooter /Users/tkao/git/openapi-generator/modules/openapi-generator-online/target/surefire 2019-08-29T10-39-59_623-jvmRun1 surefire104207519855662903tmp surefire_28678394572756026430tmp"/>
    <property name="http.nonProxyHosts" value="local|*.local|169.254/16|*.169.254/16"/>
    <property name="surefire.test.class.path" value="/Users/tkao/git/openapi-generator/modules/openapi-generator-online/target/test-classes:/Users/tkao/git/openapi-generator/modules/openapi-generator-online/target/classes:/Users/tkao/.m2/repository/org/springframework/boot/spring-boot-starter-web/2.0.7.RELEASE/spring-boot-starter-web-2.0.7.RELEASE.jar:/Users/tkao/.m2/repository/org/springframework/boot/spring-boot-starter/2.0.7.RELEASE/spring-boot-starter-2.0.7.RELEASE.jar:/Users/tkao/.m2/repository/org/springframework/boot/spring-boot-autoconfigure/2.0.7.RELEASE/spring-boot-autoconfigure-2.0.7.RELEASE.jar:/Users/tkao/.m2/repository/org/springframework/boot/spring-boot-starter-logging/2.0.7.RELEASE/spring-boot-starter-logging-2.0.7.RELEASE.jar:/Users/tkao/.m2/repository/ch/qos/logback/logback-classic/1.2.3/logback-classic-1.2.3.jar:/Users/tkao/.m2/repository/ch/qos/logback/logback-core/1.2.3/logback-core-1.2.3.jar:/Users/tkao/.m2/repository/org/apache/logging/log4j/log4j-to-slf4j/2.10.0/log4j-to-slf4j-2.10.0.jar:/Users/tkao/.m2/repository/org/apache/logging/log4j/log4j-api/2.10.0/log4j-api-2.10.0.jar:/Users/tkao/.m2/repository/org/slf4j/jul-to-slf4j/1.7.25/jul-to-slf4j-1.7.25.jar:/Users/tkao/.m2/repository/javax/annotation/javax.annotation-api/1.3.2/javax.annotation-api-1.3.2.jar:/Users/tkao/.m2/repository/org/yaml/snakeyaml/1.19/snakeyaml-1.19.jar:/Users/tkao/.m2/repository/org/springframework/boot/spring-boot-starter-json/2.0.7.RELEASE/spring-boot-starter-json-2.0.7.RELEASE.jar:/Users/tkao/.m2/repository/com/fasterxml/jackson/datatype/jackson-datatype-jdk8/2.9.7/jackson-datatype-jdk8-2.9.7.jar:/Users/tkao/.m2/repository/com/fasterxml/jackson/module/jackson-module-parameter-names/2.9.7/jackson-module-parameter-names-2.9.7.jar:/Users/tkao/.m2/repository/org/springframework/boot/spring-boot-starter-tomcat/2.0.7.RELEASE/spring-boot-starter-tomcat-2.0.7.RELEASE.jar:/Users/tkao/.m2/repository/org/apache/tomcat/embed/tomcat-embed-core/8.5.35/tomcat-embed-core-8.5.35.jar:/Users/tkao/.m2/repository/org/apache/tomcat/embed/tomcat-embed-el/8.5.35/tomcat-embed-el-8.5.35.jar:/Users/tkao/.m2/repository/org/apache/tomcat/embed/tomcat-embed-websocket/8.5.35/tomcat-embed-websocket-8.5.35.jar:/Users/tkao/.m2/repository/org/hibernate/validator/hibernate-validator/6.0.13.Final/hibernate-validator-6.0.13.Final.jar:/Users/tkao/.m2/repository/org/jboss/logging/jboss-logging/3.3.2.Final/jboss-logging-3.3.2.Final.jar:/Users/tkao/.m2/repository/org/springframework/spring-web/5.0.11.RELEASE/spring-web-5.0.11.RELEASE.jar:/Users/tkao/.m2/repository/org/springframework/spring-beans/5.0.11.RELEASE/spring-beans-5.0.11.RELEASE.jar:/Users/tkao/.m2/repository/org/springframework/spring-webmvc/5.0.11.RELEASE/spring-webmvc-5.0.11.RELEASE.jar:/Users/tkao/.m2/repository/org/springframework/spring-aop/5.0.11.RELEASE/spring-aop-5.0.11.RELEASE.jar:/Users/tkao/.m2/repository/org/springframework/spring-context/5.0.11.RELEASE/spring-context-5.0.11.RELEASE.jar:/Users/tkao/.m2/repository/org/springframework/spring-expression/5.0.11.RELEASE/spring-expression-5.0.11.RELEASE.jar:/Users/tkao/.m2/repository/io/springfox/springfox-swagger2/2.8.0/springfox-swagger2-2.8.0.jar:/Users/tkao/.m2/repository/io/springfox/springfox-spi/2.8.0/springfox-spi-2.8.0.jar:/Users/tkao/.m2/repository/io/springfox/springfox-core/2.8.0/springfox-core-2.8.0.jar:/Users/tkao/.m2/repository/io/springfox/springfox-schema/2.8.0/springfox-schema-2.8.0.jar:/Users/tkao/.m2/repository/io/springfox/springfox-swagger-common/2.8.0/springfox-swagger-common-2.8.0.jar:/Users/tkao/.m2/repository/io/springfox/springfox-spring-web/2.8.0/springfox-spring-web-2.8.0.jar:/Users/tkao/.m2/repository/org/reflections/reflections/0.9.11/reflections-0.9.11.jar:/Users/tkao/.m2/repository/org/javassist/javassist/3.21.0-GA/javassist-3.21.0-GA.jar:/Users/tkao/.m2/repository/com/google/guava/guava/20.0/guava-20.0.jar:/Users/tkao/.m2/repository/com/fasterxml/classmate/1.3.4/classmate-1.3.4.jar:/Users/tkao/.m2/repository/org/slf4j/slf4j-api/1.7.25/slf4j-api-1.7.25.jar:/Users/tkao/.m2/repository/org/springframework/plugin/spring-plugin-core/1.2.0.RELEASE/spring-plugin-core-1.2.0.RELEASE.jar:/Users/tkao/.m2/repository/org/springframework/plugin/spring-plugin-metadata/1.2.0.RELEASE/spring-plugin-metadata-1.2.0.RELEASE.jar:/Users/tkao/.m2/repository/org/mapstruct/mapstruct/1.2.0.Final/mapstruct-1.2.0.Final.jar:/Users/tkao/.m2/repository/com/fasterxml/jackson/datatype/jackson-datatype-jsr310/2.9.7/jackson-datatype-jsr310-2.9.7.jar:/Users/tkao/.m2/repository/com/fasterxml/jackson/core/jackson-annotations/2.9.0/jackson-annotations-2.9.0.jar:/Users/tkao/.m2/repository/com/fasterxml/jackson/core/jackson-core/2.9.7/jackson-core-2.9.7.jar:/Users/tkao/.m2/repository/com/fasterxml/jackson/core/jackson-databind/2.9.7/jackson-databind-2.9.7.jar:/Users/tkao/.m2/repository/javax/validation/validation-api/2.0.1.Final/validation-api-2.0.1.Final.jar:/Users/tkao/git/openapi-generator/modules/openapi-generator/target/openapi-generator-4.1.1.jar:/Users/tkao/.m2/repository/io/swagger/core/v3/swagger-core/2.0.9/swagger-core-2.0.9.jar:/Users/tkao/.m2/repository/javax/xml/bind/jaxb-api/2.3.1/jaxb-api-2.3.1.jar:/Users/tkao/.m2/repository/javax/activation/javax.activation-api/1.2.0/javax.activation-api-1.2.0.jar:/Users/tkao/.m2/repository/com/fasterxml/jackson/dataformat/jackson-dataformat-yaml/2.9.7/jackson-dataformat-yaml-2.9.7.jar:/Users/tkao/.m2/repository/io/swagger/core/v3/swagger-annotations/2.0.9/swagger-annotations-2.0.9.jar:/Users/tkao/.m2/repository/io/swagger/core/v3/swagger-models/2.0.9/swagger-models-2.0.9.jar:/Users/tkao/.m2/repository/org/openapitools/swagger/parser/swagger-parser/2.0.14-OpenAPITools.org-1/swagger-parser-2.0.14-OpenAPITools.org-1.jar:/Users/tkao/.m2/repository/org/openapitools/swagger/parser/swagger-parser-v2-converter/2.0.14-OpenAPITools.org-1/swagger-parser-v2-converter-2.0.14-OpenAPITools.org-1.jar:/Users/tkao/.m2/repository/io/swagger/swagger-parser/1.0.46/swagger-parser-1.0.46.jar:/Users/tkao/.m2/repository/io/swagger/swagger-core/1.5.23/swagger-core-1.5.23.jar:/Users/tkao/.m2/repository/io/swagger/swagger-models/1.5.23/swagger-models-1.5.23.jar:/Users/tkao/.m2/repository/io/swagger/swagger-annotations/1.5.23/swagger-annotations-1.5.23.jar:/Users/tkao/.m2/repository/io/swagger/swagger-compat-spec-parser/1.0.46/swagger-compat-spec-parser-1.0.46.jar:/Users/tkao/.m2/repository/com/github/java-json-tools/json-schema-validator/2.2.8/json-schema-validator-2.2.8.jar:/Users/tkao/.m2/repository/com/github/java-json-tools/json-schema-core/1.2.8/json-schema-core-1.2.8.jar:/Users/tkao/.m2/repository/org/mozilla/rhino/1.7R4/rhino-1.7R4.jar:/Users/tkao/.m2/repository/com/github/fge/uri-template/0.9/uri-template-0.9.jar:/Users/tkao/.m2/repository/javax/mail/mailapi/1.4.3/mailapi-1.4.3.jar:/Users/tkao/.m2/repository/javax/activation/activation/1.1/activation-1.1.jar:/Users/tkao/.m2/repository/com/googlecode/libphonenumber/libphonenumber/8.0.0/libphonenumber-8.0.0.jar:/Users/tkao/.m2/repository/com/google/code/findbugs/jsr305/3.0.1/jsr305-3.0.1.jar:/Users/tkao/.m2/repository/net/sf/jopt-simple/jopt-simple/5.0.3/jopt-simple-5.0.3.jar:/Users/tkao/.m2/repository/com/github/fge/json-patch/1.6/json-patch-1.6.jar:/Users/tkao/.m2/repository/com/github/fge/jackson-coreutils/1.6/jackson-coreutils-1.6.jar:/Users/tkao/.m2/repository/com/github/fge/msg-simple/1.1/msg-simple-1.1.jar:/Users/tkao/.m2/repository/com/github/fge/btf/1.2/btf-1.2.jar:/Users/tkao/.m2/repository/org/apache/httpcomponents/httpclient/4.5.6/httpclient-4.5.6.jar:/Users/tkao/.m2/repository/org/apache/httpcomponents/httpcore/4.4.10/httpcore-4.4.10.jar:/Users/tkao/.m2/repository/commons-codec/commons-codec/1.11/commons-codec-1.11.jar:/Users/tkao/.m2/repository/org/openapitools/swagger/parser/swagger-parser-core/2.0.14-OpenAPITools.org-1/swagger-parser-core-2.0.14-OpenAPITools.org-1.jar:/Users/tkao/.m2/repository/org/openapitools/swagger/parser/swagger-parser-v3/2.0.14-OpenAPITools.org-1/swagger-parser-v3-2.0.14-OpenAPITools.org-1.jar:/Users/tkao/.m2/repository/com/samskivert/jmustache/1.14/jmustache-1.14.jar:/Users/tkao/.m2/repository/com/github/jknack/handlebars/4.1.2/handlebars-4.1.2.jar:/Users/tkao/.m2/repository/com/github/jknack/handlebars-jackson2/4.1.2/handlebars-jackson2-4.1.2.jar:/Users/tkao/.m2/repository/commons-io/commons-io/2.4/commons-io-2.4.jar:/Users/tkao/.m2/repository/org/slf4j/slf4j-ext/1.7.25/slf4j-ext-1.7.25.jar:/Users/tkao/.m2/repository/org/apache/commons/commons-lang3/3.7/commons-lang3-3.7.jar:/Users/tkao/.m2/repository/commons-cli/commons-cli/1.2/commons-cli-1.2.jar:/Users/tkao/.m2/repository/com/fasterxml/jackson/datatype/jackson-datatype-guava/2.9.7/jackson-datatype-guava-2.9.7.jar:/Users/tkao/.m2/repository/com/atlassian/commonmark/commonmark/0.11.0/commonmark-0.11.0.jar:/Users/tkao/.m2/repository/com/github/mifmif/generex/1.0.2/generex-1.0.2.jar:/Users/tkao/.m2/repository/dk/brics/automaton/automaton/1.11-8/automaton-1.11-8.jar:/Users/tkao/.m2/repository/com/fasterxml/jackson/datatype/jackson-datatype-joda/2.9.7/jackson-datatype-joda-2.9.7.jar:/Users/tkao/.m2/repository/joda-time/joda-time/2.9.9/joda-time-2.9.9.jar:/Users/tkao/.m2/repository/com/github/joschi/jackson/jackson-datatype-threetenbp/2.6.4/jackson-datatype-threetenbp-2.6.4.jar:/Users/tkao/.m2/repository/org/threeten/threetenbp/1.3.1/threetenbp-1.3.1.jar:/Users/tkao/git/openapi-generator/modules/openapi-generator-core/target/openapi-generator-core-4.1.1.jar:/Users/tkao/.m2/repository/org/springframework/boot/spring-boot-starter-test/2.0.7.RELEASE/spring-boot-starter-test-2.0.7.RELEASE.jar:/Users/tkao/.m2/repository/org/springframework/boot/spring-boot-test-autoconfigure/2.0.7.RELEASE/spring-boot-test-autoconfigure-2.0.7.RELEASE.jar:/Users/tkao/.m2/repository/com/jayway/jsonpath/json-path/2.4.0/json-path-2.4.0.jar:/Users/tkao/.m2/repository/net/minidev/json-smart/2.3/json-smart-2.3.jar:/Users/tkao/.m2/repository/net/minidev/accessors-smart/1.2/accessors-smart-1.2.jar:/Users/tkao/.m2/repository/org/ow2/asm/asm/5.0.4/asm-5.0.4.jar:/Users/tkao/.m2/repository/junit/junit/4.12/junit-4.12.jar:/Users/tkao/.m2/repository/org/assertj/assertj-core/3.9.1/assertj-core-3.9.1.jar:/Users/tkao/.m2/repository/org/mockito/mockito-core/2.15.0/mockito-core-2.15.0.jar:/Users/tkao/.m2/repository/net/bytebuddy/byte-buddy/1.7.11/byte-buddy-1.7.11.jar:/Users/tkao/.m2/repository/net/bytebuddy/byte-buddy-agent/1.7.11/byte-buddy-agent-1.7.11.jar:/Users/tkao/.m2/repository/org/objenesis/objenesis/2.6/objenesis-2.6.jar:/Users/tkao/.m2/repository/org/hamcrest/hamcrest-core/1.3/hamcrest-core-1.3.jar:/Users/tkao/.m2/repository/org/hamcrest/hamcrest-library/1.3/hamcrest-library-1.3.jar:/Users/tkao/.m2/repository/org/skyscreamer/jsonassert/1.5.0/jsonassert-1.5.0.jar:/Users/tkao/.m2/repository/com/vaadin/external/google/android-json/0.0.20131108.vaadin1/android-json-0.0.20131108.vaadin1.jar:/Users/tkao/.m2/repository/org/springframework/spring-core/5.0.11.RELEASE/spring-core-5.0.11.RELEASE.jar:/Users/tkao/.m2/repository/org/springframework/spring-jcl/5.0.11.RELEASE/spring-jcl-5.0.11.RELEASE.jar:/Users/tkao/.m2/repository/org/springframework/spring-test/5.0.11.RELEASE/spring-test-5.0.11.RELEASE.jar:/Users/tkao/.m2/repository/org/xmlunit/xmlunit-core/2.5.1/xmlunit-core-2.5.1.jar:/Users/tkao/.m2/repository/org/springframework/boot/spring-boot-test/2.0.7.RELEASE/spring-boot-test-2.0.7.RELEASE.jar:/Users/tkao/.m2/repository/org/springframework/boot/spring-boot/2.0.7.RELEASE/spring-boot-2.0.7.RELEASE.jar:/Users/tkao/.m2/repository/org/hamcrest/java-hamcrest/2.0.0.0/java-hamcrest-2.0.0.0.jar:"/>
    <property name="sun.cpu.endian" value="little"/>
    <property name="user.home" value="/Users/tkao"/>
    <property name="user.language" value="en"/>
    <property name="java.specification.vendor" value="Oracle Corporation"/>
    <property name="java.home" value="/Library/Java/JavaVirtualMachines/jdk1.8.0_162.jdk/Contents/Home/jre"/>
    <property name="basedir" value="/Users/tkao/git/openapi-generator/modules/openapi-generator-online"/>
    <property name="file.separator" value="/"/>
    <property name="line.separator" value="&#10;"/>
    <property name="java.vm.specification.vendor" value="Oracle Corporation"/>
    <property name="java.specification.name" value="Java Platform API Specification"/>
    <property name="java.awt.graphicsenv" value="sun.awt.CGraphicsEnvironment"/>
    <property name="java.awt.headless" value="true"/>
    <property name="sun.boot.class.path" value="/Library/Java/JavaVirtualMachines/jdk1.8.0_162.jdk/Contents/Home/jre/lib/resources.jar:/Library/Java/JavaVirtualMachines/jdk1.8.0_162.jdk/Contents/Home/jre/lib/rt.jar:/Library/Java/JavaVirtualMachines/jdk1.8.0_162.jdk/Contents/Home/jre/lib/sunrsasign.jar:/Library/Java/JavaVirtualMachines/jdk1.8.0_162.jdk/Contents/Home/jre/lib/jsse.jar:/Library/Java/JavaVirtualMachines/jdk1.8.0_162.jdk/Contents/Home/jre/lib/jce.jar:/Library/Java/JavaVirtualMachines/jdk1.8.0_162.jdk/Contents/Home/jre/lib/charsets.jar:/Library/Java/JavaVirtualMachines/jdk1.8.0_162.jdk/Contents/Home/jre/lib/jfr.jar:/Library/Java/JavaVirtualMachines/jdk1.8.0_162.jdk/Contents/Home/jre/classes"/>
    <property name="sun.management.compiler" value="HotSpot 64-Bit Tiered Compilers"/>
    <property name="ftp.nonProxyHosts" value="local|*.local|169.254/16|*.169.254/16"/>
    <property name="java.runtime.version" value="1.8.0_162-b12"/>
    <property name="user.name" value="tkao"/>
    <property name="path.separator" value=":"/>
    <property name="os.version" value="10.13.3"/>
    <property name="java.endorsed.dirs" value="/Library/Java/JavaVirtualMachines/jdk1.8.0_162.jdk/Contents/Home/jre/lib/endorsed"/>
    <property name="java.runtime.name" value="Java(TM) SE Runtime Environment"/>
    <property name="file.encoding" value="UTF-8"/>
    <property name="java.vm.name" value="Java HotSpot(TM) 64-Bit Server VM"/>
    <property name="localRepository" value="/Users/tkao/.m2/repository"/>
    <property name="java.vendor.url.bug" value="http://bugreport.sun.com/bugreport/"/>
    <property name="java.io.tmpdir" value="/var/folders/8r/_00fv4cx7yq511hryxcrkkzc0000gn/T/"/>
    <property name="java.version" value="1.8.0_162"/>
    <property name="user.dir" value="/Users/tkao/git/openapi-generator/modules/openapi-generator-online"/>
    <property name="os.arch" value="x86_64"/>
    <property name="java.vm.specification.name" value="Java Virtual Machine Specification"/>
    <property name="java.awt.printerjob" value="sun.lwawt.macosx.CPrinterJob"/>
    <property name="sun.os.patch.level" value="unknown"/>
    <property name="java.library.path" value="/Users/tkao/Library/Java/Extensions:/Library/Java/Extensions:/Network/Library/Java/Extensions:/System/Library/Java/Extensions:/usr/lib/java:."/>
    <property name="java.vm.info" value="mixed mode"/>
    <property name="java.vendor" value="Oracle Corporation"/>
    <property name="java.vm.version" value="25.162-b12"/>
    <property name="java.ext.dirs" value="/Users/tkao/Library/Java/Extensions:/Library/Java/JavaVirtualMachines/jdk1.8.0_162.jdk/Contents/Home/jre/lib/ext:/Library/Java/Extensions:/Network/Library/Java/Extensions:/System/Library/Java/Extensions:/usr/lib/java"/>
    <property name="sun.io.unicode.encoding" value="UnicodeBig"/>
    <property name="java.class.version" value="52.0"/>
    <property name="socksNonProxyHosts" value="local|*.local|169.254/16|*.169.254/16"/>
  </properties>
</testsuite>