<?xml version="1.0" encoding="UTF-8"?>
<testsuite xmlns:xsi="http://www.w3.org/2001/XMLSchema-instance" xsi:noNamespaceSchemaLocation="https://maven.apache.org/surefire/maven-surefire-plugin/xsd/surefire-test-report-3.0.xsd" version="3.0" name="TestSuite" time="0.431" tests="11" errors="0" skipped="0" failures="0">
  <properties>
    <property name="gopherProxySet" value="false"/>
    <property name="awt.toolkit" value="sun.lwawt.macosx.LWCToolkit"/>
    <property name="file.encoding.pkg" value="sun.io"/>
    <property name="java.specification.version" value="1.8"/>
    <property name="sun.cpu.isalist" value=""/>
    <property name="sun.jnu.encoding" value="UTF-8"/>
    <property name="java.class.path" value="/Users/tkao/.m2/repository/org/apache/maven/surefire/surefire-booter/3.0.0-M3/surefire-booter-3.0.0-M3.jar:/Users/tkao/.m2/repository/org/apache/maven/surefire/surefire-api/3.0.0-M3/surefire-api-3.0.0-M3.jar:/Users/tkao/.m2/repository/org/apache/maven/surefire/surefire-logger-api/3.0.0-M3/surefire-logger-api-3.0.0-M3.jar:/Users/tkao/git/openapi-generator/modules/openapi-generator-core/target/test-classes:/Users/tkao/git/openapi-generator/modules/openapi-generator-core/target/classes:/Users/tkao/.m2/repository/com/google/guava/guava/26.0-jre/guava-26.0-jre.jar:/Users/tkao/.m2/repository/com/google/code/findbugs/jsr305/3.0.2/jsr305-3.0.2.jar:/Users/tkao/.m2/repository/org/checkerframework/checker-qual/2.5.2/checker-qual-2.5.2.jar:/Users/tkao/.m2/repository/com/google/errorprone/error_prone_annotations/2.1.3/error_prone_annotations-2.1.3.jar:/Users/tkao/.m2/repository/com/google/j2objc/j2objc-annotations/1.1/j2objc-annotations-1.1.jar:/Users/tkao/.m2/repository/org/codehaus/mojo/animal-sniffer-annotations/1.14/animal-sniffer-annotations-1.14.jar:/Users/tkao/.m2/repository/org/slf4j/slf4j-api/1.7.12/slf4j-api-1.7.12.jar:/Users/tkao/.m2/repository/org/testng/testng/6.14.3/testng-6.14.3.jar:/Users/tkao/.m2/repository/com/beust/jcommander/1.72/jcommander-1.72.jar:/Users/tkao/.m2/repository/org/apache-extras/beanshell/bsh/2.0b6/bsh-2.0b6.jar:/Users/tkao/.m2/repository/org/apache/maven/surefire/surefire-testng/3.0.0-M3/surefire-testng-3.0.0-M3.jar:/Users/tkao/.m2/repository/org/apache/maven/surefire/common-java5/3.0.0-M3/common-java5-3.0.0-M3.jar:/Users/tkao/.m2/repository/org/apache/maven/surefire/surefire-testng-utils/3.0.0-M3/surefire-testng-utils-3.0.0-M3.jar:/Users/tkao/.m2/repository/org/apache/maven/surefire/surefire-grouper/3.0.0-M3/surefire-grouper-3.0.0-M3.jar:/Users/tkao/.m2/repository/org/jmockit/jmockit/1.46/jmockit-1.46.jar"/>
    <property name="java.vm.vendor" value="Oracle Corporation"/>
    <property name="sun.arch.data.model" value="64"/>
    <property name="java.vendor.url" value="http://java.oracle.com/"/>
    <property name="user.timezone" value=""/>
    <property name="java.vm.specification.version" value="1.8"/>
    <property name="os.name" value="Mac OS X"/>
    <property name="user.country" value="US"/>
    <property name="sun.java.launcher" value="SUN_STANDARD"/>
    <property name="sun.boot.library.path" value="/Library/Java/JavaVirtualMachines/jdk1.8.0_162.jdk/Contents/Home/jre/lib"/>
    <property name="sun.java.command" value="org.apache.maven.surefire.booter.ForkedBooter /Users/tkao/git/openapi-generator/modules/openapi-generator-core/target/surefire 2019-08-29T10-39-59_623-jvmRun1 surefire1701495201734283316tmp surefire_01809215712495506331tmp"/>
    <property name="http.nonProxyHosts" value="local|*.local|169.254/16|*.169.254/16"/>
    <property name="surefire.test.class.path" value="/Users/tkao/git/openapi-generator/modules/openapi-generator-core/target/test-classes:/Users/tkao/git/openapi-generator/modules/openapi-generator-core/target/classes:/Users/tkao/.m2/repository/com/google/guava/guava/26.0-jre/guava-26.0-jre.jar:/Users/tkao/.m2/repository/com/google/code/findbugs/jsr305/3.0.2/jsr305-3.0.2.jar:/Users/tkao/.m2/repository/org/checkerframework/checker-qual/2.5.2/checker-qual-2.5.2.jar:/Users/tkao/.m2/repository/com/google/errorprone/error_prone_annotations/2.1.3/error_prone_annotations-2.1.3.jar:/Users/tkao/.m2/repository/com/google/j2objc/j2objc-annotations/1.1/j2objc-annotations-1.1.jar:/Users/tkao/.m2/repository/org/codehaus/mojo/animal-sniffer-annotations/1.14/animal-sniffer-annotations-1.14.jar:/Users/tkao/.m2/repository/org/slf4j/slf4j-api/1.7.12/slf4j-api-1.7.12.jar:/Users/tkao/.m2/repository/org/testng/testng/6.14.3/testng-6.14.3.jar:/Users/tkao/.m2/repository/com/beust/jcommander/1.72/jcommander-1.72.jar:/Users/tkao/.m2/repository/org/apache-extras/beanshell/bsh/2.0b6/bsh-2.0b6.jar:"/>
    <property name="sun.cpu.endian" value="little"/>
    <property name="user.home" value="/Users/tkao"/>
    <property name="user.language" value="en"/>
    <property name="java.specification.vendor" value="Oracle Corporation"/>
    <property name="java.home" value="/Library/Java/JavaVirtualMachines/jdk1.8.0_162.jdk/Contents/Home/jre"/>
    <property name="basedir" value="/Users/tkao/git/openapi-generator/modules/openapi-generator-core"/>
    <property name="file.separator" value="/"/>
    <property name="line.separator" value="&#10;"/>
    <property name="java.vm.specification.vendor" value="Oracle Corporation"/>
    <property name="java.specification.name" value="Java Platform API Specification"/>
    <property name="java.awt.graphicsenv" value="sun.awt.CGraphicsEnvironment"/>
    <property name="java.awt.headless" value="true"/>
    <property name="sun.boot.class.path" value="/Library/Java/JavaVirtualMachines/jdk1.8.0_162.jdk/Contents/Home/jre/lib/resources.jar:/Library/Java/JavaVirtualMachines/jdk1.8.0_162.jdk/Contents/Home/jre/lib/rt.jar:/Library/Java/JavaVirtualMachines/jdk1.8.0_162.jdk/Contents/Home/jre/lib/sunrsasign.jar:/Library/Java/JavaVirtualMachines/jdk1.8.0_162.jdk/Contents/Home/jre/lib/jsse.jar:/Library/Java/JavaVirtualMachines/jdk1.8.0_162.jdk/Contents/Home/jre/lib/jce.jar:/Library/Java/JavaVirtualMachines/jdk1.8.0_162.jdk/Contents/Home/jre/lib/charsets.jar:/Library/Java/JavaVirtualMachines/jdk1.8.0_162.jdk/Contents/Home/jre/lib/jfr.jar:/Library/Java/JavaVirtualMachines/jdk1.8.0_162.jdk/Contents/Home/jre/classes"/>
    <property name="sun.management.compiler" value="HotSpot 64-Bit Tiered Compilers"/>
    <property name="ftp.nonProxyHosts" value="local|*.local|169.254/16|*.169.254/16"/>
    <property name="java.runtime.version" value="1.8.0_162-b12"/>
    <property name="user.name" value="tkao"/>
    <property name="path.separator" value=":"/>
    <property name="os.version" value="10.13.3"/>
    <property name="java.endorsed.dirs" value="/Library/Java/JavaVirtualMachines/jdk1.8.0_162.jdk/Contents/Home/jre/lib/endorsed"/>
    <property name="java.runtime.name" value="Java(TM) SE Runtime Environment"/>
    <property name="file.encoding" value="UTF-8"/>
    <property name="java.vm.name" value="Java HotSpot(TM) 64-Bit Server VM"/>
    <property name="localRepository" value="/Users/tkao/.m2/repository"/>
    <property name="java.vendor.url.bug" value="http://bugreport.sun.com/bugreport/"/>
    <property name="java.io.tmpdir" value="/var/folders/8r/_00fv4cx7yq511hryxcrkkzc0000gn/T/"/>
    <property name="java.version" value="1.8.0_162"/>
    <property name="user.dir" value="/Users/tkao/git/openapi-generator/modules/openapi-generator-core"/>
    <property name="os.arch" value="x86_64"/>
    <property name="java.vm.specification.name" value="Java Virtual Machine Specification"/>
    <property name="java.awt.printerjob" value="sun.lwawt.macosx.CPrinterJob"/>
    <property name="sun.os.patch.level" value="unknown"/>
    <property name="java.library.path" value="/Users/tkao/Library/Java/Extensions:/Library/Java/Extensions:/Network/Library/Java/Extensions:/System/Library/Java/Extensions:/usr/lib/java:."/>
    <property name="java.vm.info" value="mixed mode"/>
    <property name="java.vendor" value="Oracle Corporation"/>
    <property name="java.vm.version" value="25.162-b12"/>
    <property name="java.ext.dirs" value="/Users/tkao/Library/Java/Extensions:/Library/Java/JavaVirtualMachines/jdk1.8.0_162.jdk/Contents/Home/jre/lib/ext:/Library/Java/Extensions:/Network/Library/Java/Extensions:/System/Library/Java/Extensions:/usr/lib/java"/>
    <property name="sun.io.unicode.encoding" value="UnicodeBig"/>
    <property name="java.class.version" value="52.0"/>
    <property name="socksNonProxyHosts" value="local|*.local|169.254/16|*.169.254/16"/>
  </properties>
  <testcase name="defaultValuesCanBeChangedBuilder" classname="org.openapitools.codegen.config.WorkflowSettingsTest" time="0.073"/>
  <testcase name="defaultValuesCanBeChangedClassConstructor" classname="org.openapitools.codegen.config.WorkflowSettingsTest" time="0"/>
  <testcase name="defaultValuesNotOverriddenByNulls" classname="org.openapitools.codegen.config.WorkflowSettingsTest" time="0"/>
  <testcase name="createMethodUsingLambda" classname="org.openapitools.codegen.validation.ValidationRuleTest" time="0.001"/>
  <testcase name="createMethodUsingMethodReference" classname="org.openapitools.codegen.validation.ValidationRuleTest" time="0.001"/>
  <testcase name="isValidFalseForInvalidType" classname="org.openapitools.codegen.validation.ValidatedTest" time="0.004"/>
  <testcase name="isValidTrueForValidType" classname="org.openapitools.codegen.validation.ValidatedTest" time="0"/>
  <testcase name="testGenericValidatorErrorsAndWarnings" classname="org.openapitools.codegen.validation.GenericValidatorTest" time="0.018"/>
  <testcase name="testGenericValidatorMultipleConditionsFail" classname="org.openapitools.codegen.validation.GenericValidatorTest" time="0.001"/>
  <testcase name="testGenericValidatorSingleConditionFails" classname="org.openapitools.codegen.validation.GenericValidatorTest" time="0"/>
  <testcase name="testGenericValidatorSuccesses" classname="org.openapitools.codegen.validation.GenericValidatorTest" time="0"/>
</testsuite>