<?xml version="1.0" encoding="UTF-8"?>
<testsuite xmlns:xsi="http://www.w3.org/2001/XMLSchema-instance" xsi:noNamespaceSchemaLocation="https://maven.apache.org/surefire/maven-surefire-plugin/xsd/surefire-test-report-3.0.xsd" version="3.0" name="TestSuite" time="1.102" tests="24" errors="0" skipped="0" failures="0">
  <properties>
    <property name="gopherProxySet" value="false"/>
    <property name="awt.toolkit" value="sun.lwawt.macosx.LWCToolkit"/>
    <property name="file.encoding.pkg" value="sun.io"/>
    <property name="java.specification.version" value="1.8"/>
    <property name="sun.cpu.isalist" value=""/>
    <property name="sun.jnu.encoding" value="UTF-8"/>
    <property name="java.class.path" value="/Users/tkao/.m2/repository/org/apache/maven/surefire/surefire-booter/3.0.0-M3/surefire-booter-3.0.0-M3.jar:/Users/tkao/.m2/repository/org/apache/maven/surefire/surefire-api/3.0.0-M3/surefire-api-3.0.0-M3.jar:/Users/tkao/.m2/repository/org/apache/maven/surefire/surefire-logger-api/3.0.0-M3/surefire-logger-api-3.0.0-M3.jar:/Users/tkao/git/openapi-generator/modules/openapi-generator-cli/target/test-classes:/Users/tkao/git/openapi-generator/modules/openapi-generator-cli/target/classes:/Users/tkao/git/openapi-generator/modules/openapi-generator/target/openapi-generator-4.1.1.jar:/Users/tkao/.m2/repository/io/swagger/core/v3/swagger-core/2.0.9/swagger-core-2.0.9.jar:/Users/tkao/.m2/repository/javax/xml/bind/jaxb-api/2.3.0/jaxb-api-2.3.0.jar:/Users/tkao/.m2/repository/com/fasterxml/jackson/core/jackson-annotations/2.9.9/jackson-annotations-2.9.9.jar:/Users/tkao/.m2/repository/com/fasterxml/jackson/core/jackson-databind/2.9.9/jackson-databind-2.9.9.jar:/Users/tkao/.m2/repository/com/fasterxml/jackson/dataformat/jackson-dataformat-yaml/2.9.9/jackson-dataformat-yaml-2.9.9.jar:/Users/tkao/.m2/repository/org/yaml/snakeyaml/1.23/snakeyaml-1.23.jar:/Users/tkao/.m2/repository/io/swagger/core/v3/swagger-annotations/2.0.9/swagger-annotations-2.0.9.jar:/Users/tkao/.m2/repository/io/swagger/core/v3/swagger-models/2.0.9/swagger-models-2.0.9.jar:/Users/tkao/.m2/repository/javax/validation/validation-api/1.1.0.Final/validation-api-1.1.0.Final.jar:/Users/tkao/.m2/repository/org/openapitools/swagger/parser/swagger-parser/2.0.14-OpenAPITools.org-1/swagger-parser-2.0.14-OpenAPITools.org-1.jar:/Users/tkao/.m2/repository/org/openapitools/swagger/parser/swagger-parser-v2-converter/2.0.14-OpenAPITools.org-1/swagger-parser-v2-converter-2.0.14-OpenAPITools.org-1.jar:/Users/tkao/.m2/repository/io/swagger/swagger-parser/1.0.46/swagger-parser-1.0.46.jar:/Users/tkao/.m2/repository/io/swagger/swagger-core/1.5.23/swagger-core-1.5.23.jar:/Users/tkao/.m2/repository/io/swagger/swagger-models/1.5.23/swagger-models-1.5.23.jar:/Users/tkao/.m2/repository/io/swagger/swagger-annotations/1.5.23/swagger-annotations-1.5.23.jar:/Users/tkao/.m2/repository/io/swagger/swagger-compat-spec-parser/1.0.46/swagger-compat-spec-parser-1.0.46.jar:/Users/tkao/.m2/repository/com/github/java-json-tools/json-schema-validator/2.2.8/json-schema-validator-2.2.8.jar:/Users/tkao/.m2/repository/com/github/java-json-tools/json-schema-core/1.2.8/json-schema-core-1.2.8.jar:/Users/tkao/.m2/repository/org/mozilla/rhino/1.7R4/rhino-1.7R4.jar:/Users/tkao/.m2/repository/com/github/fge/uri-template/0.9/uri-template-0.9.jar:/Users/tkao/.m2/repository/javax/mail/mailapi/1.4.3/mailapi-1.4.3.jar:/Users/tkao/.m2/repository/javax/activation/activation/1.1/activation-1.1.jar:/Users/tkao/.m2/repository/com/googlecode/libphonenumber/libphonenumber/8.0.0/libphonenumber-8.0.0.jar:/Users/tkao/.m2/repository/net/sf/jopt-simple/jopt-simple/5.0.3/jopt-simple-5.0.3.jar:/Users/tkao/.m2/repository/com/github/fge/json-patch/1.6/json-patch-1.6.jar:/Users/tkao/.m2/repository/com/github/fge/jackson-coreutils/1.6/jackson-coreutils-1.6.jar:/Users/tkao/.m2/repository/com/github/fge/msg-simple/1.1/msg-simple-1.1.jar:/Users/tkao/.m2/repository/com/github/fge/btf/1.2/btf-1.2.jar:/Users/tkao/.m2/repository/org/apache/httpcomponents/httpclient/4.5.2/httpclient-4.5.2.jar:/Users/tkao/.m2/repository/org/apache/httpcomponents/httpcore/4.4.4/httpcore-4.4.4.jar:/Users/tkao/.m2/repository/commons-logging/commons-logging/1.2/commons-logging-1.2.jar:/Users/tkao/.m2/repository/commons-codec/commons-codec/1.9/commons-codec-1.9.jar:/Users/tkao/.m2/repository/org/openapitools/swagger/parser/swagger-parser-core/2.0.14-OpenAPITools.org-1/swagger-parser-core-2.0.14-OpenAPITools.org-1.jar:/Users/tkao/.m2/repository/org/openapitools/swagger/parser/swagger-parser-v3/2.0.14-OpenAPITools.org-1/swagger-parser-v3-2.0.14-OpenAPITools.org-1.jar:/Users/tkao/.m2/repository/com/samskivert/jmustache/1.14/jmustache-1.14.jar:/Users/tkao/.m2/repository/com/github/jknack/handlebars/4.1.2/handlebars-4.1.2.jar:/Users/tkao/.m2/repository/com/github/jknack/handlebars-jackson2/4.1.2/handlebars-jackson2-4.1.2.jar:/Users/tkao/.m2/repository/commons-io/commons-io/2.4/commons-io-2.4.jar:/Users/tkao/.m2/repository/org/slf4j/slf4j-ext/1.7.12/slf4j-ext-1.7.12.jar:/Users/tkao/.m2/repository/ch/qos/cal10n/cal10n-api/0.8.1/cal10n-api-0.8.1.jar:/Users/tkao/.m2/repository/org/slf4j/slf4j-api/1.7.12/slf4j-api-1.7.12.jar:/Users/tkao/.m2/repository/org/apache/commons/commons-lang3/3.4/commons-lang3-3.4.jar:/Users/tkao/.m2/repository/commons-cli/commons-cli/1.2/commons-cli-1.2.jar:/Users/tkao/.m2/repository/com/google/guava/guava/26.0-jre/guava-26.0-jre.jar:/Users/tkao/.m2/repository/org/checkerframework/checker-qual/2.5.2/checker-qual-2.5.2.jar:/Users/tkao/.m2/repository/com/google/errorprone/error_prone_annotations/2.1.3/error_prone_annotations-2.1.3.jar:/Users/tkao/.m2/repository/com/google/j2objc/j2objc-annotations/1.1/j2objc-annotations-1.1.jar:/Users/tkao/.m2/repository/org/codehaus/mojo/animal-sniffer-annotations/1.14/animal-sniffer-annotations-1.14.jar:/Users/tkao/.m2/repository/com/fasterxml/jackson/datatype/jackson-datatype-guava/2.9.5/jackson-datatype-guava-2.9.5.jar:/Users/tkao/.m2/repository/com/fasterxml/jackson/core/jackson-core/2.9.5/jackson-core-2.9.5.jar:/Users/tkao/.m2/repository/com/atlassian/commonmark/commonmark/0.11.0/commonmark-0.11.0.jar:/Users/tkao/.m2/repository/com/github/mifmif/generex/1.0.2/generex-1.0.2.jar:/Users/tkao/.m2/repository/dk/brics/automaton/automaton/1.11-8/automaton-1.11-8.jar:/Users/tkao/.m2/repository/com/fasterxml/jackson/datatype/jackson-datatype-jsr310/2.9.5/jackson-datatype-jsr310-2.9.5.jar:/Users/tkao/.m2/repository/com/fasterxml/jackson/datatype/jackson-datatype-joda/2.9.5/jackson-datatype-joda-2.9.5.jar:/Users/tkao/.m2/repository/joda-time/joda-time/2.7/joda-time-2.7.jar:/Users/tkao/.m2/repository/com/github/joschi/jackson/jackson-datatype-threetenbp/2.6.4/jackson-datatype-threetenbp-2.6.4.jar:/Users/tkao/.m2/repository/org/threeten/threetenbp/1.3.1/threetenbp-1.3.1.jar:/Users/tkao/git/openapi-generator/modules/openapi-generator-core/target/openapi-generator-core-4.1.1.jar:/Users/tkao/.m2/repository/io/airlift/airline/0.8/airline-0.8.jar:/Users/tkao/.m2/repository/javax/inject/javax.inject/1/javax.inject-1.jar:/Users/tkao/.m2/repository/com/google/code/findbugs/jsr305/3.0.2/jsr305-3.0.2.jar:/Users/tkao/.m2/repository/com/googlecode/lambdaj/lambdaj/2.3.3/lambdaj-2.3.3.jar:/Users/tkao/.m2/repository/org/hamcrest/hamcrest-all/1.1/hamcrest-all-1.1.jar:/Users/tkao/.m2/repository/org/objenesis/objenesis/1.2/objenesis-1.2.jar:/Users/tkao/.m2/repository/cglib/cglib-nodep/2.2/cglib-nodep-2.2.jar:/Users/tkao/.m2/repository/ch/qos/logback/logback-classic/1.2.3/logback-classic-1.2.3.jar:/Users/tkao/.m2/repository/ch/qos/logback/logback-core/1.2.3/logback-core-1.2.3.jar:/Users/tkao/.m2/repository/org/testng/testng/6.14.3/testng-6.14.3.jar:/Users/tkao/.m2/repository/com/beust/jcommander/1.72/jcommander-1.72.jar:/Users/tkao/.m2/repository/org/apache-extras/beanshell/bsh/2.0b6/bsh-2.0b6.jar:/Users/tkao/.m2/repository/org/jmockit/jmockit/1.46/jmockit-1.46.jar:/Users/tkao/.m2/repository/org/apache/maven/surefire/surefire-testng/3.0.0-M3/surefire-testng-3.0.0-M3.jar:/Users/tkao/.m2/repository/org/apache/maven/surefire/common-java5/3.0.0-M3/common-java5-3.0.0-M3.jar:/Users/tkao/.m2/repository/org/apache/maven/surefire/surefire-testng-utils/3.0.0-M3/surefire-testng-utils-3.0.0-M3.jar:/Users/tkao/.m2/repository/org/apache/maven/surefire/surefire-grouper/3.0.0-M3/surefire-grouper-3.0.0-M3.jar:/Users/tkao/.m2/repository/org/jmockit/jmockit/1.46/jmockit-1.46.jar"/>
    <property name="java.vm.vendor" value="Oracle Corporation"/>
    <property name="sun.arch.data.model" value="64"/>
    <property name="java.vendor.url" value="http://java.oracle.com/"/>
    <property name="user.timezone" value=""/>
    <property name="java.vm.specification.version" value="1.8"/>
    <property name="os.name" value="Mac OS X"/>
    <property name="user.country" value="US"/>
    <property name="sun.java.launcher" value="SUN_STANDARD"/>
    <property name="sun.boot.library.path" value="/Library/Java/JavaVirtualMachines/jdk1.8.0_162.jdk/Contents/Home/jre/lib"/>
    <property name="sun.java.command" value="org.apache.maven.surefire.booter.ForkedBooter /Users/tkao/git/openapi-generator/modules/openapi-generator-cli/target/surefire 2019-10-01T13-46-13_273-jvmRun1 surefire4555535061026114985tmp surefire_14541755006810582815tmp"/>
    <property name="surefire.test.class.path" value="/Users/tkao/git/openapi-generator/modules/openapi-generator-cli/target/test-classes:/Users/tkao/git/openapi-generator/modules/openapi-generator-cli/target/classes:/Users/tkao/git/openapi-generator/modules/openapi-generator/target/openapi-generator-4.1.1.jar:/Users/tkao/.m2/repository/io/swagger/core/v3/swagger-core/2.0.9/swagger-core-2.0.9.jar:/Users/tkao/.m2/repository/javax/xml/bind/jaxb-api/2.3.0/jaxb-api-2.3.0.jar:/Users/tkao/.m2/repository/com/fasterxml/jackson/core/jackson-annotations/2.9.9/jackson-annotations-2.9.9.jar:/Users/tkao/.m2/repository/com/fasterxml/jackson/core/jackson-databind/2.9.9/jackson-databind-2.9.9.jar:/Users/tkao/.m2/repository/com/fasterxml/jackson/dataformat/jackson-dataformat-yaml/2.9.9/jackson-dataformat-yaml-2.9.9.jar:/Users/tkao/.m2/repository/org/yaml/snakeyaml/1.23/snakeyaml-1.23.jar:/Users/tkao/.m2/repository/io/swagger/core/v3/swagger-annotations/2.0.9/swagger-annotations-2.0.9.jar:/Users/tkao/.m2/repository/io/swagger/core/v3/swagger-models/2.0.9/swagger-models-2.0.9.jar:/Users/tkao/.m2/repository/javax/validation/validation-api/1.1.0.Final/validation-api-1.1.0.Final.jar:/Users/tkao/.m2/repository/org/openapitools/swagger/parser/swagger-parser/2.0.14-OpenAPITools.org-1/swagger-parser-2.0.14-OpenAPITools.org-1.jar:/Users/tkao/.m2/repository/org/openapitools/swagger/parser/swagger-parser-v2-converter/2.0.14-OpenAPITools.org-1/swagger-parser-v2-converter-2.0.14-OpenAPITools.org-1.jar:/Users/tkao/.m2/repository/io/swagger/swagger-parser/1.0.46/swagger-parser-1.0.46.jar:/Users/tkao/.m2/repository/io/swagger/swagger-core/1.5.23/swagger-core-1.5.23.jar:/Users/tkao/.m2/repository/io/swagger/swagger-models/1.5.23/swagger-models-1.5.23.jar:/Users/tkao/.m2/repository/io/swagger/swagger-annotations/1.5.23/swagger-annotations-1.5.23.jar:/Users/tkao/.m2/repository/io/swagger/swagger-compat-spec-parser/1.0.46/swagger-compat-spec-parser-1.0.46.jar:/Users/tkao/.m2/repository/com/github/java-json-tools/json-schema-validator/2.2.8/json-schema-validator-2.2.8.jar:/Users/tkao/.m2/repository/com/github/java-json-tools/json-schema-core/1.2.8/json-schema-core-1.2.8.jar:/Users/tkao/.m2/repository/org/mozilla/rhino/1.7R4/rhino-1.7R4.jar:/Users/tkao/.m2/repository/com/github/fge/uri-template/0.9/uri-template-0.9.jar:/Users/tkao/.m2/repository/javax/mail/mailapi/1.4.3/mailapi-1.4.3.jar:/Users/tkao/.m2/repository/javax/activation/activation/1.1/activation-1.1.jar:/Users/tkao/.m2/repository/com/googlecode/libphonenumber/libphonenumber/8.0.0/libphonenumber-8.0.0.jar:/Users/tkao/.m2/repository/net/sf/jopt-simple/jopt-simple/5.0.3/jopt-simple-5.0.3.jar:/Users/tkao/.m2/repository/com/github/fge/json-patch/1.6/json-patch-1.6.jar:/Users/tkao/.m2/repository/com/github/fge/jackson-coreutils/1.6/jackson-coreutils-1.6.jar:/Users/tkao/.m2/repository/com/github/fge/msg-simple/1.1/msg-simple-1.1.jar:/Users/tkao/.m2/repository/com/github/fge/btf/1.2/btf-1.2.jar:/Users/tkao/.m2/repository/org/apache/httpcomponents/httpclient/4.5.2/httpclient-4.5.2.jar:/Users/tkao/.m2/repository/org/apache/httpcomponents/httpcore/4.4.4/httpcore-4.4.4.jar:/Users/tkao/.m2/repository/commons-logging/commons-logging/1.2/commons-logging-1.2.jar:/Users/tkao/.m2/repository/commons-codec/commons-codec/1.9/commons-codec-1.9.jar:/Users/tkao/.m2/repository/org/openapitools/swagger/parser/swagger-parser-core/2.0.14-OpenAPITools.org-1/swagger-parser-core-2.0.14-OpenAPITools.org-1.jar:/Users/tkao/.m2/repository/org/openapitools/swagger/parser/swagger-parser-v3/2.0.14-OpenAPITools.org-1/swagger-parser-v3-2.0.14-OpenAPITools.org-1.jar:/Users/tkao/.m2/repository/com/samskivert/jmustache/1.14/jmustache-1.14.jar:/Users/tkao/.m2/repository/com/github/jknack/handlebars/4.1.2/handlebars-4.1.2.jar:/Users/tkao/.m2/repository/com/github/jknack/handlebars-jackson2/4.1.2/handlebars-jackson2-4.1.2.jar:/Users/tkao/.m2/repository/commons-io/commons-io/2.4/commons-io-2.4.jar:/Users/tkao/.m2/repository/org/slf4j/slf4j-ext/1.7.12/slf4j-ext-1.7.12.jar:/Users/tkao/.m2/repository/ch/qos/cal10n/cal10n-api/0.8.1/cal10n-api-0.8.1.jar:/Users/tkao/.m2/repository/org/slf4j/slf4j-api/1.7.12/slf4j-api-1.7.12.jar:/Users/tkao/.m2/repository/org/apache/commons/commons-lang3/3.4/commons-lang3-3.4.jar:/Users/tkao/.m2/repository/commons-cli/commons-cli/1.2/commons-cli-1.2.jar:/Users/tkao/.m2/repository/com/google/guava/guava/26.0-jre/guava-26.0-jre.jar:/Users/tkao/.m2/repository/org/checkerframework/checker-qual/2.5.2/checker-qual-2.5.2.jar:/Users/tkao/.m2/repository/com/google/errorprone/error_prone_annotations/2.1.3/error_prone_annotations-2.1.3.jar:/Users/tkao/.m2/repository/com/google/j2objc/j2objc-annotations/1.1/j2objc-annotations-1.1.jar:/Users/tkao/.m2/repository/org/codehaus/mojo/animal-sniffer-annotations/1.14/animal-sniffer-annotations-1.14.jar:/Users/tkao/.m2/repository/com/fasterxml/jackson/datatype/jackson-datatype-guava/2.9.5/jackson-datatype-guava-2.9.5.jar:/Users/tkao/.m2/repository/com/fasterxml/jackson/core/jackson-core/2.9.5/jackson-core-2.9.5.jar:/Users/tkao/.m2/repository/com/atlassian/commonmark/commonmark/0.11.0/commonmark-0.11.0.jar:/Users/tkao/.m2/repository/com/github/mifmif/generex/1.0.2/generex-1.0.2.jar:/Users/tkao/.m2/repository/dk/brics/automaton/automaton/1.11-8/automaton-1.11-8.jar:/Users/tkao/.m2/repository/com/fasterxml/jackson/datatype/jackson-datatype-jsr310/2.9.5/jackson-datatype-jsr310-2.9.5.jar:/Users/tkao/.m2/repository/com/fasterxml/jackson/datatype/jackson-datatype-joda/2.9.5/jackson-datatype-joda-2.9.5.jar:/Users/tkao/.m2/repository/joda-time/joda-time/2.7/joda-time-2.7.jar:/Users/tkao/.m2/repository/com/github/joschi/jackson/jackson-datatype-threetenbp/2.6.4/jackson-datatype-threetenbp-2.6.4.jar:/Users/tkao/.m2/repository/org/threeten/threetenbp/1.3.1/threetenbp-1.3.1.jar:/Users/tkao/git/openapi-generator/modules/openapi-generator-core/target/openapi-generator-core-4.1.1.jar:/Users/tkao/.m2/repository/io/airlift/airline/0.8/airline-0.8.jar:/Users/tkao/.m2/repository/javax/inject/javax.inject/1/javax.inject-1.jar:/Users/tkao/.m2/repository/com/google/code/findbugs/jsr305/3.0.2/jsr305-3.0.2.jar:/Users/tkao/.m2/repository/com/googlecode/lambdaj/lambdaj/2.3.3/lambdaj-2.3.3.jar:/Users/tkao/.m2/repository/org/hamcrest/hamcrest-all/1.1/hamcrest-all-1.1.jar:/Users/tkao/.m2/repository/org/objenesis/objenesis/1.2/objenesis-1.2.jar:/Users/tkao/.m2/repository/cglib/cglib-nodep/2.2/cglib-nodep-2.2.jar:/Users/tkao/.m2/repository/ch/qos/logback/logback-classic/1.2.3/logback-classic-1.2.3.jar:/Users/tkao/.m2/repository/ch/qos/logback/logback-core/1.2.3/logback-core-1.2.3.jar:/Users/tkao/.m2/repository/org/testng/testng/6.14.3/testng-6.14.3.jar:/Users/tkao/.m2/repository/com/beust/jcommander/1.72/jcommander-1.72.jar:/Users/tkao/.m2/repository/org/apache-extras/beanshell/bsh/2.0b6/bsh-2.0b6.jar:/Users/tkao/.m2/repository/org/jmockit/jmockit/1.46/jmockit-1.46.jar:"/>
    <property name="sun.cpu.endian" value="little"/>
    <property name="user.home" value="/Users/tkao"/>
    <property name="user.language" value="en"/>
    <property name="java.specification.vendor" value="Oracle Corporation"/>
    <property name="java.home" value="/Library/Java/JavaVirtualMachines/jdk1.8.0_162.jdk/Contents/Home/jre"/>
    <property name="basedir" value="/Users/tkao/git/openapi-generator/modules/openapi-generator-cli"/>
    <property name="file.separator" value="/"/>
    <property name="line.separator" value="&#10;"/>
    <property name="java.vm.specification.vendor" value="Oracle Corporation"/>
    <property name="java.specification.name" value="Java Platform API Specification"/>
    <property name="java.awt.graphicsenv" value="sun.awt.CGraphicsEnvironment"/>
    <property name="java.awt.headless" value="true"/>
    <property name="sun.boot.class.path" value="/Library/Java/JavaVirtualMachines/jdk1.8.0_162.jdk/Contents/Home/jre/lib/resources.jar:/Library/Java/JavaVirtualMachines/jdk1.8.0_162.jdk/Contents/Home/jre/lib/rt.jar:/Library/Java/JavaVirtualMachines/jdk1.8.0_162.jdk/Contents/Home/jre/lib/sunrsasign.jar:/Library/Java/JavaVirtualMachines/jdk1.8.0_162.jdk/Contents/Home/jre/lib/jsse.jar:/Library/Java/JavaVirtualMachines/jdk1.8.0_162.jdk/Contents/Home/jre/lib/jce.jar:/Library/Java/JavaVirtualMachines/jdk1.8.0_162.jdk/Contents/Home/jre/lib/charsets.jar:/Library/Java/JavaVirtualMachines/jdk1.8.0_162.jdk/Contents/Home/jre/lib/jfr.jar:/Library/Java/JavaVirtualMachines/jdk1.8.0_162.jdk/Contents/Home/jre/classes"/>
    <property name="sun.management.compiler" value="HotSpot 64-Bit Tiered Compilers"/>
    <property name="java.runtime.version" value="1.8.0_162-b12"/>
    <property name="user.name" value="tkao"/>
    <property name="path.separator" value=":"/>
    <property name="os.version" value="10.13.3"/>
    <property name="java.endorsed.dirs" value="/Library/Java/JavaVirtualMachines/jdk1.8.0_162.jdk/Contents/Home/jre/lib/endorsed"/>
    <property name="java.runtime.name" value="Java(TM) SE Runtime Environment"/>
    <property name="file.encoding" value="UTF-8"/>
    <property name="java.vm.name" value="Java HotSpot(TM) 64-Bit Server VM"/>
    <property name="localRepository" value="/Users/tkao/.m2/repository"/>
    <property name="java.vendor.url.bug" value="http://bugreport.sun.com/bugreport/"/>
    <property name="java.io.tmpdir" value="/var/folders/8r/_00fv4cx7yq511hryxcrkkzc0000gn/T/"/>
    <property name="java.version" value="1.8.0_162"/>
    <property name="user.dir" value="/Users/tkao/git/openapi-generator/modules/openapi-generator-cli"/>
    <property name="os.arch" value="x86_64"/>
    <property name="java.vm.specification.name" value="Java Virtual Machine Specification"/>
    <property name="java.awt.printerjob" value="sun.lwawt.macosx.CPrinterJob"/>
    <property name="sun.os.patch.level" value="unknown"/>
    <property name="java.library.path" value="/Users/tkao/Library/Java/Extensions:/Library/Java/Extensions:/Network/Library/Java/Extensions:/System/Library/Java/Extensions:/usr/lib/java:."/>
    <property name="java.vm.info" value="mixed mode"/>
    <property name="java.vendor" value="Oracle Corporation"/>
    <property name="java.vm.version" value="25.162-b12"/>
    <property name="java.ext.dirs" value="/Users/tkao/Library/Java/Extensions:/Library/Java/JavaVirtualMachines/jdk1.8.0_162.jdk/Contents/Home/jre/lib/ext:/Library/Java/Extensions:/Network/Library/Java/Extensions:/System/Library/Java/Extensions:/usr/lib/java"/>
    <property name="sun.io.unicode.encoding" value="UnicodeBig"/>
    <property name="java.class.version" value="52.0"/>
  </properties>
  <testcase name="splitCommaSeparatedList" classname="org.openapitools.codegen.cmd.utils.OptionUtilsTest" time="0.032"/>
  <testcase name="testParseCommaSeparatedTuples" classname="org.openapitools.codegen.cmd.utils.OptionUtilsTest" time="0.002"/>
  <testcase name="testAdditionalProperties" classname="org.openapitools.codegen.cmd.GenerateTest" time="0.512"/>
  <testcase name="testApiPackage" classname="org.openapitools.codegen.cmd.GenerateTest" time="0.008"/>
  <testcase name="testArtifactId" classname="org.openapitools.codegen.cmd.GenerateTest" time="0.006"/>
  <testcase name="testArtifactVersion" classname="org.openapitools.codegen.cmd.GenerateTest" time="0.008"/>
  <testcase name="testAuth" classname="org.openapitools.codegen.cmd.GenerateTest" time="0.019"/>
  <testcase name="testConfigJson" classname="org.openapitools.codegen.cmd.GenerateTest" time="0.011"/>
  <testcase name="testConfigYaml" classname="org.openapitools.codegen.cmd.GenerateTest" time="0.01"/>
  <testcase name="testGroupId" classname="org.openapitools.codegen.cmd.GenerateTest" time="0.005"/>
  <testcase name="testImportMappings" classname="org.openapitools.codegen.cmd.GenerateTest" time="0.01"/>
  <testcase name="testInstantiationTypes" classname="org.openapitools.codegen.cmd.GenerateTest" time="0.01"/>
  <testcase name="testInvokerPackage" classname="org.openapitools.codegen.cmd.GenerateTest" time="0.004"/>
  <testcase name="testLanguageSpecificPrimitives" classname="org.openapitools.codegen.cmd.GenerateTest" time="0.004"/>
  <testcase name="testLibrary" classname="org.openapitools.codegen.cmd.GenerateTest" time="0.005"/>
  <testcase name="testModelPackage" classname="org.openapitools.codegen.cmd.GenerateTest" time="0.004"/>
  <testcase name="testPackageName" classname="org.openapitools.codegen.cmd.GenerateTest" time="0.004"/>
  <testcase name="testRequiredArgs_LongArgs" classname="org.openapitools.codegen.cmd.GenerateTest" time="0.004"/>
  <testcase name="testRequiredArgs_ShortArgs" classname="org.openapitools.codegen.cmd.GenerateTest" time="0.004"/>
  <testcase name="testSkipOverwrite" classname="org.openapitools.codegen.cmd.GenerateTest" time="0.007"/>
  <testcase name="testStrictSpec" classname="org.openapitools.codegen.cmd.GenerateTest" time="0.007"/>
  <testcase name="testTemplateDir" classname="org.openapitools.codegen.cmd.GenerateTest" time="0.007"/>
  <testcase name="testTypeMappings" classname="org.openapitools.codegen.cmd.GenerateTest" time="0.006"/>
  <testcase name="testVerbose" classname="org.openapitools.codegen.cmd.GenerateTest" time="0.007"/>
</testsuite>