<?xml version="1.0" encoding="UTF-8"?>
<!-- Generated by org.testng.reporters.JUnitReportReporter -->
<testsuite skipped="0" hostname="tkao-mac" name="org.openapitools.codegen.swift3.Swift3OptionsTest" tests="2" failures="0" timestamp="04 Sep 2019 18:12:08 GMT" time="0.320" errors="0">
  <testcase name="checkOptionsHelp" time="0.087" classname="org.openapitools.codegen.swift3.Swift3OptionsTest"/>
  <testcase name="checkOptionsProcessing" time="0.233" classname="org.openapitools.codegen.swift3.Swift3OptionsTest"/>
</testsuite> <!-- org.openapitools.codegen.swift3.Swift3OptionsTest -->
