<?xml version="1.0" encoding="UTF-8"?>
<!-- Generated by org.testng.reporters.JUnitReportReporter -->
<testsuite skipped="0" hostname="tkao-mac" name="org.openapitools.codegen.swift3.Swift3ModelTest" tests="1" failures="0" timestamp="01 Oct 2019 20:46:36 GMT" time="0.008" errors="0">
  <testcase name="simpleModelTest" time="0.008" classname="org.openapitools.codegen.swift3.Swift3ModelTest"/>
</testsuite> <!-- org.openapitools.codegen.swift3.Swift3ModelTest -->
