<?xml version="1.0" encoding="UTF-8"?>
<!-- Generated by org.testng.reporters.JUnitReportReporter -->
<testsuite skipped="0" hostname="tkao-mac" name="org.openapitools.codegen.java.jaxrs.JavaJAXRSCXFExtServerCodegenTest" tests="10" failures="0" timestamp="04 Sep 2019 18:12:08 GMT" time="0.338" errors="0">
  <testcase name="testAddOperationToGroup" time="0.041" classname="org.openapitools.codegen.java.jaxrs.JavaJAXRSCXFExtServerCodegenTest"/>
  <testcase name="testGenerateOperationBodyWithCodedTestData" time="0.126" classname="org.openapitools.codegen.java.jaxrs.JavaJAXRSCXFExtServerCodegenTest"/>
  <testcase name="testAdditionalPropertiesPutForConfigValues" time="0.001" classname="org.openapitools.codegen.java.jaxrs.JavaJAXRSCXFExtServerCodegenTest"/>
  <testcase name="generateJsonAnnotationForPolymorphism" time="0.021" classname="org.openapitools.codegen.java.jaxrs.JavaJAXRSCXFExtServerCodegenTest"/>
  <testcase name="testSettersForConfigValues" time="0.000" classname="org.openapitools.codegen.java.jaxrs.JavaJAXRSCXFExtServerCodegenTest"/>
  <testcase name="doNotGenerateJsonAnnotationForPolymorphismIfJsonExclude" time="0.023" classname="org.openapitools.codegen.java.jaxrs.JavaJAXRSCXFExtServerCodegenTest"/>
  <testcase name="addDefaultValueDocumentationForNonContainers" time="0.012" classname="org.openapitools.codegen.java.jaxrs.JavaJAXRSCXFExtServerCodegenTest"/>
  <testcase name="doNotAddDefaultValueDocumentationForContainers" time="0.008" classname="org.openapitools.codegen.java.jaxrs.JavaJAXRSCXFExtServerCodegenTest"/>
  <testcase name="testGenerateOperationBodyWithJsonTestData" time="0.105" classname="org.openapitools.codegen.java.jaxrs.JavaJAXRSCXFExtServerCodegenTest"/>
  <testcase name="testInitialConfigValues" time="0.001" classname="org.openapitools.codegen.java.jaxrs.JavaJAXRSCXFExtServerCodegenTest"/>
</testsuite> <!-- org.openapitools.codegen.java.jaxrs.JavaJAXRSCXFExtServerCodegenTest -->
