<?xml version="1.0" encoding="UTF-8"?>
<!-- Generated by org.testng.reporters.JUnitReportReporter -->
<testsuite skipped="0" hostname="tkao-mac" name="org.openapitools.codegen.swift3.Swift3ModelTest" tests="1" failures="0" timestamp="04 Sep 2019 18:12:08 GMT" time="0.009" errors="0">
  <testcase name="simpleModelTest" time="0.009" classname="org.openapitools.codegen.swift3.Swift3ModelTest"/>
</testsuite> <!-- org.openapitools.codegen.swift3.Swift3ModelTest -->
