<?xml version="1.0" encoding="UTF-8"?>
<!-- Generated by org.testng.reporters.JUnitReportReporter -->
<testsuite skipped="0" hostname="tkao-mac" name="org.openapitools.codegen.java.JavaInheritanceTest" tests="2" failures="0" timestamp="04 Sep 2019 18:12:08 GMT" time="0.004" errors="0">
  <testcase name="javaInheritanceTest" time="0.003" classname="org.openapitools.codegen.java.JavaInheritanceTest"/>
  <testcase name="javaInheritanceWithDiscriminatorTest" time="0.001" classname="org.openapitools.codegen.java.JavaInheritanceTest"/>
</testsuite> <!-- org.openapitools.codegen.java.JavaInheritanceTest -->
