<?xml version="1.0" encoding="UTF-8"?>
<!-- Generated by org.testng.reporters.JUnitReportReporter -->
<testsuite skipped="0" hostname="tkao-mac" name="org.openapitools.codegen.slim.PhpSlimServerCodegenTest" tests="9" failures="0" timestamp="01 Oct 2019 20:46:36 GMT" time="0.004" errors="0">
  <testcase name="apiFileFolder" time="0.001" classname="org.openapitools.codegen.slim.PhpSlimServerCodegenTest"/>
  <testcase name="modelFileFolder" time="0.000" classname="org.openapitools.codegen.slim.PhpSlimServerCodegenTest"/>
  <testcase name="modelFileFolder" time="0.000" classname="org.openapitools.codegen.slim.PhpSlimServerCodegenTest"/>
  <testcase name="modelFileFolder" time="0.000" classname="org.openapitools.codegen.slim.PhpSlimServerCodegenTest"/>
  <testcase name="apiFileFolder" time="0.000" classname="org.openapitools.codegen.slim.PhpSlimServerCodegenTest"/>
  <testcase name="testEncodePath" time="0.002" classname="org.openapitools.codegen.slim.PhpSlimServerCodegenTest"/>
  <testcase name="apiFileFolder" time="0.000" classname="org.openapitools.codegen.slim.PhpSlimServerCodegenTest"/>
  <testcase name="apiFileFolder" time="0.001" classname="org.openapitools.codegen.slim.PhpSlimServerCodegenTest"/>
  <testcase name="modelFileFolder" time="0.000" classname="org.openapitools.codegen.slim.PhpSlimServerCodegenTest"/>
</testsuite> <!-- org.openapitools.codegen.slim.PhpSlimServerCodegenTest -->
