<?xml version="1.0" encoding="UTF-8"?>
<!-- Generated by org.testng.reporters.JUnitReportReporter -->
<testsuite skipped="0" hostname="tkao-mac" name="org.openapitools.codegen.python.PythonTest" tests="9" failures="0" timestamp="01 Oct 2019 20:46:36 GMT" time="0.145" errors="0">
  <testcase name="simpleModelTest" time="0.001" classname="org.openapitools.codegen.python.PythonTest"/>
  <testcase name="arrayModelTest" time="0.001" classname="org.openapitools.codegen.python.PythonTest"/>
  <testcase name="complexPropertyTest" time="0.000" classname="org.openapitools.codegen.python.PythonTest"/>
  <testcase name="mapModelTest" time="0.001" classname="org.openapitools.codegen.python.PythonTest"/>
  <testcase name="complexListPropertyTest" time="0.000" classname="org.openapitools.codegen.python.PythonTest"/>
  <testcase name="complexMapPropertyTest" time="0.001" classname="org.openapitools.codegen.python.PythonTest"/>
  <testcase name="modelTest" time="0.140" classname="org.openapitools.codegen.python.PythonTest"/>
  <testcase name="listPropertyTest" time="0.000" classname="org.openapitools.codegen.python.PythonTest"/>
  <testcase name="mapPropertyTest" time="0.001" classname="org.openapitools.codegen.python.PythonTest"/>
</testsuite> <!-- org.openapitools.codegen.python.PythonTest -->
