<?xml version="1.0" encoding="UTF-8"?>
<!-- Generated by org.testng.reporters.JUnitReportReporter -->
<testsuite skipped="0" hostname="tkao-mac" name="org.openapitools.codegen.fsharp.FSharpServerCodegenTest" tests="2" failures="0" timestamp="01 Oct 2019 20:46:36 GMT" time="0.004" errors="0">
  <testcase name="testModelsAreSortedAccordingToDependencyOrder" time="0.002" classname="org.openapitools.codegen.fsharp.FSharpServerCodegenTest"/>
  <testcase name="testModelImportsSpecifyNamespaceAndPackageName" time="0.002" classname="org.openapitools.codegen.fsharp.FSharpServerCodegenTest"/>
</testsuite> <!-- org.openapitools.codegen.fsharp.FSharpServerCodegenTest -->
