<?xml version="1.0" encoding="UTF-8"?>
<!-- Generated by org.testng.reporters.JUnitReportReporter -->
<testsuite skipped="0" hostname="tkao-mac" name="org.openapitools.codegen.java.jaxrs.JavaJerseyServerCodegenTest" tests="9" failures="0" timestamp="01 Oct 2019 20:46:36 GMT" time="0.197" errors="0">
  <testcase name="generateJsonAnnotationForPolymorphism" time="0.035" classname="org.openapitools.codegen.java.jaxrs.JavaJerseyServerCodegenTest"/>
  <testcase name="testSettersForConfigValues" time="0.001" classname="org.openapitools.codegen.java.jaxrs.JavaJerseyServerCodegenTest"/>
  <testcase name="doNotAddDefaultValueDocumentationForContainers" time="0.018" classname="org.openapitools.codegen.java.jaxrs.JavaJerseyServerCodegenTest"/>
  <testcase name="testAddOperationToGroupUseTagsTrue" time="0.030" classname="org.openapitools.codegen.java.jaxrs.JavaJerseyServerCodegenTest"/>
  <testcase name="testAddOperationToGroupUseTagsFalse" time="0.032" classname="org.openapitools.codegen.java.jaxrs.JavaJerseyServerCodegenTest"/>
  <testcase name="testInitialConfigValues" time="0.000" classname="org.openapitools.codegen.java.jaxrs.JavaJerseyServerCodegenTest"/>
  <testcase name="testAdditionalPropertiesPutForConfigValues" time="0.000" classname="org.openapitools.codegen.java.jaxrs.JavaJerseyServerCodegenTest"/>
  <testcase name="addDefaultValueDocumentationForNonContainers" time="0.041" classname="org.openapitools.codegen.java.jaxrs.JavaJerseyServerCodegenTest"/>
  <testcase name="doNotGenerateJsonAnnotationForPolymorphismIfJsonExclude" time="0.040" classname="org.openapitools.codegen.java.jaxrs.JavaJerseyServerCodegenTest"/>
</testsuite> <!-- org.openapitools.codegen.java.jaxrs.JavaJerseyServerCodegenTest -->
