<?xml version="1.0" encoding="UTF-8"?>
<!-- Generated by org.testng.reporters.JUnitReportReporter -->
<testsuite skipped="0" hostname="tkao-mac" name="org.openapitools.codegen.scalahttpclient.ScalaHttpClientOptionsTest" tests="2" failures="0" timestamp="04 Sep 2019 18:12:08 GMT" time="0.191" errors="0">
  <testcase name="checkOptionsProcessing" time="0.190" classname="org.openapitools.codegen.scalahttpclient.ScalaHttpClientOptionsTest"/>
  <testcase name="checkOptionsHelp" time="0.001" classname="org.openapitools.codegen.scalahttpclient.ScalaHttpClientOptionsTest"/>
</testsuite> <!-- org.openapitools.codegen.scalahttpclient.ScalaHttpClientOptionsTest -->
