<?xml version="1.0" encoding="UTF-8"?>
<!-- Generated by org.testng.reporters.JUnitReportReporter -->
<testsuite skipped="0" hostname="tkao-mac" name="org.openapitools.codegen.rubysinatra.RubySinatraServerOptionsTest" tests="2" failures="0" timestamp="01 Oct 2019 20:46:36 GMT" time="0.148" errors="0">
  <testcase name="checkOptionsHelp" time="0.004" classname="org.openapitools.codegen.rubysinatra.RubySinatraServerOptionsTest"/>
  <testcase name="checkOptionsProcessing" time="0.144" classname="org.openapitools.codegen.rubysinatra.RubySinatraServerOptionsTest"/>
</testsuite> <!-- org.openapitools.codegen.rubysinatra.RubySinatraServerOptionsTest -->
