<?xml version="1.0" encoding="UTF-8"?>
<!-- Generated by org.testng.reporters.JUnitReportReporter -->
<testsuite skipped="0" hostname="tkao-mac" name="org.openapitools.codegen.csharp.CSharpModelTest" tests="13" failures="0" timestamp="01 Oct 2019 20:46:36 GMT" time="0.017" errors="0">
  <testcase name="complexPropertyTest" time="0.000" classname="org.openapitools.codegen.csharp.CSharpModelTest"/>
  <testcase name="complexMapPropertyTest" time="0.001" classname="org.openapitools.codegen.csharp.CSharpModelTest"/>
  <testcase name="mapModelTest" time="0.001" classname="org.openapitools.codegen.csharp.CSharpModelTest"/>
  <testcase name="arrayPropertyICollectionOptionTest" time="0.000" classname="org.openapitools.codegen.csharp.CSharpModelTest"/>
  <testcase name="arrayPropertyTest" time="0.001" classname="org.openapitools.codegen.csharp.CSharpModelTest"/>
  <testcase name="complexListPropertyTest" time="0.001" classname="org.openapitools.codegen.csharp.CSharpModelTest"/>
  <testcase name="nonNullablePropertyTest" time="0.001" classname="org.openapitools.codegen.csharp.CSharpModelTest"/>
  <testcase name="nullablePropertyTest" time="0.001" classname="org.openapitools.codegen.csharp.CSharpModelTest"/>
  <testcase name="arrayPropertyCollectionOptionTest" time="0.001" classname="org.openapitools.codegen.csharp.CSharpModelTest"/>
  <testcase name="mapPropertyTest" time="0.001" classname="org.openapitools.codegen.csharp.CSharpModelTest"/>
  <testcase name="simpleModelTest" time="0.001" classname="org.openapitools.codegen.csharp.CSharpModelTest"/>
  <testcase name="listPropertyTest" time="0.002" classname="org.openapitools.codegen.csharp.CSharpModelTest"/>
  <testcase name="arrayModelTest" time="0.006" classname="org.openapitools.codegen.csharp.CSharpModelTest"/>
</testsuite> <!-- org.openapitools.codegen.csharp.CSharpModelTest -->
