<?xml version="1.0" encoding="UTF-8"?>
<!-- Generated by org.testng.reporters.JUnitReportReporter -->
<testsuite skipped="0" hostname="tkao-mac" name="org.openapitools.codegen.templating.mustache.CamelCaseLambdaTest" tests="3" failures="0" timestamp="04 Sep 2019 18:12:08 GMT" time="0.713" errors="0">
  <testcase name="camelCaseEscapeParamTest" time="0.031" classname="org.openapitools.codegen.templating.mustache.CamelCaseLambdaTest"/>
  <testcase name="camelCaseReservedWordTest" time="0.001" classname="org.openapitools.codegen.templating.mustache.CamelCaseLambdaTest"/>
  <testcase name="camelCaseTest" time="0.681" classname="org.openapitools.codegen.templating.mustache.CamelCaseLambdaTest"/>
</testsuite> <!-- org.openapitools.codegen.templating.mustache.CamelCaseLambdaTest -->
