<?xml version="1.0" encoding="UTF-8"?>
<!-- Generated by org.testng.reporters.JUnitReportReporter -->
<testsuite skipped="0" hostname="tkao-mac" name="org.openapitools.codegen.perl.PerlClientOptionsTest" tests="2" failures="0" timestamp="01 Oct 2019 20:46:36 GMT" time="0.168" errors="0">
  <testcase name="checkOptionsHelp" time="0.004" classname="org.openapitools.codegen.perl.PerlClientOptionsTest"/>
  <testcase name="checkOptionsProcessing" time="0.164" classname="org.openapitools.codegen.perl.PerlClientOptionsTest"/>
</testsuite> <!-- org.openapitools.codegen.perl.PerlClientOptionsTest -->
