<?xml version="1.0" encoding="UTF-8"?>
<!-- Generated by org.testng.reporters.JUnitReportReporter -->
<testsuite skipped="0" hostname="tkao-mac" name="org.openapitools.codegen.haskellservant.HaskellServantCodegenTest" tests="1" failures="0" timestamp="04 Sep 2019 18:12:08 GMT" time="0.023" errors="0">
  <testcase name="testGenerateRootEndpoint" time="0.023" classname="org.openapitools.codegen.haskellservant.HaskellServantCodegenTest"/>
</testsuite> <!-- org.openapitools.codegen.haskellservant.HaskellServantCodegenTest -->
