<?xml version="1.0" encoding="UTF-8"?>
<!-- Generated by org.testng.reporters.JUnitReportReporter -->
<testsuite skipped="0" hostname="tkao-mac" name="org.openapitools.codegen.silex.PhpSilexServerOptionsTest" tests="2" failures="0" timestamp="01 Oct 2019 20:46:36 GMT" time="0.144" errors="0">
  <testcase name="checkOptionsProcessing" time="0.141" classname="org.openapitools.codegen.silex.PhpSilexServerOptionsTest"/>
  <testcase name="checkOptionsHelp" time="0.003" classname="org.openapitools.codegen.silex.PhpSilexServerOptionsTest"/>
</testsuite> <!-- org.openapitools.codegen.silex.PhpSilexServerOptionsTest -->
