<?xml version="1.0" encoding="UTF-8"?>
<!-- Generated by org.testng.reporters.JUnitReportReporter -->
<testsuite skipped="0" hostname="tkao-mac" name="org.openapitools.codegen.go.GoClientOptionsTest" tests="2" failures="0" timestamp="04 Sep 2019 18:12:08 GMT" time="0.203" errors="0">
  <testcase name="checkOptionsProcessing" time="0.200" classname="org.openapitools.codegen.go.GoClientOptionsTest"/>
  <testcase name="checkOptionsHelp" time="0.003" classname="org.openapitools.codegen.go.GoClientOptionsTest"/>
</testsuite> <!-- org.openapitools.codegen.go.GoClientOptionsTest -->
