<?xml version="1.0" encoding="UTF-8"?>
<!-- Generated by org.testng.reporters.JUnitReportReporter -->
<testsuite skipped="0" hostname="tkao-mac" name="org.openapitools.codegen.java.AbstractJavaCodegenTest" tests="23" failures="0" timestamp="01 Oct 2019 20:46:36 GMT" time="0.016" errors="0">
  <testcase name="testInitialConfigValues" time="0.000" classname="org.openapitools.codegen.java.AbstractJavaCodegenTest"/>
  <testcase name="testSettersForConfigValues" time="0.000" classname="org.openapitools.codegen.java.AbstractJavaCodegenTest"/>
  <testcase name="additionalPropertyArtifactSnapShotVersionTest" time="0.001" classname="org.openapitools.codegen.java.AbstractJavaCodegenTest"/>
  <testcase name="openApiSnapShotVersionTest" time="0.000" classname="org.openapitools.codegen.java.AbstractJavaCodegenTest"/>
  <testcase name="convertModelName" time="0.000" classname="org.openapitools.codegen.java.AbstractJavaCodegenTest"/>
  <testcase name="snapshotVersionTest" time="0.000" classname="org.openapitools.codegen.java.AbstractJavaCodegenTest"/>
  <testcase name="testPreprocessOpenAPI" time="0.009" classname="org.openapitools.codegen.java.AbstractJavaCodegenTest"/>
  <testcase name="toVarNameShouldAvoidOverloadingGetClassMethod" time="0.000" classname="org.openapitools.codegen.java.AbstractJavaCodegenTest"/>
  <testcase name="modelTestFileFolder" time="0.001" classname="org.openapitools.codegen.java.AbstractJavaCodegenTest"/>
  <testcase name="openApiversionTest" time="0.000" classname="org.openapitools.codegen.java.AbstractJavaCodegenTest"/>
  <testcase name="apiTestFileFolder" time="0.000" classname="org.openapitools.codegen.java.AbstractJavaCodegenTest"/>
  <testcase name="toEnumValue" time="0.000" classname="org.openapitools.codegen.java.AbstractJavaCodegenTest"/>
  <testcase name="testPreprocessOpenAPINumVersion" time="0.003" classname="org.openapitools.codegen.java.AbstractJavaCodegenTest"/>
  <testcase name="apiDocFileFolder" time="0.000" classname="org.openapitools.codegen.java.AbstractJavaCodegenTest"/>
  <testcase name="testAdditionalPropertiesPutForConfigValues" time="0.000" classname="org.openapitools.codegen.java.AbstractJavaCodegenTest"/>
  <testcase name="additionalPropertyArtifactVersionTest" time="0.000" classname="org.openapitools.codegen.java.AbstractJavaCodegenTest"/>
  <testcase name="toEnumVarNameShouldNotShortenUnderScore" time="0.000" classname="org.openapitools.codegen.java.AbstractJavaCodegenTest"/>
  <testcase name="toModelNameUsesPascalCase" time="0.000" classname="org.openapitools.codegen.java.AbstractJavaCodegenTest"/>
  <testcase name="convertVarName" time="0.000" classname="org.openapitools.codegen.java.AbstractJavaCodegenTest"/>
  <testcase name="toModelNameShouldUseProvidedMapping" time="0.001" classname="org.openapitools.codegen.java.AbstractJavaCodegenTest"/>
  <testcase name="apiFileFolder" time="0.000" classname="org.openapitools.codegen.java.AbstractJavaCodegenTest"/>
  <testcase name="modelFileFolder" time="0.000" classname="org.openapitools.codegen.java.AbstractJavaCodegenTest"/>
  <testcase name="defaultVersionTest" time="0.001" classname="org.openapitools.codegen.java.AbstractJavaCodegenTest"/>
</testsuite> <!-- org.openapitools.codegen.java.AbstractJavaCodegenTest -->
