<?xml version="1.0" encoding="UTF-8"?>
<!-- Generated by org.testng.reporters.JUnitReportReporter -->
<testsuite skipped="0" hostname="tkao-mac" name="org.openapitools.codegen.java.JavaModelTest" tests="53" failures="0" timestamp="04 Sep 2019 18:12:08 GMT" time="0.312" errors="0">
  <testcase name="modelNameTest" time="0.000" classname="org.openapitools.codegen.java.JavaModelTest"/>
  <testcase name="modelNameTest" time="0.001" classname="org.openapitools.codegen.java.JavaModelTest"/>
  <testcase name="list2DPropertyTest" time="0.001" classname="org.openapitools.codegen.java.JavaModelTest"/>
  <testcase name="restrictedCharactersPropertiesTest" time="0.001" classname="org.openapitools.codegen.java.JavaModelTest"/>
  <testcase name="mapWithListPropertyTest" time="0.001" classname="org.openapitools.codegen.java.JavaModelTest"/>
  <testcase name="arrayModelWithItemNameTest" time="0.001" classname="org.openapitools.codegen.java.JavaModelTest"/>
  <testcase name="arraySchemaTestInRequestBody" time="0.002" classname="org.openapitools.codegen.java.JavaModelTest"/>
  <testcase name="complexMapPropertyTest" time="0.000" classname="org.openapitools.codegen.java.JavaModelTest"/>
  <testcase name="listPropertyTest" time="0.001" classname="org.openapitools.codegen.java.JavaModelTest"/>
  <testcase name="squareBracketsTest" time="0.000" classname="org.openapitools.codegen.java.JavaModelTest"/>
  <testcase name="booleanPropertyTest" time="0.000" classname="org.openapitools.codegen.java.JavaModelTest"/>
  <testcase name="mapPropertyTest" time="0.001" classname="org.openapitools.codegen.java.JavaModelTest"/>
  <testcase name="binaryDataTest" time="0.001" classname="org.openapitools.codegen.java.JavaModelTest"/>
  <testcase name="simpleModelTest" time="0.001" classname="org.openapitools.codegen.java.JavaModelTest"/>
  <testcase name="arraySchemaTest" time="0.001" classname="org.openapitools.codegen.java.JavaModelTest"/>
  <testcase name="arrayOfArraySchemaTest" time="0.001" classname="org.openapitools.codegen.java.JavaModelTest"/>
  <testcase name="modelNameTest" time="0.000" classname="org.openapitools.codegen.java.JavaModelTest"/>
  <testcase name="arraySchemaTestInOperationResponse" time="0.003" classname="org.openapitools.codegen.java.JavaModelTest"/>
  <testcase name="mapWithAnListOfBigDecimalTest" time="0.002" classname="org.openapitools.codegen.java.JavaModelTest"/>
  <testcase name="longPropertyInReferencedSchemaTest" time="0.000" classname="org.openapitools.codegen.java.JavaModelTest"/>
  <testcase name="modelNameTest" time="0.000" classname="org.openapitools.codegen.java.JavaModelTest"/>
  <testcase name="classPropertyTest" time="0.000" classname="org.openapitools.codegen.java.JavaModelTest"/>
  <testcase name="upperCaseNamesNumbersTest" time="0.000" classname="org.openapitools.codegen.java.JavaModelTest"/>
  <testcase name="complexListPropertyTest" time="0.000" classname="org.openapitools.codegen.java.JavaModelTest"/>
  <testcase name="arrayOfArraySchemaTestInOperationResponse" time="0.003" classname="org.openapitools.codegen.java.JavaModelTest"/>
  <testcase name="stringPropertyInObjectTest" time="0.000" classname="org.openapitools.codegen.java.JavaModelTest"/>
  <testcase name="invalidParamNameTest" time="0.000" classname="org.openapitools.codegen.java.JavaModelTest"/>
  <testcase name="modelWithWrappedXmlTest" time="0.001" classname="org.openapitools.codegen.java.JavaModelTest"/>
  <testcase name="stringPropertyReferencedInObjectTest" time="0.000" classname="org.openapitools.codegen.java.JavaModelTest"/>
  <testcase name="secondCharUpperCaseNamesTest" time="0.001" classname="org.openapitools.codegen.java.JavaModelTest"/>
  <testcase name="modelNameTest" time="0.001" classname="org.openapitools.codegen.java.JavaModelTest"/>
  <testcase name="classPropertyTest" time="0.000" classname="org.openapitools.codegen.java.JavaModelTest"/>
  <testcase name="escapeNamesTest" time="0.001" classname="org.openapitools.codegen.java.JavaModelTest"/>
  <testcase name="modelNameTest" time="0.000" classname="org.openapitools.codegen.java.JavaModelTest"/>
  <testcase name="stringPropertyTest" time="0.000" classname="org.openapitools.codegen.java.JavaModelTest"/>
  <testcase name="modelNameTest" time="0.000" classname="org.openapitools.codegen.java.JavaModelTest"/>
  <testcase name="arrayModelTest" time="0.002" classname="org.openapitools.codegen.java.JavaModelTest"/>
  <testcase name="generateEmpty" time="0.061" classname="org.openapitools.codegen.java.JavaModelTest"/>
  <testcase name="generateModel" time="0.202" classname="org.openapitools.codegen.java.JavaModelTest"/>
  <testcase name="integerPropertyInReferencedSchemaTest" time="0.000" classname="org.openapitools.codegen.java.JavaModelTest"/>
  <testcase name="complexPropertiesTest" time="0.011" classname="org.openapitools.codegen.java.JavaModelTest"/>
  <testcase name="convertParameterTest" time="0.001" classname="org.openapitools.codegen.java.JavaModelTest"/>
  <testcase name="arrayOfArraySchemaTestInRequestBody" time="0.001" classname="org.openapitools.codegen.java.JavaModelTest"/>
  <testcase name="classPropertyTest" time="0.000" classname="org.openapitools.codegen.java.JavaModelTest"/>
  <testcase name="longPropertyTest" time="0.001" classname="org.openapitools.codegen.java.JavaModelTest"/>
  <testcase name="modelNameTest" time="0.000" classname="org.openapitools.codegen.java.JavaModelTest"/>
  <testcase name="firstTwoUpperCaseLetterNamesTest" time="0.001" classname="org.openapitools.codegen.java.JavaModelTest"/>
  <testcase name="upperCaseNamesTest" time="0.000" classname="org.openapitools.codegen.java.JavaModelTest"/>
  <testcase name="hyphensTest" time="0.001" classname="org.openapitools.codegen.java.JavaModelTest"/>
  <testcase name="modelWithXmlTest" time="0.001" classname="org.openapitools.codegen.java.JavaModelTest"/>
  <testcase name="mapModelTest" time="0.000" classname="org.openapitools.codegen.java.JavaModelTest"/>
  <testcase name="integerPropertyTest" time="0.000" classname="org.openapitools.codegen.java.JavaModelTest"/>
  <testcase name="allUpperCaseOneNonLetterNamesTest" time="0.005" classname="org.openapitools.codegen.java.JavaModelTest"/>
</testsuite> <!-- org.openapitools.codegen.java.JavaModelTest -->
