<?xml version="1.0" encoding="UTF-8"?>
<!-- Generated by org.testng.reporters.JUnitReportReporter -->
<testsuite skipped="0" hostname="tkao-mac" name="org.openapitools.codegen.templating.mustache.TitlecaseLambdaTest" tests="2" failures="0" timestamp="04 Sep 2019 18:12:08 GMT" time="0.001" errors="0">
  <testcase name="titlecaseTest" time="0.001" classname="org.openapitools.codegen.templating.mustache.TitlecaseLambdaTest"/>
  <testcase name="titlecaseWithDelimiterTest" time="0.000" classname="org.openapitools.codegen.templating.mustache.TitlecaseLambdaTest"/>
</testsuite> <!-- org.openapitools.codegen.templating.mustache.TitlecaseLambdaTest -->
