<?xml version="1.0" encoding="UTF-8"?>
<!-- Generated by org.testng.reporters.JUnitReportReporter -->
<testsuite skipped="0" hostname="tkao-mac" name="org.openapitools.codegen.utils.StringUtilsTest" tests="3" failures="0" timestamp="04 Sep 2019 18:12:08 GMT" time="0.001" errors="0">
  <testcase name="testDashize" time="0.000" classname="org.openapitools.codegen.utils.StringUtilsTest"/>
  <testcase name="testUnderscore" time="0.000" classname="org.openapitools.codegen.utils.StringUtilsTest"/>
  <testcase name="testCamelize" time="0.001" classname="org.openapitools.codegen.utils.StringUtilsTest"/>
</testsuite> <!-- org.openapitools.codegen.utils.StringUtilsTest -->
