<?xml version="1.0" encoding="UTF-8"?>
<!-- Generated by org.testng.reporters.JUnitReportReporter -->
<testsuite skipped="0" hostname="tkao-mac" name="org.openapitools.codegen.typescript.typescriptangular.TypeScriptAngularModelTest" tests="7" failures="0" timestamp="01 Oct 2019 20:46:36 GMT" time="0.026" errors="0">
  <testcase name="arrayModelTest" time="0.004" classname="org.openapitools.codegen.typescript.typescriptangular.TypeScriptAngularModelTest"/>
  <testcase name="complexPropertyTest" time="0.001" classname="org.openapitools.codegen.typescript.typescriptangular.TypeScriptAngularModelTest"/>
  <testcase name="mapModelTest" time="0.006" classname="org.openapitools.codegen.typescript.typescriptangular.TypeScriptAngularModelTest"/>
  <testcase name="complexListPropertyTest" time="0.001" classname="org.openapitools.codegen.typescript.typescriptangular.TypeScriptAngularModelTest"/>
  <testcase name="simpleModelTest" time="0.008" classname="org.openapitools.codegen.typescript.typescriptangular.TypeScriptAngularModelTest"/>
  <testcase name="beginDecimalNameTest" time="0.002" classname="org.openapitools.codegen.typescript.typescriptangular.TypeScriptAngularModelTest"/>
  <testcase name="listPropertyTest" time="0.004" classname="org.openapitools.codegen.typescript.typescriptangular.TypeScriptAngularModelTest"/>
</testsuite> <!-- org.openapitools.codegen.typescript.typescriptangular.TypeScriptAngularModelTest -->
