<?xml version="1.0" encoding="UTF-8"?>
<!-- Generated by org.testng.reporters.JUnitReportReporter -->
<testsuite skipped="0" hostname="tkao-mac" name="org.openapitools.codegen.typescript.typescriptangular.TypeScriptAngularClientCodegenTest" tests="6" failures="0" timestamp="01 Oct 2019 20:46:36 GMT" time="0.009" errors="0">
  <testcase name="testWithoutSnapshotVersion" time="0.001" classname="org.openapitools.codegen.typescript.typescriptangular.TypeScriptAngularClientCodegenTest"/>
  <testcase name="testModelFileSuffix" time="0.003" classname="org.openapitools.codegen.typescript.typescriptangular.TypeScriptAngularClientCodegenTest"/>
  <testcase name="testSchema" time="0.001" classname="org.openapitools.codegen.typescript.typescriptangular.TypeScriptAngularClientCodegenTest"/>
  <testcase name="testRemovePrefixSuffix" time="0.001" classname="org.openapitools.codegen.typescript.typescriptangular.TypeScriptAngularClientCodegenTest"/>
  <testcase name="testOperationIdParser" time="0.001" classname="org.openapitools.codegen.typescript.typescriptangular.TypeScriptAngularClientCodegenTest"/>
  <testcase name="testSnapshotVersion" time="0.002" classname="org.openapitools.codegen.typescript.typescriptangular.TypeScriptAngularClientCodegenTest"/>
</testsuite> <!-- org.openapitools.codegen.typescript.typescriptangular.TypeScriptAngularClientCodegenTest -->
