<?xml version="1.0" encoding="UTF-8"?>
<!-- Generated by org.testng.reporters.JUnitReportReporter -->
<testsuite skipped="0" hostname="tkao-mac" name="org.openapitools.codegen.java.JavaClientCodegenTest" tests="18" failures="0" timestamp="01 Oct 2019 20:46:36 GMT" time="0.366" errors="0">
  <testcase name="testAdditionalPropertiesPutForConfigValues" time="0.001" classname="org.openapitools.codegen.java.JavaClientCodegenTest"/>
  <testcase name="testParametersAreCorrectlyOrderedWhenUsingRetrofit" time="0.001" classname="org.openapitools.codegen.java.JavaClientCodegenTest"/>
  <testcase name="testBearerAuth" time="0.002" classname="org.openapitools.codegen.java.JavaClientCodegenTest"/>
  <testcase name="testPackageNamesSetInvokerDerivedFromModel" time="0.000" classname="org.openapitools.codegen.java.JavaClientCodegenTest"/>
  <testcase name="testInitialConfigValues" time="0.000" classname="org.openapitools.codegen.java.JavaClientCodegenTest"/>
  <testcase name="updateCodegenPropertyEnumWithCustomNames" time="0.000" classname="org.openapitools.codegen.java.JavaClientCodegenTest"/>
  <testcase name="testGetSchemaTypeWithComposedSchemaWithAllOf" time="0.007" classname="org.openapitools.codegen.java.JavaClientCodegenTest"/>
  <testcase name="testFreeFormObjects" time="0.004" classname="org.openapitools.codegen.java.JavaClientCodegenTest"/>
  <testcase name="updateCodegenPropertyEnum" time="0.001" classname="org.openapitools.codegen.java.JavaClientCodegenTest"/>
  <testcase name="testAuthorizationScopeValues_Issue392" time="0.011" classname="org.openapitools.codegen.java.JavaClientCodegenTest"/>
  <testcase name="testSettersForConfigValues" time="0.001" classname="org.openapitools.codegen.java.JavaClientCodegenTest"/>
  <testcase name="testReferencedHeader" time="0.006" classname="org.openapitools.codegen.java.JavaClientCodegenTest"/>
  <testcase name="testJdkHttpClient" time="0.061" classname="org.openapitools.codegen.java.JavaClientCodegenTest"/>
  <testcase name="arraysInRequestBody" time="0.008" classname="org.openapitools.codegen.java.JavaClientCodegenTest"/>
  <testcase name="escapeName" time="0.001" classname="org.openapitools.codegen.java.JavaClientCodegenTest"/>
  <testcase name="testGeneratePing" time="0.262" classname="org.openapitools.codegen.java.JavaClientCodegenTest"/>
  <testcase name="nullValuesInComposedSchema" time="0.000" classname="org.openapitools.codegen.java.JavaClientCodegenTest"/>
  <testcase name="testPackageNamesSetInvokerDerivedFromApi" time="0.000" classname="org.openapitools.codegen.java.JavaClientCodegenTest"/>
</testsuite> <!-- org.openapitools.codegen.java.JavaClientCodegenTest -->
