<?xml version="1.0" encoding="UTF-8"?>
<!-- Generated by org.testng.reporters.JUnitReportReporter -->
<testsuite skipped="0" hostname="tkao-mac" name="org.openapitools.codegen.typescript.fetch.TypeScriptFetchClientCodegenTest" tests="2" failures="0" timestamp="04 Sep 2019 18:12:08 GMT" time="0.002" errors="0">
  <testcase name="testSnapshotVersion" time="0.002" classname="org.openapitools.codegen.typescript.fetch.TypeScriptFetchClientCodegenTest"/>
  <testcase name="testWithoutSnapshotVersion" time="0.000" classname="org.openapitools.codegen.typescript.fetch.TypeScriptFetchClientCodegenTest"/>
</testsuite> <!-- org.openapitools.codegen.typescript.fetch.TypeScriptFetchClientCodegenTest -->
