<?xml version="1.0" encoding="UTF-8"?>
<!-- Generated by org.testng.reporters.JUnitReportReporter -->
<testsuite skipped="0" hostname="tkao-mac" name="org.openapitools.codegen.csharp.CSharpClientCodegenTest" tests="3" failures="0" timestamp="04 Sep 2019 18:12:08 GMT" time="0.008" errors="0">
  <testcase name="testSettersForConfigValues" time="0.000" classname="org.openapitools.codegen.csharp.CSharpClientCodegenTest"/>
  <testcase name="testInitialConfigValues" time="0.001" classname="org.openapitools.codegen.csharp.CSharpClientCodegenTest"/>
  <testcase name="testAdditionalPropertiesPutForConfigValues" time="0.007" classname="org.openapitools.codegen.csharp.CSharpClientCodegenTest"/>
</testsuite> <!-- org.openapitools.codegen.csharp.CSharpClientCodegenTest -->
