<?xml version="1.0" encoding="UTF-8"?>
<!-- Generated by org.testng.reporters.JUnitReportReporter -->
<testsuite skipped="0" hostname="tkao-mac" name="org.openapitools.codegen.templating.handlebars.StringHelpersTest" tests="3" failures="0" timestamp="04 Sep 2019 18:12:08 GMT" time="0.213" errors="0">
  <testcase name="startsWithSectionalTest" time="0.145" classname="org.openapitools.codegen.templating.handlebars.StringHelpersTest"/>
  <testcase name="startsWithTest" time="0.066" classname="org.openapitools.codegen.templating.handlebars.StringHelpersTest"/>
  <testcase name="startsWithYesOverrideTest" time="0.002" classname="org.openapitools.codegen.templating.handlebars.StringHelpersTest"/>
</testsuite> <!-- org.openapitools.codegen.templating.handlebars.StringHelpersTest -->
