<?xml version="1.0" encoding="UTF-8"?>
<!-- Generated by org.testng.reporters.JUnitReportReporter -->
<testsuite skipped="0" hostname="tkao-mac" name="org.openapitools.codegen.mysql.MysqlSchemaCodegenTest" tests="15" failures="0" timestamp="01 Oct 2019 20:46:36 GMT" time="0.006" errors="0">
  <testcase name="testGetMysqlMatchedIntegerDataType" time="0.001" classname="org.openapitools.codegen.mysql.MysqlSchemaCodegenTest"/>
  <testcase name="testGetJsonDataTypeEnabled" time="0.000" classname="org.openapitools.codegen.mysql.MysqlSchemaCodegenTest"/>
  <testcase name="testSetJsonDataTypeEnabled" time="0.000" classname="org.openapitools.codegen.mysql.MysqlSchemaCodegenTest"/>
  <testcase name="testToCodegenMysqlDataTypeDefault" time="0.000" classname="org.openapitools.codegen.mysql.MysqlSchemaCodegenTest"/>
  <testcase name="testIsMysqlDataType" time="0.000" classname="org.openapitools.codegen.mysql.MysqlSchemaCodegenTest"/>
  <testcase name="testGetMysqlMatchedStringDataType" time="0.000" classname="org.openapitools.codegen.mysql.MysqlSchemaCodegenTest"/>
  <testcase name="testEscapeMysqlUnquotedIdentifier" time="0.001" classname="org.openapitools.codegen.mysql.MysqlSchemaCodegenTest"/>
  <testcase name="testGetDefaultDatabaseName" time="0.000" classname="org.openapitools.codegen.mysql.MysqlSchemaCodegenTest"/>
  <testcase name="testToMysqlIdentifierWithEmptyString" time="0.000" classname="org.openapitools.codegen.mysql.MysqlSchemaCodegenTest"/>
  <testcase name="testToMysqlIdentifier" time="0.001" classname="org.openapitools.codegen.mysql.MysqlSchemaCodegenTest"/>
  <testcase name="testSetDefaultDatabaseName" time="0.000" classname="org.openapitools.codegen.mysql.MysqlSchemaCodegenTest"/>
  <testcase name="testIsReservedWord" time="0.001" classname="org.openapitools.codegen.mysql.MysqlSchemaCodegenTest"/>
  <testcase name="testEscapeMysqlQuotedIdentifier" time="0.002" classname="org.openapitools.codegen.mysql.MysqlSchemaCodegenTest"/>
  <testcase name="testToCodegenMysqlDataTypeDefaultWithExceptionalColumnType" time="0.000" classname="org.openapitools.codegen.mysql.MysqlSchemaCodegenTest"/>
  <testcase name="testToCodegenMysqlDataTypeArgument" time="0.000" classname="org.openapitools.codegen.mysql.MysqlSchemaCodegenTest"/>
</testsuite> <!-- org.openapitools.codegen.mysql.MysqlSchemaCodegenTest -->
