<?xml version="1.0" encoding="UTF-8"?>
<!-- Generated by org.testng.reporters.JUnitReportReporter -->
<testsuite skipped="0" hostname="tkao-mac" name="org.openapitools.codegen.utils.ModelUtilsTest" tests="11" failures="0" timestamp="01 Oct 2019 20:46:36 GMT" time="0.019" errors="0">
  <testcase name="testGetUnusedSchemas" time="0.005" classname="org.openapitools.codegen.utils.ModelUtilsTest"/>
  <testcase name="testReferencedRequestBody" time="0.000" classname="org.openapitools.codegen.utils.ModelUtilsTest"/>
  <testcase name="testComposedSchemasAreNotUnaliased" time="0.001" classname="org.openapitools.codegen.utils.ModelUtilsTest"/>
  <testcase name="testReferencedParameter" time="0.000" classname="org.openapitools.codegen.utils.ModelUtilsTest"/>
  <testcase name="testReferencedApiResponse" time="0.000" classname="org.openapitools.codegen.utils.ModelUtilsTest"/>
  <testcase name="testIsFreeFormObject" time="0.000" classname="org.openapitools.codegen.utils.ModelUtilsTest"/>
  <testcase name="testGlobalProducesConsumes" time="0.003" classname="org.openapitools.codegen.utils.ModelUtilsTest"/>
  <testcase name="testSchemasUsedOnlyInFormParam" time="0.004" classname="org.openapitools.codegen.utils.ModelUtilsTest"/>
  <testcase name="testNoComponentsSection" time="0.000" classname="org.openapitools.codegen.utils.ModelUtilsTest"/>
  <testcase name="testGetAllUsedSchemas" time="0.006" classname="org.openapitools.codegen.utils.ModelUtilsTest"/>
  <testcase name="testReferencedSchema" time="0.000" classname="org.openapitools.codegen.utils.ModelUtilsTest"/>
</testsuite> <!-- org.openapitools.codegen.utils.ModelUtilsTest -->
