<?xml version="1.0" encoding="UTF-8"?>
<!-- Generated by org.testng.reporters.JUnitReportReporter -->
<testsuite skipped="0" hostname="tkao-mac" name="org.openapitools.codegen.typescript.typescriptnode.TypeScriptNodeClientCodegenTest" tests="13" failures="0" timestamp="01 Oct 2019 20:46:36 GMT" time="0.006" errors="0">
  <testcase name="emptyApiImportTest" time="0.000" classname="org.openapitools.codegen.typescript.typescriptnode.TypeScriptNodeClientCodegenTest"/>
  <testcase name="convertVarName" time="0.001" classname="org.openapitools.codegen.typescript.typescriptnode.TypeScriptNodeClientCodegenTest"/>
  <testcase name="emptyApiFilenameTest" time="0.001" classname="org.openapitools.codegen.typescript.typescriptnode.TypeScriptNodeClientCodegenTest"/>
  <testcase name="modelImportWithMappingTest" time="0.000" classname="org.openapitools.codegen.typescript.typescriptnode.TypeScriptNodeClientCodegenTest"/>
  <testcase name="modelFilenameWithMappingTest" time="0.000" classname="org.openapitools.codegen.typescript.typescriptnode.TypeScriptNodeClientCodegenTest"/>
  <testcase name="mappedApiImportTest" time="0.000" classname="org.openapitools.codegen.typescript.typescriptnode.TypeScriptNodeClientCodegenTest"/>
  <testcase name="mappedApiFilenameTest" time="0.000" classname="org.openapitools.codegen.typescript.typescriptnode.TypeScriptNodeClientCodegenTest"/>
  <testcase name="defaultModelImportTest" time="0.000" classname="org.openapitools.codegen.typescript.typescriptnode.TypeScriptNodeClientCodegenTest"/>
  <testcase name="defaultApiFilenameTest" time="0.000" classname="org.openapitools.codegen.typescript.typescriptnode.TypeScriptNodeClientCodegenTest"/>
  <testcase name="defaultModelFilenameTest" time="0.002" classname="org.openapitools.codegen.typescript.typescriptnode.TypeScriptNodeClientCodegenTest"/>
  <testcase name="testWithoutSnapshotVersion" time="0.000" classname="org.openapitools.codegen.typescript.typescriptnode.TypeScriptNodeClientCodegenTest"/>
  <testcase name="defaultApiImportTest" time="0.001" classname="org.openapitools.codegen.typescript.typescriptnode.TypeScriptNodeClientCodegenTest"/>
  <testcase name="testSnapshotVersion" time="0.001" classname="org.openapitools.codegen.typescript.typescriptnode.TypeScriptNodeClientCodegenTest"/>
</testsuite> <!-- org.openapitools.codegen.typescript.typescriptnode.TypeScriptNodeClientCodegenTest -->
