<?xml version="1.0" encoding="UTF-8"?>
<!-- Generated by org.testng.reporters.JUnitReportReporter -->
<testsuite skipped="0" hostname="tkao-mac" name="org.openapitools.codegen.scalahttpclient.ScalaHttpClientOptionsTest" tests="2" failures="0" timestamp="01 Oct 2019 20:46:36 GMT" time="0.195" errors="0">
  <testcase name="checkOptionsProcessing" time="0.193" classname="org.openapitools.codegen.scalahttpclient.ScalaHttpClientOptionsTest"/>
  <testcase name="checkOptionsHelp" time="0.002" classname="org.openapitools.codegen.scalahttpclient.ScalaHttpClientOptionsTest"/>
</testsuite> <!-- org.openapitools.codegen.scalahttpclient.ScalaHttpClientOptionsTest -->
