<?xml version="1.0" encoding="UTF-8"?>
<!-- Generated by org.testng.reporters.JUnitReportReporter -->
<testsuite skipped="0" hostname="tkao-mac" name="org.openapitools.codegen.swift4.Swift4ModelTest" tests="1" failures="0" timestamp="04 Sep 2019 18:12:08 GMT" time="0.012" errors="0">
  <testcase name="simpleModelTest" time="0.012" classname="org.openapitools.codegen.swift4.Swift4ModelTest"/>
</testsuite> <!-- org.openapitools.codegen.swift4.Swift4ModelTest -->
