<?xml version="1.0" encoding="UTF-8"?>
<!-- Generated by org.testng.reporters.JUnitReportReporter -->
<testsuite skipped="0" hostname="tkao-mac" name="org.openapitools.codegen.swift4.Swift4CodegenTest" tests="15" failures="0" timestamp="01 Oct 2019 20:46:36 GMT" time="0.013" errors="0">
  <testcase name="testCapitalsWithDash" time="0.001" classname="org.openapitools.codegen.swift4.Swift4CodegenTest"/>
  <testcase name="dateTest" time="0.004" classname="org.openapitools.codegen.swift4.Swift4CodegenTest"/>
  <testcase name="testCapitalsWithUnderscore" time="0.000" classname="org.openapitools.codegen.swift4.Swift4CodegenTest"/>
  <testcase name="testCapitalsWithSpace" time="0.001" classname="org.openapitools.codegen.swift4.Swift4CodegenTest"/>
  <testcase name="shouldNotBreakNonReservedWord" time="0.000" classname="org.openapitools.codegen.swift4.Swift4CodegenTest"/>
  <testcase name="testPodAuthors" time="0.000" classname="org.openapitools.codegen.swift4.Swift4CodegenTest"/>
  <testcase name="testSingleWordAllCaps" time="0.000" classname="org.openapitools.codegen.swift4.Swift4CodegenTest"/>
  <testcase name="shouldNotBreakCorrectName" time="0.001" classname="org.openapitools.codegen.swift4.Swift4CodegenTest"/>
  <testcase name="testLowercaseWithUnderscore" time="0.001" classname="org.openapitools.codegen.swift4.Swift4CodegenTest"/>
  <testcase name="testSingleWordLowercase" time="0.000" classname="org.openapitools.codegen.swift4.Swift4CodegenTest"/>
  <testcase name="testStartingWithNumber" time="0.000" classname="org.openapitools.codegen.swift4.Swift4CodegenTest"/>
  <testcase name="testCapitalizedReservedWord" time="0.001" classname="org.openapitools.codegen.swift4.Swift4CodegenTest"/>
  <testcase name="testDefaultPodAuthors" time="0.000" classname="org.openapitools.codegen.swift4.Swift4CodegenTest"/>
  <testcase name="binaryDataTest" time="0.004" classname="org.openapitools.codegen.swift4.Swift4CodegenTest"/>
  <testcase name="testReservedWord" time="0.000" classname="org.openapitools.codegen.swift4.Swift4CodegenTest"/>
</testsuite> <!-- org.openapitools.codegen.swift4.Swift4CodegenTest -->
