<?xml version="1.0" encoding="UTF-8"?>
<!-- Generated by org.testng.reporters.JUnitReportReporter -->
<testsuite skipped="0" hostname="tkao-mac" name="org.openapitools.codegen.dart.DartModelTest" tests="17" failures="0" timestamp="04 Sep 2019 18:12:08 GMT" time="0.009" errors="0">
  <testcase name="modelNameTest" time="0.000" classname="org.openapitools.codegen.dart.DartModelTest"/>
  <testcase name="modelNameTest" time="0.000" classname="org.openapitools.codegen.dart.DartModelTest"/>
  <testcase name="simpleModelTest" time="0.001" classname="org.openapitools.codegen.dart.DartModelTest"/>
  <testcase name="modelNameTest" time="0.000" classname="org.openapitools.codegen.dart.DartModelTest"/>
  <testcase name="modelNameTest" time="0.000" classname="org.openapitools.codegen.dart.DartModelTest"/>
  <testcase name="mapModelTest" time="0.000" classname="org.openapitools.codegen.dart.DartModelTest"/>
  <testcase name="complexMapSchema" time="0.001" classname="org.openapitools.codegen.dart.DartModelTest"/>
  <testcase name="complexPropertyTest" time="0.000" classname="org.openapitools.codegen.dart.DartModelTest"/>
  <testcase name="modelNameTest" time="0.000" classname="org.openapitools.codegen.dart.DartModelTest"/>
  <testcase name="modelNameTest" time="0.000" classname="org.openapitools.codegen.dart.DartModelTest"/>
  <testcase name="mapPropertyTest" time="0.001" classname="org.openapitools.codegen.dart.DartModelTest"/>
  <testcase name="modelNameTest" time="0.000" classname="org.openapitools.codegen.dart.DartModelTest"/>
  <testcase name="dateTest" time="0.003" classname="org.openapitools.codegen.dart.DartModelTest"/>
  <testcase name="testReservedWord" time="0.000" classname="org.openapitools.codegen.dart.DartModelTest"/>
  <testcase name="listPropertyTest" time="0.001" classname="org.openapitools.codegen.dart.DartModelTest"/>
  <testcase name="arrayModelTest" time="0.002" classname="org.openapitools.codegen.dart.DartModelTest"/>
  <testcase name="complexListProperty" time="0.000" classname="org.openapitools.codegen.dart.DartModelTest"/>
</testsuite> <!-- org.openapitools.codegen.dart.DartModelTest -->
