<?xml version="1.0" encoding="UTF-8"?>
<!-- Generated by org.testng.reporters.JUnitReportReporter -->
<testsuite skipped="0" hostname="tkao-mac" name="org.openapitools.codegen.typescript.typescriptnode.TypeScriptNodeModelTest" tests="8" failures="0" timestamp="04 Sep 2019 18:12:08 GMT" time="0.058" errors="0">
  <testcase name="defaultFromModelTest" time="0.032" classname="org.openapitools.codegen.typescript.typescriptnode.TypeScriptNodeModelTest"/>
  <testcase name="mappedFromModelTest" time="0.016" classname="org.openapitools.codegen.typescript.typescriptnode.TypeScriptNodeModelTest"/>
  <testcase name="listPropertyTest" time="0.001" classname="org.openapitools.codegen.typescript.typescriptnode.TypeScriptNodeModelTest"/>
  <testcase name="arrayModelTest" time="0.004" classname="org.openapitools.codegen.typescript.typescriptnode.TypeScriptNodeModelTest"/>
  <testcase name="complexListPropertyTest" time="0.001" classname="org.openapitools.codegen.typescript.typescriptnode.TypeScriptNodeModelTest"/>
  <testcase name="complexPropertyTest" time="0.001" classname="org.openapitools.codegen.typescript.typescriptnode.TypeScriptNodeModelTest"/>
  <testcase name="simpleModelTest" time="0.002" classname="org.openapitools.codegen.typescript.typescriptnode.TypeScriptNodeModelTest"/>
  <testcase name="mapModelTest" time="0.001" classname="org.openapitools.codegen.typescript.typescriptnode.TypeScriptNodeModelTest"/>
</testsuite> <!-- org.openapitools.codegen.typescript.typescriptnode.TypeScriptNodeModelTest -->
