<?xml version="1.0" encoding="UTF-8"?>
<!-- Generated by org.testng.reporters.JUnitReportReporter -->
<testsuite skipped="0" hostname="tkao-mac" name="org.openapitools.codegen.ExampleGeneratorTest" tests="5" failures="0" timestamp="01 Oct 2019 20:46:36 GMT" time="0.013" errors="0">
  <testcase name="generateFromResponseSchemaWithArrayOfModel" time="0.008" classname="org.openapitools.codegen.ExampleGeneratorTest"/>
  <testcase name="generateFromResponseSchemaWithPrimitiveType" time="0.001" classname="org.openapitools.codegen.ExampleGeneratorTest"/>
  <testcase name="generateFromResponseSchemaWithNoExample" time="0.001" classname="org.openapitools.codegen.ExampleGeneratorTest"/>
  <testcase name="generateFromResponseSchemaWithArrayOfPrimitiveTypes" time="0.002" classname="org.openapitools.codegen.ExampleGeneratorTest"/>
  <testcase name="generateFromResponseSchemaWithModel" time="0.001" classname="org.openapitools.codegen.ExampleGeneratorTest"/>
</testsuite> <!-- org.openapitools.codegen.ExampleGeneratorTest -->
