<?xml version="1.0" encoding="UTF-8"?>
<!-- Generated by org.testng.reporters.JUnitReportReporter -->
<testsuite skipped="0" hostname="tkao-mac" name="org.openapitools.codegen.objc.ObjcClientOptionsTest" tests="2" failures="0" timestamp="04 Sep 2019 18:12:08 GMT" time="0.151" errors="0">
  <testcase name="checkOptionsProcessing" time="0.146" classname="org.openapitools.codegen.objc.ObjcClientOptionsTest"/>
  <testcase name="checkOptionsHelp" time="0.005" classname="org.openapitools.codegen.objc.ObjcClientOptionsTest"/>
</testsuite> <!-- org.openapitools.codegen.objc.ObjcClientOptionsTest -->
