<?xml version="1.0" encoding="UTF-8"?>
<!-- Generated by org.testng.reporters.JUnitReportReporter -->
<testsuite skipped="0" hostname="tkao-mac" name="org.openapitools.codegen.php.PhpSymfonyServerCodegenTest" tests="3" failures="0" timestamp="04 Sep 2019 18:12:08 GMT" time="0.010" errors="0">
  <testcase name="testSettersForConfigValues" time="0.001" classname="org.openapitools.codegen.php.PhpSymfonyServerCodegenTest"/>
  <testcase name="testAdditionalPropertiesPutForConfigValues" time="0.009" classname="org.openapitools.codegen.php.PhpSymfonyServerCodegenTest"/>
  <testcase name="testInitialConfigValues" time="0.000" classname="org.openapitools.codegen.php.PhpSymfonyServerCodegenTest"/>
</testsuite> <!-- org.openapitools.codegen.php.PhpSymfonyServerCodegenTest -->
