<?xml version="1.0" encoding="UTF-8"?>
<!-- Generated by org.testng.reporters.JUnitReportReporter -->
<testsuite skipped="0" hostname="tkao-mac" name="org.openapitools.codegen.slim.PhpSlimServerOptionsTest" tests="2" failures="0" timestamp="01 Oct 2019 20:46:36 GMT" time="0.190" errors="0">
  <testcase name="checkOptionsHelp" time="0.005" classname="org.openapitools.codegen.slim.PhpSlimServerOptionsTest"/>
  <testcase name="checkOptionsProcessing" time="0.185" classname="org.openapitools.codegen.slim.PhpSlimServerOptionsTest"/>
</testsuite> <!-- org.openapitools.codegen.slim.PhpSlimServerOptionsTest -->
