<?xml version="1.0" encoding="UTF-8"?>
<!-- Generated by org.testng.reporters.JUnitReportReporter -->
<testsuite skipped="0" hostname="tkao-mac" name="org.openapitools.codegen.templating.mustache.CamelCaseLambdaTest" tests="3" failures="0" timestamp="01 Oct 2019 20:46:36 GMT" time="0.656" errors="0">
  <testcase name="camelCaseEscapeParamTest" time="0.032" classname="org.openapitools.codegen.templating.mustache.CamelCaseLambdaTest"/>
  <testcase name="camelCaseReservedWordTest" time="0.002" classname="org.openapitools.codegen.templating.mustache.CamelCaseLambdaTest"/>
  <testcase name="camelCaseTest" time="0.622" classname="org.openapitools.codegen.templating.mustache.CamelCaseLambdaTest"/>
</testsuite> <!-- org.openapitools.codegen.templating.mustache.CamelCaseLambdaTest -->
