<?xml version="1.0" encoding="UTF-8"?>
<!-- Generated by org.testng.reporters.JUnitReportReporter -->
<testsuite skipped="0" hostname="tkao-mac" name="org.openapitools.codegen.python.PythonClientCodegenTest" tests="6" failures="0" timestamp="04 Sep 2019 18:12:08 GMT" time="0.009" errors="0">
  <testcase name="testSingleQuotes" time="0.000" classname="org.openapitools.codegen.python.PythonClientCodegenTest"/>
  <testcase name="testAdditionalPropertiesPutForConfigValues" time="0.003" classname="org.openapitools.codegen.python.PythonClientCodegenTest"/>
  <testcase name="testRegularExpressionOpenAPISchemaVersion3" time="0.004" classname="org.openapitools.codegen.python.PythonClientCodegenTest"/>
  <testcase name="testSettersForConfigValues" time="0.000" classname="org.openapitools.codegen.python.PythonClientCodegenTest"/>
  <testcase name="testEnumNull" time="0.002" classname="org.openapitools.codegen.python.PythonClientCodegenTest"/>
  <testcase name="testInitialConfigValues" time="0.000" classname="org.openapitools.codegen.python.PythonClientCodegenTest"/>
</testsuite> <!-- org.openapitools.codegen.python.PythonClientCodegenTest -->
