<?xml version="1.0" encoding="UTF-8"?>
<!-- Generated by org.testng.reporters.JUnitReportReporter -->
<testsuite skipped="0" hostname="tkao-mac" name="org.openapitools.codegen.ruby.RubyClientCodegenTest" tests="21" failures="0" timestamp="04 Sep 2019 18:12:08 GMT" time="0.433" errors="0">
  <testcase name="oneOfTest" time="0.002" classname="org.openapitools.codegen.ruby.RubyClientCodegenTest"/>
  <testcase name="testAdditionalPropertiesPutForConfigValues" time="0.001" classname="org.openapitools.codegen.ruby.RubyClientCodegenTest"/>
  <testcase name="testBooleanDefaultValue" time="0.119" classname="org.openapitools.codegen.ruby.RubyClientCodegenTest"/>
  <testcase name="allOfCompositionTest" time="0.013" classname="org.openapitools.codegen.ruby.RubyClientCodegenTest"/>
  <testcase name="testGenerateRubyClientWithHtmlEntity" time="0.080" classname="org.openapitools.codegen.ruby.RubyClientCodegenTest"/>
  <testcase name="exampleStringFromExampleParameterOAS2Test" time="0.017" classname="org.openapitools.codegen.ruby.RubyClientCodegenTest"/>
  <testcase name="allOfTest" time="0.003" classname="org.openapitools.codegen.ruby.RubyClientCodegenTest"/>
  <testcase name="nullableParameterOAS2Test" time="0.015" classname="org.openapitools.codegen.ruby.RubyClientCodegenTest"/>
  <testcase name="bodyParameterTest" time="0.064" classname="org.openapitools.codegen.ruby.RubyClientCodegenTest"/>
  <testcase name="exampleRegexParameterValidationOAS3Test" time="0.008" classname="org.openapitools.codegen.ruby.RubyClientCodegenTest"/>
  <testcase name="testInitialConfigValues" time="0.001" classname="org.openapitools.codegen.ruby.RubyClientCodegenTest"/>
  <testcase name="propertiesWithoutNullableTest" time="0.007" classname="org.openapitools.codegen.ruby.RubyClientCodegenTest"/>
  <testcase name="nullablePropertyTest" time="0.006" classname="org.openapitools.codegen.ruby.RubyClientCodegenTest"/>
  <testcase name="allOfMappingDuplicatedPropertiesTestForChild" time="0.005" classname="org.openapitools.codegen.ruby.RubyClientCodegenTest"/>
  <testcase name="testSettersForConfigValues" time="0.000" classname="org.openapitools.codegen.ruby.RubyClientCodegenTest"/>
  <testcase name="enumParameterTest" time="0.063" classname="org.openapitools.codegen.ruby.RubyClientCodegenTest"/>
  <testcase name="nullableParameterOAS3Test" time="0.007" classname="org.openapitools.codegen.ruby.RubyClientCodegenTest"/>
  <testcase name="anyOfTest" time="0.007" classname="org.openapitools.codegen.ruby.RubyClientCodegenTest"/>
  <testcase name="exampleStringFromXExampleParameterOAS3Test" time="0.007" classname="org.openapitools.codegen.ruby.RubyClientCodegenTest"/>
  <testcase name="allOfMappingDuplicatedPropertiesTestForAdult" time="0.005" classname="org.openapitools.codegen.ruby.RubyClientCodegenTest"/>
  <testcase name="allOfDuplicatedPropertiesTest" time="0.003" classname="org.openapitools.codegen.ruby.RubyClientCodegenTest"/>
</testsuite> <!-- org.openapitools.codegen.ruby.RubyClientCodegenTest -->
