<?xml version="1.0" encoding="UTF-8"?>
<!-- Generated by org.testng.reporters.JUnitReportReporter -->
<testsuite skipped="0" hostname="tkao-mac" name="org.openapitools.codegen.DefaultCodegenTest" tests="41" failures="0" timestamp="04 Sep 2019 18:12:08 GMT" time="0.143" errors="0">
  <testcase name="testHasBodyParameter" time="0.000" classname="org.openapitools.codegen.DefaultCodegenTest"/>
  <testcase name="modelWithPrefixDoNotContainInheritedVars" time="0.002" classname="org.openapitools.codegen.DefaultCodegenTest"/>
  <testcase name="testGetProducesInfo" time="0.004" classname="org.openapitools.codegen.DefaultCodegenTest"/>
  <testcase name="numberSchemaPropertyAndModelTest" time="0.001" classname="org.openapitools.codegen.DefaultCodegenTest"/>
  <testcase name="testEscapeText" time="0.000" classname="org.openapitools.codegen.DefaultCodegenTest"/>
  <testcase name="testSettersForConfigValues" time="0.000" classname="org.openapitools.codegen.DefaultCodegenTest"/>
  <testcase name="testExample3" time="0.002" classname="org.openapitools.codegen.DefaultCodegenTest"/>
  <testcase name="postProcessModelsEnumWithExtention" time="0.001" classname="org.openapitools.codegen.DefaultCodegenTest"/>
  <testcase name="modelWithSuffixDoNotContainInheritedVars" time="0.002" classname="org.openapitools.codegen.DefaultCodegenTest"/>
  <testcase name="modelDoNotContainInheritedVars" time="0.001" classname="org.openapitools.codegen.DefaultCodegenTest"/>
  <testcase name="testExample1" time="0.001" classname="org.openapitools.codegen.DefaultCodegenTest"/>
  <testcase name="testConsistentParameterNameAfterUniquenessRename" time="0.002" classname="org.openapitools.codegen.DefaultCodegenTest"/>
  <testcase name="testCallbacks" time="0.008" classname="org.openapitools.codegen.DefaultCodegenTest"/>
  <testcase name="testExample2" time="0.001" classname="org.openapitools.codegen.DefaultCodegenTest"/>
  <testcase name="testArraySchemaIsNotIncluedInAliases" time="0.001" classname="org.openapitools.codegen.DefaultCodegenTest"/>
  <testcase name="updateCodegenPropertyEnum" time="0.001" classname="org.openapitools.codegen.DefaultCodegenTest"/>
  <testcase name="longSchemaPropertyAndModelTest" time="0.000" classname="org.openapitools.codegen.DefaultCodegenTest"/>
  <testcase name="testAdditionalPropertiesPutForConfigValues" time="0.000" classname="org.openapitools.codegen.DefaultCodegenTest"/>
  <testcase name="mapParamImportInnerObject" time="0.014" classname="org.openapitools.codegen.DefaultCodegenTest"/>
  <testcase name="testParentName" time="0.002" classname="org.openapitools.codegen.DefaultCodegenTest"/>
  <testcase name="testDiscriminatorWithCustomMapping" time="0.003" classname="org.openapitools.codegen.DefaultCodegenTest"/>
  <testcase name="testEscapeTextWhileAllowingNewLines" time="0.000" classname="org.openapitools.codegen.DefaultCodegenTest"/>
  <testcase name="testFormParameterHasDefaultValue" time="0.029" classname="org.openapitools.codegen.DefaultCodegenTest"/>
  <testcase name="testLeadingSlashIsAddedIfMissing" time="0.000" classname="org.openapitools.codegen.DefaultCodegenTest"/>
  <testcase name="numberFloatSchemaPropertyAndModelTest" time="0.000" classname="org.openapitools.codegen.DefaultCodegenTest"/>
  <testcase name="testAllOfParent" time="0.011" classname="org.openapitools.codegen.DefaultCodegenTest"/>
  <testcase name="numberDoubleSchemaPropertyAndModelTest" time="0.000" classname="org.openapitools.codegen.DefaultCodegenTest"/>
  <testcase name="testResponseWithNoSchemaInHeaders" time="0.001" classname="org.openapitools.codegen.DefaultCodegenTest"/>
  <testcase name="commonLambdasRegistrationTest" time="0.000" classname="org.openapitools.codegen.DefaultCodegenTest"/>
  <testcase name="testGetSchemaTypeWithComposedSchemaWithOneOf" time="0.002" classname="org.openapitools.codegen.DefaultCodegenTest"/>
  <testcase name="testDiscriminator" time="0.040" classname="org.openapitools.codegen.DefaultCodegenTest"/>
  <testcase name="testEnsureNoDuplicateProduces" time="0.004" classname="org.openapitools.codegen.DefaultCodegenTest"/>
  <testcase name="testGetConsumesInfoAndGetProducesInfo" time="0.002" classname="org.openapitools.codegen.DefaultCodegenTest"/>
  <testcase name="testInitialConfigValues" time="0.000" classname="org.openapitools.codegen.DefaultCodegenTest"/>
  <testcase name="objectQueryParamIdentifyAsObject" time="0.002" classname="org.openapitools.codegen.DefaultCodegenTest"/>
  <testcase name="testParameterEmptyDescription" time="0.000" classname="org.openapitools.codegen.DefaultCodegenTest"/>
  <testcase name="integerSchemaPropertyAndModelTest" time="0.001" classname="org.openapitools.codegen.DefaultCodegenTest"/>
  <testcase name="updateCodegenPropertyEnumWithExtention" time="0.000" classname="org.openapitools.codegen.DefaultCodegenTest"/>
  <testcase name="testExample4" time="0.001" classname="org.openapitools.codegen.DefaultCodegenTest"/>
  <testcase name="testNullableProperty" time="0.002" classname="org.openapitools.codegen.DefaultCodegenTest"/>
  <testcase name="testAllOfRequired" time="0.002" classname="org.openapitools.codegen.DefaultCodegenTest"/>
</testsuite> <!-- org.openapitools.codegen.DefaultCodegenTest -->
