<?xml version="1.0" encoding="UTF-8"?>
<!-- Generated by org.testng.reporters.JUnitReportReporter -->
<testsuite skipped="0" hostname="tkao-mac" name="org.openapitools.codegen.utils.URLPathUtilsTest" tests="6" failures="0" timestamp="01 Oct 2019 20:46:36 GMT" time="0.010" errors="0">
  <testcase name="testGetServerURLWithVariablesAndUserOverrides" time="0.008" classname="org.openapitools.codegen.utils.URLPathUtilsTest"/>
  <testcase name="testDefaultValues" time="0.000" classname="org.openapitools.codegen.utils.URLPathUtilsTest"/>
  <testcase name="testGetServerURLWithVariables" time="0.001" classname="org.openapitools.codegen.utils.URLPathUtilsTest"/>
  <testcase name="useDefaultUrlWhenServerUrlIsNull" time="0.000" classname="org.openapitools.codegen.utils.URLPathUtilsTest"/>
  <testcase name="testUrl" time="0.001" classname="org.openapitools.codegen.utils.URLPathUtilsTest"/>
  <testcase name="testSanitizeUrl" time="0.000" classname="org.openapitools.codegen.utils.URLPathUtilsTest"/>
</testsuite> <!-- org.openapitools.codegen.utils.URLPathUtilsTest -->
