<?xml version="1.0" encoding="UTF-8"?>
<!-- Generated by org.testng.reporters.JUnitReportReporter -->
<testsuite skipped="0" hostname="tkao-mac" name="org.openapitools.codegen.dart.DartClientOptionsTest" tests="2" failures="0" timestamp="04 Sep 2019 18:12:08 GMT" time="0.162" errors="0">
  <testcase name="checkOptionsHelp" time="0.003" classname="org.openapitools.codegen.dart.DartClientOptionsTest"/>
  <testcase name="checkOptionsProcessing" time="0.159" classname="org.openapitools.codegen.dart.DartClientOptionsTest"/>
</testsuite> <!-- org.openapitools.codegen.dart.DartClientOptionsTest -->
