<?xml version="1.0" encoding="UTF-8"?>
<!-- Generated by org.testng.reporters.JUnitReportReporter -->
<testsuite skipped="0" hostname="tkao-mac" name="org.openapitools.codegen.utils.JsonCacheTest" tests="69" failures="0" timestamp="01 Oct 2019 20:46:36 GMT" time="0.224" errors="0">
  <testcase name="testGetNumber" time="0.000" classname="org.openapitools.codegen.utils.JsonCacheTest"/>
  <testcase name="testGetStringWithDefault" time="0.001" classname="org.openapitools.codegen.utils.JsonCacheTest"/>
  <testcase name="testGetLocalDate" time="0.001" classname="org.openapitools.codegen.utils.JsonCacheTest"/>
  <testcase name="testGetObject" time="0.005" classname="org.openapitools.codegen.utils.JsonCacheTest"/>
  <testcase name="testGetInt" time="0.001" classname="org.openapitools.codegen.utils.JsonCacheTest"/>
  <testcase name="testSetLocalDate310" time="0.001" classname="org.openapitools.codegen.utils.JsonCacheTest"/>
  <testcase name="testSetObjects" time="0.003" classname="org.openapitools.codegen.utils.JsonCacheTest"/>
  <testcase name="testSetDateTime310" time="0.001" classname="org.openapitools.codegen.utils.JsonCacheTest"/>
  <testcase name="testFlushSaveLoad" time="0.003" classname="org.openapitools.codegen.utils.JsonCacheTest"/>
  <testcase name="testAddLocalDateJava8" time="0.001" classname="org.openapitools.codegen.utils.JsonCacheTest"/>
  <testcase name="testGetLongWithDefault" time="0.000" classname="org.openapitools.codegen.utils.JsonCacheTest"/>
  <testcase name="testGetIntWithDefault" time="0.002" classname="org.openapitools.codegen.utils.JsonCacheTest"/>
  <testcase name="testSetString" time="0.000" classname="org.openapitools.codegen.utils.JsonCacheTest"/>
  <testcase name="testSet" time="0.000" classname="org.openapitools.codegen.utils.JsonCacheTest"/>
  <testcase name="testGetLong" time="0.001" classname="org.openapitools.codegen.utils.JsonCacheTest"/>
  <testcase name="testSetLocalDateJoda" time="0.001" classname="org.openapitools.codegen.utils.JsonCacheTest"/>
  <testcase name="testGetBigInteger" time="0.001" classname="org.openapitools.codegen.utils.JsonCacheTest"/>
  <testcase name="testGetFloat" time="0.001" classname="org.openapitools.codegen.utils.JsonCacheTest"/>
  <testcase name="testGetDateWithDefault" time="0.001" classname="org.openapitools.codegen.utils.JsonCacheTest"/>
  <testcase name="testGetDouble" time="0.000" classname="org.openapitools.codegen.utils.JsonCacheTest"/>
  <testcase name="testGetShort" time="0.000" classname="org.openapitools.codegen.utils.JsonCacheTest"/>
  <testcase name="testSetLong" time="0.000" classname="org.openapitools.codegen.utils.JsonCacheTest"/>
  <testcase name="testDelete" time="0.001" classname="org.openapitools.codegen.utils.JsonCacheTest"/>
  <testcase name="testSetObject" time="0.000" classname="org.openapitools.codegen.utils.JsonCacheTest"/>
  <testcase name="testSetDateTimeJava8" time="0.000" classname="org.openapitools.codegen.utils.JsonCacheTest"/>
  <testcase name="testSetShort" time="0.000" classname="org.openapitools.codegen.utils.JsonCacheTest"/>
  <testcase name="testMerge" time="0.001" classname="org.openapitools.codegen.utils.JsonCacheTest"/>
  <testcase name="testGetFloatWithDefault" time="0.002" classname="org.openapitools.codegen.utils.JsonCacheTest"/>
  <testcase name="testAddLong" time="0.000" classname="org.openapitools.codegen.utils.JsonCacheTest"/>
  <testcase name="testAddDateTimeJava8" time="0.005" classname="org.openapitools.codegen.utils.JsonCacheTest"/>
  <testcase name="testGetNumberWithDefault" time="0.000" classname="org.openapitools.codegen.utils.JsonCacheTest"/>
  <testcase name="testSetDateTimeJoda" time="0.001" classname="org.openapitools.codegen.utils.JsonCacheTest"/>
  <testcase name="testAddBigInteger" time="0.001" classname="org.openapitools.codegen.utils.JsonCacheTest"/>
  <testcase name="testGetObjects" time="0.002" classname="org.openapitools.codegen.utils.JsonCacheTest"/>
  <testcase name="testSetBigInteger" time="0.001" classname="org.openapitools.codegen.utils.JsonCacheTest"/>
  <testcase name="testSetDouble" time="0.000" classname="org.openapitools.codegen.utils.JsonCacheTest"/>
  <testcase name="testGetShortWithDefault" time="0.001" classname="org.openapitools.codegen.utils.JsonCacheTest"/>
  <testcase name="testAddLocalDateThreeTen" time="0.001" classname="org.openapitools.codegen.utils.JsonCacheTest"/>
  <testcase name="testAddDouble" time="0.000" classname="org.openapitools.codegen.utils.JsonCacheTest"/>
  <testcase name="testGetBoolean" time="0.135" classname="org.openapitools.codegen.utils.JsonCacheTest"/>
  <testcase name="testSetNumber" time="0.001" classname="org.openapitools.codegen.utils.JsonCacheTest"/>
  <testcase name="testGetBooleanWithDefault" time="0.001" classname="org.openapitools.codegen.utils.JsonCacheTest"/>
  <testcase name="testGetDate" time="0.001" classname="org.openapitools.codegen.utils.JsonCacheTest"/>
  <testcase name="testAddDateTimeThreeTen" time="0.019" classname="org.openapitools.codegen.utils.JsonCacheTest"/>
  <testcase name="testGetBigDecimalWithDefault" time="0.001" classname="org.openapitools.codegen.utils.JsonCacheTest"/>
  <testcase name="testGet" time="0.000" classname="org.openapitools.codegen.utils.JsonCacheTest"/>
  <testcase name="testGetObjectWithDefault" time="0.001" classname="org.openapitools.codegen.utils.JsonCacheTest"/>
  <testcase name="testSetInt" time="0.001" classname="org.openapitools.codegen.utils.JsonCacheTest"/>
  <testcase name="testSetFloat" time="0.000" classname="org.openapitools.codegen.utils.JsonCacheTest"/>
  <testcase name="testGetBigIntegerWithDefault" time="0.001" classname="org.openapitools.codegen.utils.JsonCacheTest"/>
  <testcase name="testGetDoubleWithDefault" time="0.002" classname="org.openapitools.codegen.utils.JsonCacheTest"/>
  <testcase name="testGetObjectsWithDefault" time="0.002" classname="org.openapitools.codegen.utils.JsonCacheTest"/>
  <testcase name="testSetWithMissingAncestors" time="0.001" classname="org.openapitools.codegen.utils.JsonCacheTest"/>
  <testcase name="testGetBigDecimal" time="0.001" classname="org.openapitools.codegen.utils.JsonCacheTest"/>
  <testcase name="testSetBoolean" time="0.001" classname="org.openapitools.codegen.utils.JsonCacheTest"/>
  <testcase name="testAddLocalDateJoda" time="0.001" classname="org.openapitools.codegen.utils.JsonCacheTest"/>
  <testcase name="testAddBoolean" time="0.001" classname="org.openapitools.codegen.utils.JsonCacheTest"/>
  <testcase name="testPojoSerialization" time="0.001" classname="org.openapitools.codegen.utils.JsonCacheTest"/>
  <testcase name="testSetDate" time="0.000" classname="org.openapitools.codegen.utils.JsonCacheTest"/>
  <testcase name="testSetBigDecimal" time="0.001" classname="org.openapitools.codegen.utils.JsonCacheTest"/>
  <testcase name="testAddDateTimeJoda" time="0.004" classname="org.openapitools.codegen.utils.JsonCacheTest"/>
  <testcase name="testGetString" time="0.001" classname="org.openapitools.codegen.utils.JsonCacheTest"/>
  <testcase name="testAddShort" time="0.001" classname="org.openapitools.codegen.utils.JsonCacheTest"/>
  <testcase name="testAddString" time="0.001" classname="org.openapitools.codegen.utils.JsonCacheTest"/>
  <testcase name="testAddBigDecimal" time="0.001" classname="org.openapitools.codegen.utils.JsonCacheTest"/>
  <testcase name="testSetLocalDateJava8" time="0.001" classname="org.openapitools.codegen.utils.JsonCacheTest"/>
  <testcase name="testAddInt" time="0.000" classname="org.openapitools.codegen.utils.JsonCacheTest"/>
  <testcase name="testAddDate" time="0.002" classname="org.openapitools.codegen.utils.JsonCacheTest"/>
  <testcase name="testAddFloat" time="0.001" classname="org.openapitools.codegen.utils.JsonCacheTest"/>
</testsuite> <!-- org.openapitools.codegen.utils.JsonCacheTest -->
