<?xml version="1.0" encoding="UTF-8"?>
<!-- Generated by org.testng.reporters.JUnitReportReporter -->
<testsuite skipped="0" hostname="tkao-mac" name="org.openapitools.codegen.java.JavaModelEnumTest" tests="5" failures="0" timestamp="01 Oct 2019 20:46:36 GMT" time="0.028" errors="0">
  <testcase name="overrideEnumTest" time="0.003" classname="org.openapitools.codegen.java.JavaModelEnumTest"/>
  <testcase name="converterInArrayTest" time="0.001" classname="org.openapitools.codegen.java.JavaModelEnumTest"/>
  <testcase name="converterTest" time="0.001" classname="org.openapitools.codegen.java.JavaModelEnumTest"/>
  <testcase name="converterInArrayInArrayTest" time="0.004" classname="org.openapitools.codegen.java.JavaModelEnumTest"/>
  <testcase name="testEnumTestSchema" time="0.019" classname="org.openapitools.codegen.java.JavaModelEnumTest"/>
</testsuite> <!-- org.openapitools.codegen.java.JavaModelEnumTest -->
