<?xml version="1.0" encoding="UTF-8"?>
<!-- Generated by org.testng.reporters.JUnitReportReporter -->
<testsuite skipped="0" hostname="tkao-mac" name="org.openapitools.codegen.ruby.RubyClientCodegenTest" tests="21" failures="0" timestamp="01 Oct 2019 20:46:36 GMT" time="0.482" errors="0">
  <testcase name="oneOfTest" time="0.002" classname="org.openapitools.codegen.ruby.RubyClientCodegenTest"/>
  <testcase name="testAdditionalPropertiesPutForConfigValues" time="0.001" classname="org.openapitools.codegen.ruby.RubyClientCodegenTest"/>
  <testcase name="testBooleanDefaultValue" time="0.149" classname="org.openapitools.codegen.ruby.RubyClientCodegenTest"/>
  <testcase name="allOfCompositionTest" time="0.013" classname="org.openapitools.codegen.ruby.RubyClientCodegenTest"/>
  <testcase name="testGenerateRubyClientWithHtmlEntity" time="0.092" classname="org.openapitools.codegen.ruby.RubyClientCodegenTest"/>
  <testcase name="exampleStringFromExampleParameterOAS2Test" time="0.022" classname="org.openapitools.codegen.ruby.RubyClientCodegenTest"/>
  <testcase name="allOfTest" time="0.004" classname="org.openapitools.codegen.ruby.RubyClientCodegenTest"/>
  <testcase name="nullableParameterOAS2Test" time="0.017" classname="org.openapitools.codegen.ruby.RubyClientCodegenTest"/>
  <testcase name="bodyParameterTest" time="0.069" classname="org.openapitools.codegen.ruby.RubyClientCodegenTest"/>
  <testcase name="exampleRegexParameterValidationOAS3Test" time="0.005" classname="org.openapitools.codegen.ruby.RubyClientCodegenTest"/>
  <testcase name="testInitialConfigValues" time="0.000" classname="org.openapitools.codegen.ruby.RubyClientCodegenTest"/>
  <testcase name="propertiesWithoutNullableTest" time="0.006" classname="org.openapitools.codegen.ruby.RubyClientCodegenTest"/>
  <testcase name="nullablePropertyTest" time="0.007" classname="org.openapitools.codegen.ruby.RubyClientCodegenTest"/>
  <testcase name="allOfMappingDuplicatedPropertiesTestForChild" time="0.005" classname="org.openapitools.codegen.ruby.RubyClientCodegenTest"/>
  <testcase name="testSettersForConfigValues" time="0.001" classname="org.openapitools.codegen.ruby.RubyClientCodegenTest"/>
  <testcase name="enumParameterTest" time="0.058" classname="org.openapitools.codegen.ruby.RubyClientCodegenTest"/>
  <testcase name="nullableParameterOAS3Test" time="0.007" classname="org.openapitools.codegen.ruby.RubyClientCodegenTest"/>
  <testcase name="anyOfTest" time="0.006" classname="org.openapitools.codegen.ruby.RubyClientCodegenTest"/>
  <testcase name="exampleStringFromXExampleParameterOAS3Test" time="0.009" classname="org.openapitools.codegen.ruby.RubyClientCodegenTest"/>
  <testcase name="allOfMappingDuplicatedPropertiesTestForAdult" time="0.005" classname="org.openapitools.codegen.ruby.RubyClientCodegenTest"/>
  <testcase name="allOfDuplicatedPropertiesTest" time="0.004" classname="org.openapitools.codegen.ruby.RubyClientCodegenTest"/>
</testsuite> <!-- org.openapitools.codegen.ruby.RubyClientCodegenTest -->
