<?xml version="1.0" encoding="UTF-8"?>
<!-- Generated by org.testng.reporters.JUnitReportReporter -->
<testsuite skipped="0" hostname="tkao-mac" name="org.openapitools.codegen.java.jaxrs.JavaJaxrsResteasyServerCodegenModelTest" tests="5" failures="0" timestamp="04 Sep 2019 18:12:08 GMT" time="0.119" errors="0">
  <testcase name="doNotGenerateJsonAnnotationForPolymorphismIfJsonExclude" time="0.036" classname="org.openapitools.codegen.java.jaxrs.JavaJaxrsResteasyServerCodegenModelTest"/>
  <testcase name="addDefaultValueDocumentationForNonContainers" time="0.027" classname="org.openapitools.codegen.java.jaxrs.JavaJaxrsResteasyServerCodegenModelTest"/>
  <testcase name="generateJsonAnnotationForPolymorphism" time="0.036" classname="org.openapitools.codegen.java.jaxrs.JavaJaxrsResteasyServerCodegenModelTest"/>
  <testcase name="doNotAddDefaultValueDocumentationForContainers" time="0.019" classname="org.openapitools.codegen.java.jaxrs.JavaJaxrsResteasyServerCodegenModelTest"/>
  <testcase name="mapModelTest" time="0.001" classname="org.openapitools.codegen.java.jaxrs.JavaJaxrsResteasyServerCodegenModelTest"/>
</testsuite> <!-- org.openapitools.codegen.java.jaxrs.JavaJaxrsResteasyServerCodegenModelTest -->
