<?xml version="1.0" encoding="UTF-8"?>
<!-- Generated by org.testng.reporters.JUnitReportReporter -->
<testsuite skipped="0" hostname="tkao-mac" name="org.openapitools.codegen.rubysinatra.RubySinatraServerOptionsTest" tests="2" failures="0" timestamp="04 Sep 2019 18:12:08 GMT" time="0.161" errors="0">
  <testcase name="checkOptionsProcessing" time="0.157" classname="org.openapitools.codegen.rubysinatra.RubySinatraServerOptionsTest"/>
  <testcase name="checkOptionsHelp" time="0.004" classname="org.openapitools.codegen.rubysinatra.RubySinatraServerOptionsTest"/>
</testsuite> <!-- org.openapitools.codegen.rubysinatra.RubySinatraServerOptionsTest -->
