<?xml version="1.0" encoding="UTF-8"?>
<!-- Generated by org.testng.reporters.JUnitReportReporter -->
<testsuite skipped="0" hostname="tkao-mac" name="org.openapitools.codegen.typescript.typescriptangularjs.TypeScriptAngularJsModelTest" tests="6" failures="0" timestamp="01 Oct 2019 20:46:36 GMT" time="0.011" errors="0">
  <testcase name="arrayModelTest" time="0.005" classname="org.openapitools.codegen.typescript.typescriptangularjs.TypeScriptAngularJsModelTest"/>
  <testcase name="complexListPropertyTest" time="0.001" classname="org.openapitools.codegen.typescript.typescriptangularjs.TypeScriptAngularJsModelTest"/>
  <testcase name="simpleModelTest" time="0.001" classname="org.openapitools.codegen.typescript.typescriptangularjs.TypeScriptAngularJsModelTest"/>
  <testcase name="listPropertyTest" time="0.001" classname="org.openapitools.codegen.typescript.typescriptangularjs.TypeScriptAngularJsModelTest"/>
  <testcase name="complexPropertyTest" time="0.001" classname="org.openapitools.codegen.typescript.typescriptangularjs.TypeScriptAngularJsModelTest"/>
  <testcase name="mapModelTest" time="0.002" classname="org.openapitools.codegen.typescript.typescriptangularjs.TypeScriptAngularJsModelTest"/>
</testsuite> <!-- org.openapitools.codegen.typescript.typescriptangularjs.TypeScriptAngularJsModelTest -->
