<?xml version="1.0" encoding="UTF-8"?>
<!-- Generated by org.testng.reporters.JUnitReportReporter -->
<testsuite skipped="0" hostname="tkao-mac" name="org.openapitools.codegen.elm.ElmClientCodegenTest" tests="2" failures="0" timestamp="01 Oct 2019 20:46:36 GMT" time="0.025" errors="0">
  <testcase name="testGenerateRootEndpoint" time="0.022" classname="org.openapitools.codegen.elm.ElmClientCodegenTest"/>
  <testcase name="testPostProcessRootEndpoint" time="0.003" classname="org.openapitools.codegen.elm.ElmClientCodegenTest"/>
</testsuite> <!-- org.openapitools.codegen.elm.ElmClientCodegenTest -->
