<?xml version="1.0" encoding="UTF-8"?>
<!-- Generated by org.testng.reporters.JUnitReportReporter -->
<testsuite skipped="0" hostname="tkao-mac" name="org.openapitools.codegen.slim.PhpSlimServerCodegenTest" tests="9" failures="0" timestamp="04 Sep 2019 18:12:08 GMT" time="0.006" errors="0">
  <testcase name="apiFileFolder" time="0.000" classname="org.openapitools.codegen.slim.PhpSlimServerCodegenTest"/>
  <testcase name="modelFileFolder" time="0.000" classname="org.openapitools.codegen.slim.PhpSlimServerCodegenTest"/>
  <testcase name="modelFileFolder" time="0.000" classname="org.openapitools.codegen.slim.PhpSlimServerCodegenTest"/>
  <testcase name="modelFileFolder" time="0.001" classname="org.openapitools.codegen.slim.PhpSlimServerCodegenTest"/>
  <testcase name="apiFileFolder" time="0.000" classname="org.openapitools.codegen.slim.PhpSlimServerCodegenTest"/>
  <testcase name="testEncodePath" time="0.003" classname="org.openapitools.codegen.slim.PhpSlimServerCodegenTest"/>
  <testcase name="apiFileFolder" time="0.001" classname="org.openapitools.codegen.slim.PhpSlimServerCodegenTest"/>
  <testcase name="apiFileFolder" time="0.001" classname="org.openapitools.codegen.slim.PhpSlimServerCodegenTest"/>
  <testcase name="modelFileFolder" time="0.000" classname="org.openapitools.codegen.slim.PhpSlimServerCodegenTest"/>
</testsuite> <!-- org.openapitools.codegen.slim.PhpSlimServerCodegenTest -->
