<?xml version="1.0" encoding="UTF-8"?>
<!-- Generated by org.testng.reporters.JUnitReportReporter -->
<testsuite skipped="0" hostname="tkao-mac" name="org.openapitools.codegen.swift3.Swift3OptionsTest" tests="2" failures="0" timestamp="01 Oct 2019 20:46:36 GMT" time="0.287" errors="0">
  <testcase name="checkOptionsHelp" time="0.068" classname="org.openapitools.codegen.swift3.Swift3OptionsTest"/>
  <testcase name="checkOptionsProcessing" time="0.219" classname="org.openapitools.codegen.swift3.Swift3OptionsTest"/>
</testsuite> <!-- org.openapitools.codegen.swift3.Swift3OptionsTest -->
