<?xml version="1.0" encoding="UTF-8"?>
<!-- Generated by org.testng.reporters.JUnitReportReporter -->
<testsuite skipped="0" hostname="tkao-mac" name="org.openapitools.codegen.yaml.YamlGeneratorTest" tests="2" failures="0" timestamp="04 Sep 2019 18:12:08 GMT" time="0.042" errors="0">
  <testcase name="testGeneratePingOtherOutputFile" time="0.008" classname="org.openapitools.codegen.yaml.YamlGeneratorTest"/>
  <testcase name="testGeneratePing" time="0.034" classname="org.openapitools.codegen.yaml.YamlGeneratorTest"/>
</testsuite> <!-- org.openapitools.codegen.yaml.YamlGeneratorTest -->
