<?xml version="1.0" encoding="UTF-8"?>
<!-- Generated by org.testng.reporters.JUnitReportReporter -->
<testsuite skipped="0" hostname="tkao-mac" name="org.openapitools.codegen.typescript.typescriptangularjs.TypeScriptAngularJsClientOptionsTest" tests="2" failures="0" timestamp="01 Oct 2019 20:46:36 GMT" time="0.208" errors="0">
  <testcase name="checkOptionsProcessing" time="0.207" classname="org.openapitools.codegen.typescript.typescriptangularjs.TypeScriptAngularJsClientOptionsTest"/>
  <testcase name="checkOptionsHelp" time="0.001" classname="org.openapitools.codegen.typescript.typescriptangularjs.TypeScriptAngularJsClientOptionsTest"/>
</testsuite> <!-- org.openapitools.codegen.typescript.typescriptangularjs.TypeScriptAngularJsClientOptionsTest -->
