<?xml version="1.0" encoding="UTF-8"?>
<!-- Generated by org.testng.reporters.JUnitReportReporter -->
<testsuite skipped="0" hostname="tkao-mac" name="org.openapitools.codegen.php.PhpModelTest" tests="19" failures="0" timestamp="04 Sep 2019 18:12:08 GMT" time="0.072" errors="0">
  <testcase name="mapModelTest" time="0.000" classname="org.openapitools.codegen.php.PhpModelTest"/>
  <testcase name="complexPropertyTest" time="0.001" classname="org.openapitools.codegen.php.PhpModelTest"/>
  <testcase name="complexMapSchema" time="0.000" classname="org.openapitools.codegen.php.PhpModelTest"/>
  <testcase name="enumMdoelValueTest" time="0.030" classname="org.openapitools.codegen.php.PhpModelTest"/>
  <testcase name="modelNameTest" time="0.000" classname="org.openapitools.codegen.php.PhpModelTest"/>
  <testcase name="dateTest" time="0.002" classname="org.openapitools.codegen.php.PhpModelTest"/>
  <testcase name="modelNameTest" time="0.000" classname="org.openapitools.codegen.php.PhpModelTest"/>
  <testcase name="listPropertyTest" time="0.001" classname="org.openapitools.codegen.php.PhpModelTest"/>
  <testcase name="complexListProperty" time="0.001" classname="org.openapitools.codegen.php.PhpModelTest"/>
  <testcase name="testReservedWord" time="0.000" classname="org.openapitools.codegen.php.PhpModelTest"/>
  <testcase name="modelNameTest" time="0.000" classname="org.openapitools.codegen.php.PhpModelTest"/>
  <testcase name="modelNameTest" time="0.000" classname="org.openapitools.codegen.php.PhpModelTest"/>
  <testcase name="arrayModelTest" time="0.001" classname="org.openapitools.codegen.php.PhpModelTest"/>
  <testcase name="modelNameTest" time="0.000" classname="org.openapitools.codegen.php.PhpModelTest"/>
  <testcase name="mapPropertyTest" time="0.001" classname="org.openapitools.codegen.php.PhpModelTest"/>
  <testcase name="simpleModelTest" time="0.001" classname="org.openapitools.codegen.php.PhpModelTest"/>
  <testcase name="enumArrayModelTest" time="0.033" classname="org.openapitools.codegen.php.PhpModelTest"/>
  <testcase name="modelNameTest" time="0.000" classname="org.openapitools.codegen.php.PhpModelTest"/>
  <testcase name="modelNameTest" time="0.001" classname="org.openapitools.codegen.php.PhpModelTest"/>
</testsuite> <!-- org.openapitools.codegen.php.PhpModelTest -->
