<?xml version="1.0" encoding="UTF-8"?>
<!-- Generated by org.testng.reporters.JUnitReportReporter -->
<testsuite skipped="0" hostname="tkao-mac" name="org.openapitools.codegen.go.GoClientCodegenTest" tests="5" failures="0" timestamp="01 Oct 2019 20:46:36 GMT" time="0.446" errors="0">
  <testcase name="testAdditionalPropertiesPutForConfigValues" time="0.001" classname="org.openapitools.codegen.go.GoClientCodegenTest"/>
  <testcase name="testInitialConfigValues" time="0.000" classname="org.openapitools.codegen.go.GoClientCodegenTest"/>
  <testcase name="bodyParameterTest" time="0.444" classname="org.openapitools.codegen.go.GoClientCodegenTest"/>
  <testcase name="testFilenames" time="0.001" classname="org.openapitools.codegen.go.GoClientCodegenTest"/>
  <testcase name="testSettersForConfigValues" time="0.000" classname="org.openapitools.codegen.go.GoClientCodegenTest"/>
</testsuite> <!-- org.openapitools.codegen.go.GoClientCodegenTest -->
