<?xml version="1.0" encoding="UTF-8"?>
<!-- Generated by org.testng.reporters.JUnitReportReporter -->
<testsuite skipped="0" hostname="tkao-mac" name="org.openapitools.codegen.config.DynamicSettingsTest" tests="3" failures="0" timestamp="01 Oct 2019 20:46:36 GMT" time="0.037" errors="0">
  <testcase name="tesDynamicSettingsWithDynamicProperties" time="0.035" classname="org.openapitools.codegen.config.DynamicSettingsTest"/>
  <testcase name="testDynamicSettingsWithBuilderSideEffects" time="0.001" classname="org.openapitools.codegen.config.DynamicSettingsTest"/>
  <testcase name="testDynamicSettingsSetsConstructorDefaultsOnDeserialization" time="0.001" classname="org.openapitools.codegen.config.DynamicSettingsTest"/>
</testsuite> <!-- org.openapitools.codegen.config.DynamicSettingsTest -->
