<?xml version="1.0" encoding="UTF-8"?>
<!-- Generated by org.testng.reporters.JUnitReportReporter -->
<testsuite skipped="0" hostname="tkao-mac" name="org.openapitools.codegen.go.GoClientCodegenTest" tests="5" failures="0" timestamp="04 Sep 2019 18:12:08 GMT" time="0.524" errors="0">
  <testcase name="testAdditionalPropertiesPutForConfigValues" time="0.001" classname="org.openapitools.codegen.go.GoClientCodegenTest"/>
  <testcase name="testInitialConfigValues" time="0.001" classname="org.openapitools.codegen.go.GoClientCodegenTest"/>
  <testcase name="bodyParameterTest" time="0.522" classname="org.openapitools.codegen.go.GoClientCodegenTest"/>
  <testcase name="testFilenames" time="0.000" classname="org.openapitools.codegen.go.GoClientCodegenTest"/>
  <testcase name="testSettersForConfigValues" time="0.000" classname="org.openapitools.codegen.go.GoClientCodegenTest"/>
</testsuite> <!-- org.openapitools.codegen.go.GoClientCodegenTest -->
