<?xml version="1.0" encoding="UTF-8"?>
<!-- Generated by org.testng.reporters.JUnitReportReporter -->
<testsuite skipped="0" hostname="tkao-mac" name="org.openapitools.codegen.objc.ObjcModelTest" tests="14" failures="0" timestamp="04 Sep 2019 18:12:08 GMT" time="0.175" errors="0">
  <testcase name="mapPropertyTest" time="0.001" classname="org.openapitools.codegen.objc.ObjcModelTest"/>
  <testcase name="arrayModelTest" time="0.002" classname="org.openapitools.codegen.objc.ObjcModelTest"/>
  <testcase name="complexPropertyTest" time="0.000" classname="org.openapitools.codegen.objc.ObjcModelTest"/>
  <testcase name="mapModelTest" time="0.001" classname="org.openapitools.codegen.objc.ObjcModelTest"/>
  <testcase name="mixedPropertiesDataModelTest" time="0.055" classname="org.openapitools.codegen.objc.ObjcModelTest"/>
  <testcase name="binaryDataModelTest" time="0.006" classname="org.openapitools.codegen.objc.ObjcModelTest"/>
  <testcase name="issue316Test" time="0.008" classname="org.openapitools.codegen.objc.ObjcModelTest"/>
  <testcase name="complexListPropertyTest" time="0.001" classname="org.openapitools.codegen.objc.ObjcModelTest"/>
  <testcase name="isArrayModelModelTest" time="0.056" classname="org.openapitools.codegen.objc.ObjcModelTest"/>
  <testcase name="simpleModelTest" time="0.001" classname="org.openapitools.codegen.objc.ObjcModelTest"/>
  <testcase name="complexMapPropertyTest" time="0.001" classname="org.openapitools.codegen.objc.ObjcModelTest"/>
  <testcase name="advancedMapPropertyTest" time="0.002" classname="org.openapitools.codegen.objc.ObjcModelTest"/>
  <testcase name="udidAndPasswordDataModelTest" time="0.040" classname="org.openapitools.codegen.objc.ObjcModelTest"/>
  <testcase name="listPropertyTest" time="0.001" classname="org.openapitools.codegen.objc.ObjcModelTest"/>
</testsuite> <!-- org.openapitools.codegen.objc.ObjcModelTest -->
