<?xml version="1.0" encoding="UTF-8"?>
<!-- Generated by org.testng.reporters.JUnitReportReporter -->
<testsuite skipped="0" hostname="tkao-mac" name="org.openapitools.codegen.java.spring.SpringCodegenTest" tests="10" failures="0" timestamp="01 Oct 2019 20:46:36 GMT" time="0.057" errors="0">
  <testcase name="interfaceDefaultImplDisableWithReponseWrapper" time="0.001" classname="org.openapitools.codegen.java.spring.SpringCodegenTest"/>
  <testcase name="testSettersForConfigValues" time="0.001" classname="org.openapitools.codegen.java.spring.SpringCodegenTest"/>
  <testcase name="springcloudWithAsyncHasResponseWrapperCallable" time="0.000" classname="org.openapitools.codegen.java.spring.SpringCodegenTest"/>
  <testcase name="reactiveRequiredSpringBoot" time="0.000" classname="org.openapitools.codegen.java.spring.SpringCodegenTest"/>
  <testcase name="clientOptsUnicity" time="0.006" classname="org.openapitools.codegen.java.spring.SpringCodegenTest"/>
  <testcase name="springcloudWithAsyncAndJava8HasResponseWrapperCompletableFuture" time="0.000" classname="org.openapitools.codegen.java.spring.SpringCodegenTest"/>
  <testcase name="testAdditionalPropertiesPutForConfigValues" time="0.001" classname="org.openapitools.codegen.java.spring.SpringCodegenTest"/>
  <testcase name="testInitialConfigValues" time="0.000" classname="org.openapitools.codegen.java.spring.SpringCodegenTest"/>
  <testcase name="springcloudWithJava8DisabeJdk8" time="0.000" classname="org.openapitools.codegen.java.spring.SpringCodegenTest"/>
  <testcase name="doNotGenerateRequestParamForObjectQueryParam" time="0.048" classname="org.openapitools.codegen.java.spring.SpringCodegenTest"/>
</testsuite> <!-- org.openapitools.codegen.java.spring.SpringCodegenTest -->
