<?xml version="1.0" encoding="UTF-8"?>
<!-- Generated by org.testng.reporters.JUnitReportReporter -->
<testsuite skipped="0" hostname="tkao-mac" name="org.openapitools.codegen.templating.handlebars.StringHelpersTest" tests="3" failures="0" timestamp="01 Oct 2019 20:46:36 GMT" time="0.185" errors="0">
  <testcase name="startsWithSectionalTest" time="0.124" classname="org.openapitools.codegen.templating.handlebars.StringHelpersTest"/>
  <testcase name="startsWithTest" time="0.058" classname="org.openapitools.codegen.templating.handlebars.StringHelpersTest"/>
  <testcase name="startsWithYesOverrideTest" time="0.003" classname="org.openapitools.codegen.templating.handlebars.StringHelpersTest"/>
</testsuite> <!-- org.openapitools.codegen.templating.handlebars.StringHelpersTest -->
