<?xml version="1.0" encoding="UTF-8"?>
<!-- Generated by org.testng.reporters.JUnitReportReporter -->
<testsuite skipped="0" hostname="tkao-mac" name="org.openapitools.codegen.kotlin.KotlinClientCodegenModelTest" tests="13" failures="0" timestamp="01 Oct 2019 20:46:36 GMT" time="0.016" errors="0">
  <testcase name="sanitizeModelNames" time="0.001" classname="org.openapitools.codegen.kotlin.KotlinClientCodegenModelTest"/>
  <testcase name="mapPropertyTest" time="0.001" classname="org.openapitools.codegen.kotlin.KotlinClientCodegenModelTest"/>
  <testcase name="sanitizeModelNames" time="0.001" classname="org.openapitools.codegen.kotlin.KotlinClientCodegenModelTest"/>
  <testcase name="listPropertyTest" time="0.001" classname="org.openapitools.codegen.kotlin.KotlinClientCodegenModelTest"/>
  <testcase name="sanitizeModelNames" time="0.001" classname="org.openapitools.codegen.kotlin.KotlinClientCodegenModelTest"/>
  <testcase name="sanitizeModelNames" time="0.001" classname="org.openapitools.codegen.kotlin.KotlinClientCodegenModelTest"/>
  <testcase name="selectDateLibraryAsJava8" time="0.001" classname="org.openapitools.codegen.kotlin.KotlinClientCodegenModelTest"/>
  <testcase name="arrayPropertyTest" time="0.005" classname="org.openapitools.codegen.kotlin.KotlinClientCodegenModelTest"/>
  <testcase name="sanitizeModelNames" time="0.000" classname="org.openapitools.codegen.kotlin.KotlinClientCodegenModelTest"/>
  <testcase name="complexPropertyTest" time="0.001" classname="org.openapitools.codegen.kotlin.KotlinClientCodegenModelTest"/>
  <testcase name="selectDateLibraryAsThreetenbp" time="0.001" classname="org.openapitools.codegen.kotlin.KotlinClientCodegenModelTest"/>
  <testcase name="simpleModelTest" time="0.001" classname="org.openapitools.codegen.kotlin.KotlinClientCodegenModelTest"/>
  <testcase name="selectDateLibraryAsString" time="0.001" classname="org.openapitools.codegen.kotlin.KotlinClientCodegenModelTest"/>
</testsuite> <!-- org.openapitools.codegen.kotlin.KotlinClientCodegenModelTest -->
