<?xml version="1.0" encoding="UTF-8"?>
<!-- Generated by org.testng.reporters.JUnitReportReporter -->
<testsuite skipped="0" hostname="tkao-mac" name="org.openapitools.codegen.java.JavaClientCodegenTest" tests="18" failures="0" timestamp="04 Sep 2019 18:12:08 GMT" time="0.362" errors="0">
  <testcase name="testBearerAuth" time="0.001" classname="org.openapitools.codegen.java.JavaClientCodegenTest"/>
  <testcase name="testParametersAreCorrectlyOrderedWhenUsingRetrofit" time="0.001" classname="org.openapitools.codegen.java.JavaClientCodegenTest"/>
  <testcase name="testPackageNamesSetInvokerDerivedFromModel" time="0.000" classname="org.openapitools.codegen.java.JavaClientCodegenTest"/>
  <testcase name="testInitialConfigValues" time="0.000" classname="org.openapitools.codegen.java.JavaClientCodegenTest"/>
  <testcase name="arraysInRequestBody" time="0.009" classname="org.openapitools.codegen.java.JavaClientCodegenTest"/>
  <testcase name="testAuthorizationScopeValues_Issue392" time="0.013" classname="org.openapitools.codegen.java.JavaClientCodegenTest"/>
  <testcase name="updateCodegenPropertyEnumWithCustomNames" time="0.000" classname="org.openapitools.codegen.java.JavaClientCodegenTest"/>
  <testcase name="testGetSchemaTypeWithComposedSchemaWithAllOf" time="0.012" classname="org.openapitools.codegen.java.JavaClientCodegenTest"/>
  <testcase name="updateCodegenPropertyEnum" time="0.001" classname="org.openapitools.codegen.java.JavaClientCodegenTest"/>
  <testcase name="testSettersForConfigValues" time="0.001" classname="org.openapitools.codegen.java.JavaClientCodegenTest"/>
  <testcase name="testReferencedHeader" time="0.006" classname="org.openapitools.codegen.java.JavaClientCodegenTest"/>
  <testcase name="testJdkHttpClient" time="0.053" classname="org.openapitools.codegen.java.JavaClientCodegenTest"/>
  <testcase name="testFreeFormObjects" time="0.005" classname="org.openapitools.codegen.java.JavaClientCodegenTest"/>
  <testcase name="nullValuesInComposedSchema" time="0.001" classname="org.openapitools.codegen.java.JavaClientCodegenTest"/>
  <testcase name="testAdditionalPropertiesPutForConfigValues" time="0.001" classname="org.openapitools.codegen.java.JavaClientCodegenTest"/>
  <testcase name="escapeName" time="0.000" classname="org.openapitools.codegen.java.JavaClientCodegenTest"/>
  <testcase name="testPackageNamesSetInvokerDerivedFromApi" time="0.001" classname="org.openapitools.codegen.java.JavaClientCodegenTest"/>
  <testcase name="testGeneratePing" time="0.257" classname="org.openapitools.codegen.java.JavaClientCodegenTest"/>
</testsuite> <!-- org.openapitools.codegen.java.JavaClientCodegenTest -->
