<?xml version="1.0" encoding="UTF-8"?>
<!-- Generated by org.testng.reporters.JUnitReportReporter -->
<testsuite skipped="0" hostname="tkao-mac" name="org.openapitools.codegen.typescript.aurelia.TypeScriptAureliaClientOptionsTest" tests="2" failures="0" timestamp="04 Sep 2019 18:12:08 GMT" time="0.169" errors="0">
  <testcase name="checkOptionsHelp" time="0.002" classname="org.openapitools.codegen.typescript.aurelia.TypeScriptAureliaClientOptionsTest"/>
  <testcase name="checkOptionsProcessing" time="0.167" classname="org.openapitools.codegen.typescript.aurelia.TypeScriptAureliaClientOptionsTest"/>
</testsuite> <!-- org.openapitools.codegen.typescript.aurelia.TypeScriptAureliaClientOptionsTest -->
