<?xml version="1.0" encoding="UTF-8"?>
<!-- Generated by org.testng.reporters.JUnitReportReporter -->
<testsuite skipped="0" hostname="tkao-mac" name="org.openapitools.codegen.typescript.typescriptangular.TypeScriptAngularClientCodegenTest" tests="6" failures="0" timestamp="04 Sep 2019 18:12:08 GMT" time="0.010" errors="0">
  <testcase name="testWithoutSnapshotVersion" time="0.000" classname="org.openapitools.codegen.typescript.typescriptangular.TypeScriptAngularClientCodegenTest"/>
  <testcase name="testModelFileSuffix" time="0.006" classname="org.openapitools.codegen.typescript.typescriptangular.TypeScriptAngularClientCodegenTest"/>
  <testcase name="testSchema" time="0.001" classname="org.openapitools.codegen.typescript.typescriptangular.TypeScriptAngularClientCodegenTest"/>
  <testcase name="testRemovePrefixSuffix" time="0.000" classname="org.openapitools.codegen.typescript.typescriptangular.TypeScriptAngularClientCodegenTest"/>
  <testcase name="testOperationIdParser" time="0.001" classname="org.openapitools.codegen.typescript.typescriptangular.TypeScriptAngularClientCodegenTest"/>
  <testcase name="testSnapshotVersion" time="0.002" classname="org.openapitools.codegen.typescript.typescriptangular.TypeScriptAngularClientCodegenTest"/>
</testsuite> <!-- org.openapitools.codegen.typescript.typescriptangular.TypeScriptAngularClientCodegenTest -->
