<?xml version="1.0" encoding="UTF-8"?>
<!-- Generated by org.testng.reporters.JUnitReportReporter -->
<testsuite skipped="0" hostname="tkao-mac" name="org.openapitools.codegen.html.StaticHtmlGeneratorTest" tests="3" failures="0" timestamp="04 Sep 2019 18:12:08 GMT" time="0.033" errors="0">
  <testcase name="testAdditionalPropertiesFalse" time="0.029" classname="org.openapitools.codegen.html.StaticHtmlGeneratorTest"/>
  <testcase name="testSpecWithoutSchema" time="0.003" classname="org.openapitools.codegen.html.StaticHtmlGeneratorTest"/>
  <testcase name="testFromPropertyWithUnderscores" time="0.001" classname="org.openapitools.codegen.html.StaticHtmlGeneratorTest"/>
</testsuite> <!-- org.openapitools.codegen.html.StaticHtmlGeneratorTest -->
