<?xml version="1.0" encoding="UTF-8"?>
<!-- Generated by org.testng.reporters.JUnitReportReporter -->
<testsuite skipped="0" hostname="tkao-mac" name="org.openapitools.codegen.python.PythonClientCodegenTest" tests="6" failures="0" timestamp="01 Oct 2019 20:46:36 GMT" time="0.010" errors="0">
  <testcase name="testSingleQuotes" time="0.000" classname="org.openapitools.codegen.python.PythonClientCodegenTest"/>
  <testcase name="testAdditionalPropertiesPutForConfigValues" time="0.001" classname="org.openapitools.codegen.python.PythonClientCodegenTest"/>
  <testcase name="testRegularExpressionOpenAPISchemaVersion3" time="0.006" classname="org.openapitools.codegen.python.PythonClientCodegenTest"/>
  <testcase name="testSettersForConfigValues" time="0.000" classname="org.openapitools.codegen.python.PythonClientCodegenTest"/>
  <testcase name="testEnumNull" time="0.003" classname="org.openapitools.codegen.python.PythonClientCodegenTest"/>
  <testcase name="testInitialConfigValues" time="0.000" classname="org.openapitools.codegen.python.PythonClientCodegenTest"/>
</testsuite> <!-- org.openapitools.codegen.python.PythonClientCodegenTest -->
