<?xml version="1.0" encoding="UTF-8"?>
<!-- Generated by org.testng.reporters.JUnitReportReporter -->
<testsuite skipped="0" hostname="tkao-mac" name="org.openapitools.codegen.slim.PhpSlimServerOptionsTest" tests="2" failures="0" timestamp="04 Sep 2019 18:12:08 GMT" time="0.212" errors="0">
  <testcase name="checkOptionsHelp" time="0.006" classname="org.openapitools.codegen.slim.PhpSlimServerOptionsTest"/>
  <testcase name="checkOptionsProcessing" time="0.206" classname="org.openapitools.codegen.slim.PhpSlimServerOptionsTest"/>
</testsuite> <!-- org.openapitools.codegen.slim.PhpSlimServerOptionsTest -->
