<?xml version="1.0" encoding="UTF-8"?>
<!-- Generated by org.testng.reporters.JUnitReportReporter -->
<testsuite skipped="0" hostname="tkao-mac" name="org.openapitools.codegen.typescript.fetch.TypeScriptFetchModelTest" tests="8" failures="0" timestamp="01 Oct 2019 20:46:36 GMT" time="0.134" errors="0">
  <testcase name="listPropertyTest" time="0.001" classname="org.openapitools.codegen.typescript.fetch.TypeScriptFetchModelTest"/>
  <testcase name="simpleModelTest" time="0.001" classname="org.openapitools.codegen.typescript.fetch.TypeScriptFetchModelTest"/>
  <testcase name="enumArrayMdoelTest" time="0.066" classname="org.openapitools.codegen.typescript.fetch.TypeScriptFetchModelTest"/>
  <testcase name="complexPropertyTest" time="0.001" classname="org.openapitools.codegen.typescript.fetch.TypeScriptFetchModelTest"/>
  <testcase name="enumMdoelValueTest" time="0.060" classname="org.openapitools.codegen.typescript.fetch.TypeScriptFetchModelTest"/>
  <testcase name="arrayModelTest" time="0.003" classname="org.openapitools.codegen.typescript.fetch.TypeScriptFetchModelTest"/>
  <testcase name="complexListPropertyTest" time="0.002" classname="org.openapitools.codegen.typescript.fetch.TypeScriptFetchModelTest"/>
  <testcase name="mapModelTest" time="0.000" classname="org.openapitools.codegen.typescript.fetch.TypeScriptFetchModelTest"/>
</testsuite> <!-- org.openapitools.codegen.typescript.fetch.TypeScriptFetchModelTest -->
