<?xml version="1.0" encoding="UTF-8"?>
<!-- Generated by org.testng.reporters.JUnitReportReporter -->
<testsuite skipped="0" hostname="tkao-mac" name="org.openapitools.codegen.java.JavaInheritanceTest" tests="2" failures="0" timestamp="01 Oct 2019 20:46:36 GMT" time="0.004" errors="0">
  <testcase name="javaInheritanceTest" time="0.004" classname="org.openapitools.codegen.java.JavaInheritanceTest"/>
  <testcase name="javaInheritanceWithDiscriminatorTest" time="0.000" classname="org.openapitools.codegen.java.JavaInheritanceTest"/>
</testsuite> <!-- org.openapitools.codegen.java.JavaInheritanceTest -->
