<?xml version="1.0" encoding="UTF-8"?>
<!-- Generated by org.testng.reporters.JUnitReportReporter -->
<testsuite skipped="0" hostname="tkao-mac" name="org.openapitools.codegen.lumen.PhpLumenServerOptionsTest" tests="2" failures="0" timestamp="04 Sep 2019 18:12:08 GMT" time="0.204" errors="0">
  <testcase name="checkOptionsProcessing" time="0.200" classname="org.openapitools.codegen.lumen.PhpLumenServerOptionsTest"/>
  <testcase name="checkOptionsHelp" time="0.004" classname="org.openapitools.codegen.lumen.PhpLumenServerOptionsTest"/>
</testsuite> <!-- org.openapitools.codegen.lumen.PhpLumenServerOptionsTest -->
