<?xml version="1.0" encoding="UTF-8"?>
<!-- Generated by org.testng.reporters.JUnitReportReporter -->
<testsuite skipped="0" hostname="tkao-mac" name="org.openapitools.codegen.haskellservant.HaskellServantOptionsTest" tests="2" failures="0" timestamp="01 Oct 2019 20:46:36 GMT" time="0.131" errors="0">
  <testcase name="checkOptionsHelp" time="0.004" classname="org.openapitools.codegen.haskellservant.HaskellServantOptionsTest"/>
  <testcase name="checkOptionsProcessing" time="0.127" classname="org.openapitools.codegen.haskellservant.HaskellServantOptionsTest"/>
</testsuite> <!-- org.openapitools.codegen.haskellservant.HaskellServantOptionsTest -->
