<?xml version="1.0" encoding="UTF-8"?>
<!-- Generated by org.testng.reporters.JUnitReportReporter -->
<testsuite skipped="0" hostname="tkao-mac" name="org.openapitools.codegen.bash.BashTest" tests="5" failures="0" timestamp="04 Sep 2019 18:12:08 GMT" time="0.044" errors="0">
  <testcase name="escapeReservedWordTest" time="0.002" classname="org.openapitools.codegen.bash.BashTest"/>
  <testcase name="petstoreOperationTest" time="0.032" classname="org.openapitools.codegen.bash.BashTest"/>
  <testcase name="escapeUnsafeCharactersTest" time="0.000" classname="org.openapitools.codegen.bash.BashTest"/>
  <testcase name="petstoreParameterExampleTest" time="0.008" classname="org.openapitools.codegen.bash.BashTest"/>
  <testcase name="escapeTextTest" time="0.002" classname="org.openapitools.codegen.bash.BashTest"/>
</testsuite> <!-- org.openapitools.codegen.bash.BashTest -->
