<?xml version="1.0" encoding="UTF-8"?>
<!-- Generated by org.testng.reporters.JUnitReportReporter -->
<testsuite skipped="0" hostname="tkao-mac" name="org.openapitools.codegen.ruby.RubyClientOptionsTest" tests="2" failures="0" timestamp="01 Oct 2019 20:46:36 GMT" time="0.168" errors="0">
  <testcase name="checkOptionsProcessing" time="0.162" classname="org.openapitools.codegen.ruby.RubyClientOptionsTest"/>
  <testcase name="checkOptionsHelp" time="0.006" classname="org.openapitools.codegen.ruby.RubyClientOptionsTest"/>
</testsuite> <!-- org.openapitools.codegen.ruby.RubyClientOptionsTest -->
