<?xml version="1.0" encoding="UTF-8"?>
<!-- Generated by org.testng.reporters.JUnitReportReporter -->
<testsuite skipped="0" hostname="tkao-mac" name="org.openapitools.codegen.templating.mustache.OnChangeLambdaTest" tests="2" failures="0" timestamp="04 Sep 2019 18:12:08 GMT" time="0.000" errors="0">
  <testcase name="firstValueIsReturnedTest" time="0.000" classname="org.openapitools.codegen.templating.mustache.OnChangeLambdaTest"/>
  <testcase name="repeatingValueReturnedOnFirstOccurrenceTest" time="0.000" classname="org.openapitools.codegen.templating.mustache.OnChangeLambdaTest"/>
</testsuite> <!-- org.openapitools.codegen.templating.mustache.OnChangeLambdaTest -->
