<?xml version="1.0" encoding="UTF-8"?>
<!-- Generated by org.testng.reporters.JUnitReportReporter -->
<testsuite skipped="0" hostname="tkao-mac" name="org.openapitools.codegen.kotlin.AbstractKotlinCodegenTest" tests="15" failures="0" timestamp="01 Oct 2019 20:46:36 GMT" time="0.005" errors="0">
  <testcase name="uppercasEnumConverter" time="0.000" classname="org.openapitools.codegen.kotlin.AbstractKotlinCodegenTest"/>
  <testcase name="isDataTypeString" time="0.000" classname="org.openapitools.codegen.kotlin.AbstractKotlinCodegenTest"/>
  <testcase name="convertVarName" time="0.001" classname="org.openapitools.codegen.kotlin.AbstractKotlinCodegenTest"/>
  <testcase name="apIFileFolder" time="0.001" classname="org.openapitools.codegen.kotlin.AbstractKotlinCodegenTest"/>
  <testcase name="apiTestFileFolder" time="0.000" classname="org.openapitools.codegen.kotlin.AbstractKotlinCodegenTest"/>
  <testcase name="toEnumValue" time="0.000" classname="org.openapitools.codegen.kotlin.AbstractKotlinCodegenTest"/>
  <testcase name="convertApiNameWithEmptySuffix" time="0.000" classname="org.openapitools.codegen.kotlin.AbstractKotlinCodegenTest"/>
  <testcase name="snake_caseEnumConverter" time="0.000" classname="org.openapitools.codegen.kotlin.AbstractKotlinCodegenTest"/>
  <testcase name="toModelNameShouldUseProvidedMapping" time="0.000" classname="org.openapitools.codegen.kotlin.AbstractKotlinCodegenTest"/>
  <testcase name="convertApiNameWithSuffix" time="0.000" classname="org.openapitools.codegen.kotlin.AbstractKotlinCodegenTest"/>
  <testcase name="pascalCaseEnumConverter" time="0.001" classname="org.openapitools.codegen.kotlin.AbstractKotlinCodegenTest"/>
  <testcase name="originalEnumConverter" time="0.000" classname="org.openapitools.codegen.kotlin.AbstractKotlinCodegenTest"/>
  <testcase name="convertModelNameTitleCase" time="0.000" classname="org.openapitools.codegen.kotlin.AbstractKotlinCodegenTest"/>
  <testcase name="convertModelName" time="0.001" classname="org.openapitools.codegen.kotlin.AbstractKotlinCodegenTest"/>
  <testcase name="camlCaseEnumConverter" time="0.001" classname="org.openapitools.codegen.kotlin.AbstractKotlinCodegenTest"/>
</testsuite> <!-- org.openapitools.codegen.kotlin.AbstractKotlinCodegenTest -->
