<?xml version="1.0" encoding="UTF-8"?>
<!-- Generated by org.testng.reporters.JUnitReportReporter -->
<testsuite skipped="0" hostname="tkao-mac" name="org.openapitools.codegen.java.jaxrs.JavaResteasyEapServerCodegenModelTest" tests="5" failures="0" timestamp="01 Oct 2019 20:46:36 GMT" time="0.083" errors="0">
  <testcase name="mapModelTest" time="0.001" classname="org.openapitools.codegen.java.jaxrs.JavaResteasyEapServerCodegenModelTest"/>
  <testcase name="generateJsonAnnotationForPolymorphism" time="0.023" classname="org.openapitools.codegen.java.jaxrs.JavaResteasyEapServerCodegenModelTest"/>
  <testcase name="doNotAddDefaultValueDocumentationForContainers" time="0.009" classname="org.openapitools.codegen.java.jaxrs.JavaResteasyEapServerCodegenModelTest"/>
  <testcase name="doNotGenerateJsonAnnotationForPolymorphismIfJsonExclude" time="0.026" classname="org.openapitools.codegen.java.jaxrs.JavaResteasyEapServerCodegenModelTest"/>
  <testcase name="addDefaultValueDocumentationForNonContainers" time="0.024" classname="org.openapitools.codegen.java.jaxrs.JavaResteasyEapServerCodegenModelTest"/>
</testsuite> <!-- org.openapitools.codegen.java.jaxrs.JavaResteasyEapServerCodegenModelTest -->
