<?xml version="1.0" encoding="UTF-8"?>
<!-- Generated by org.testng.reporters.JUnitReportReporter -->
<testsuite skipped="0" hostname="tkao-mac" name="org.openapitools.codegen.InlineModelResolverTest" tests="33" failures="0" timestamp="04 Sep 2019 18:12:08 GMT" time="0.904" errors="0">
  <testcase name="arbitraryObjectResponseArrayInline" time="0.015" classname="org.openapitools.codegen.InlineModelResolverTest"/>
  <testcase name="resolveInlineArrayResponse" time="0.009" classname="org.openapitools.codegen.InlineModelResolverTest"/>
  <testcase name="emptyExampleOnStringTypeModels" time="0.017" classname="org.openapitools.codegen.InlineModelResolverTest"/>
  <testcase name="resolveInlineRequestBody" time="0.007" classname="org.openapitools.codegen.InlineModelResolverTest"/>
  <testcase name="arbitraryObjectResponse" time="0.020" classname="org.openapitools.codegen.InlineModelResolverTest"/>
  <testcase name="arbitraryRequestBodyArrayProperty" time="0.017" classname="org.openapitools.codegen.InlineModelResolverTest"/>
  <testcase name="callbacks" time="0.022" classname="org.openapitools.codegen.InlineModelResolverTest"/>
  <testcase name="resolveInlineArraySchemaWithTitle" time="0.010" classname="org.openapitools.codegen.InlineModelResolverTest"/>
  <testcase name="resolveInlineRequestBodyWhenNoComponents" time="0.003" classname="org.openapitools.codegen.InlineModelResolverTest"/>
  <testcase name="testInlineResponseModelWithTitle" time="0.001" classname="org.openapitools.codegen.InlineModelResolverTest"/>
  <testcase name="arbitraryObjectRequestBodyProperty" time="0.018" classname="org.openapitools.codegen.InlineModelResolverTest"/>
  <testcase name="resolveInlineRequestBodyWithTitle" time="0.006" classname="org.openapitools.codegen.InlineModelResolverTest"/>
  <testcase name="resolveInlineModelTestWithoutTitle" time="0.000" classname="org.openapitools.codegen.InlineModelResolverTest"/>
  <testcase name="objectComposedWithInline" time="0.009" classname="org.openapitools.codegen.InlineModelResolverTest"/>
  <testcase name="arbitraryObjectModelWithArrayInlineWithTitle" time="0.034" classname="org.openapitools.codegen.InlineModelResolverTest"/>
  <testcase name="resolveInlineModel2EqualInnerModels" time="0.001" classname="org.openapitools.codegen.InlineModelResolverTest"/>
  <testcase name="nonModelRequestBody" time="0.013" classname="org.openapitools.codegen.InlineModelResolverTest"/>
  <testcase name="resolveInlineModelTestWithTitle" time="0.000" classname="org.openapitools.codegen.InlineModelResolverTest"/>
  <testcase name="arbitraryObjectRequestBody" time="0.020" classname="org.openapitools.codegen.InlineModelResolverTest"/>
  <testcase name="resolveInlineRequestBodyWithRequired" time="0.008" classname="org.openapitools.codegen.InlineModelResolverTest"/>
  <testcase name="resolveInlineArrayResponseWithTitle" time="0.007" classname="org.openapitools.codegen.InlineModelResolverTest"/>
  <testcase name="arbitraryObjectResponseArray" time="0.032" classname="org.openapitools.codegen.InlineModelResolverTest"/>
  <testcase name="resolveInlineObjectResponseWithAdditionalProperties" time="0.009" classname="org.openapitools.codegen.InlineModelResolverTest"/>
  <testcase name="resolveInlineModel2DifferentInnerModelsWIthSameTitle" time="0.000" classname="org.openapitools.codegen.InlineModelResolverTest"/>
  <testcase name="resolveInlineArrayRequestBodyWithTitle" time="0.009" classname="org.openapitools.codegen.InlineModelResolverTest"/>
  <testcase name="testInlineResponseModel" time="0.000" classname="org.openapitools.codegen.InlineModelResolverTest"/>
  <testcase name="resolveInlineArrayRequestBody" time="0.008" classname="org.openapitools.codegen.InlineModelResolverTest"/>
  <testcase name="nullable" time="0.011" classname="org.openapitools.codegen.InlineModelResolverTest"/>
  <testcase name="arbitraryRequestBodyArray" time="0.014" classname="org.openapitools.codegen.InlineModelResolverTest"/>
  <testcase name="arbitraryObjectModelInline" time="0.536" classname="org.openapitools.codegen.InlineModelResolverTest"/>
  <testcase name="resolveInlineMapSchemaInResponse" time="0.010" classname="org.openapitools.codegen.InlineModelResolverTest"/>
  <testcase name="arbitraryObjectModelWithArrayInlineWithoutTitle" time="0.025" classname="org.openapitools.codegen.InlineModelResolverTest"/>
  <testcase name="arbitraryObjectResponseWithAdditionalProperty" time="0.013" classname="org.openapitools.codegen.InlineModelResolverTest"/>
</testsuite> <!-- org.openapitools.codegen.InlineModelResolverTest -->
