<?xml version="1.0" encoding="UTF-8"?>
<!-- Generated by org.testng.reporters.JUnitReportReporter -->
<testsuite skipped="0" hostname="tkao-mac" name="org.openapitools.codegen.javascript.JavascriptClientCodegenTest" tests="4" failures="0" timestamp="01 Oct 2019 20:46:36 GMT" time="0.031" errors="0">
  <testcase name="testAdditionalPropertiesPutForConfigValues" time="0.000" classname="org.openapitools.codegen.javascript.JavascriptClientCodegenTest"/>
  <testcase name="bodyParameterTest" time="0.031" classname="org.openapitools.codegen.javascript.JavascriptClientCodegenTest"/>
  <testcase name="testInitialConfigValues" time="0.000" classname="org.openapitools.codegen.javascript.JavascriptClientCodegenTest"/>
  <testcase name="testSettersForConfigValues" time="0.000" classname="org.openapitools.codegen.javascript.JavascriptClientCodegenTest"/>
</testsuite> <!-- org.openapitools.codegen.javascript.JavascriptClientCodegenTest -->
