<?xml version="1.0" encoding="UTF-8"?>
<!-- Generated by org.testng.reporters.JUnitReportReporter -->
<testsuite skipped="0" hostname="tkao-mac" name="org.openapitools.codegen.bash.BashTest" tests="5" failures="0" timestamp="01 Oct 2019 20:46:36 GMT" time="0.040" errors="0">
  <testcase name="escapeReservedWordTest" time="0.002" classname="org.openapitools.codegen.bash.BashTest"/>
  <testcase name="petstoreOperationTest" time="0.027" classname="org.openapitools.codegen.bash.BashTest"/>
  <testcase name="escapeUnsafeCharactersTest" time="0.001" classname="org.openapitools.codegen.bash.BashTest"/>
  <testcase name="petstoreParameterExampleTest" time="0.008" classname="org.openapitools.codegen.bash.BashTest"/>
  <testcase name="escapeTextTest" time="0.002" classname="org.openapitools.codegen.bash.BashTest"/>
</testsuite> <!-- org.openapitools.codegen.bash.BashTest -->
