<?xml version="1.0" encoding="UTF-8"?>
<!-- Generated by org.testng.reporters.JUnitReportReporter -->
<testsuite skipped="0" hostname="tkao-mac" name="org.openapitools.codegen.config.DynamicSettingsTest" tests="3" failures="0" timestamp="04 Sep 2019 18:12:08 GMT" time="0.038" errors="0">
  <testcase name="tesDynamicSettingsWithDynamicProperties" time="0.037" classname="org.openapitools.codegen.config.DynamicSettingsTest"/>
  <testcase name="testDynamicSettingsWithBuilderSideEffects" time="0.001" classname="org.openapitools.codegen.config.DynamicSettingsTest"/>
  <testcase name="testDynamicSettingsSetsConstructorDefaultsOnDeserialization" time="0.000" classname="org.openapitools.codegen.config.DynamicSettingsTest"/>
</testsuite> <!-- org.openapitools.codegen.config.DynamicSettingsTest -->
