<?xml version="1.0" encoding="UTF-8"?>
<!-- Generated by org.testng.reporters.JUnitReportReporter -->
<testsuite skipped="0" hostname="tkao-mac" name="org.openapitools.codegen.perl.PerlClientCodegenTest" tests="4" failures="0" timestamp="04 Sep 2019 18:12:08 GMT" time="0.007" errors="0">
  <testcase name="testSettersForConfigValues" time="0.000" classname="org.openapitools.codegen.perl.PerlClientCodegenTest"/>
  <testcase name="testIssue677" time="0.007" classname="org.openapitools.codegen.perl.PerlClientCodegenTest"/>
  <testcase name="testAdditionalPropertiesPutForConfigValues" time="0.000" classname="org.openapitools.codegen.perl.PerlClientCodegenTest"/>
  <testcase name="testInitialConfigValues" time="0.000" classname="org.openapitools.codegen.perl.PerlClientCodegenTest"/>
</testsuite> <!-- org.openapitools.codegen.perl.PerlClientCodegenTest -->
