<?xml version="1.0" encoding="UTF-8"?>
<!-- Generated by org.testng.reporters.JUnitReportReporter -->
<testsuite skipped="0" hostname="tkao-mac" name="org.openapitools.codegen.DefaultGeneratorTest" tests="3" failures="0" timestamp="01 Oct 2019 20:46:36 GMT" time="0.119" errors="0">
  <testcase name="testNonStrictProcessPaths" time="0.003" classname="org.openapitools.codegen.DefaultGeneratorTest"/>
  <testcase name="testProcessPaths" time="0.002" classname="org.openapitools.codegen.DefaultGeneratorTest"/>
  <testcase name="minimalUpdateTest" time="0.114" classname="org.openapitools.codegen.DefaultGeneratorTest"/>
</testsuite> <!-- org.openapitools.codegen.DefaultGeneratorTest -->
