<?xml version="1.0" encoding="UTF-8"?>
<!-- Generated by org.testng.reporters.JUnitReportReporter -->
<testsuite skipped="0" hostname="tkao-mac" name="org.openapitools.codegen.typescript.fetch.TypeScriptFetchModelTest" tests="8" failures="0" timestamp="04 Sep 2019 18:12:08 GMT" time="0.110" errors="0">
  <testcase name="listPropertyTest" time="0.001" classname="org.openapitools.codegen.typescript.fetch.TypeScriptFetchModelTest"/>
  <testcase name="simpleModelTest" time="0.001" classname="org.openapitools.codegen.typescript.fetch.TypeScriptFetchModelTest"/>
  <testcase name="enumArrayMdoelTest" time="0.069" classname="org.openapitools.codegen.typescript.fetch.TypeScriptFetchModelTest"/>
  <testcase name="complexPropertyTest" time="0.001" classname="org.openapitools.codegen.typescript.fetch.TypeScriptFetchModelTest"/>
  <testcase name="enumMdoelValueTest" time="0.032" classname="org.openapitools.codegen.typescript.fetch.TypeScriptFetchModelTest"/>
  <testcase name="arrayModelTest" time="0.004" classname="org.openapitools.codegen.typescript.fetch.TypeScriptFetchModelTest"/>
  <testcase name="complexListPropertyTest" time="0.001" classname="org.openapitools.codegen.typescript.fetch.TypeScriptFetchModelTest"/>
  <testcase name="mapModelTest" time="0.001" classname="org.openapitools.codegen.typescript.fetch.TypeScriptFetchModelTest"/>
</testsuite> <!-- org.openapitools.codegen.typescript.fetch.TypeScriptFetchModelTest -->
