<?xml version="1.0" encoding="UTF-8"?>
<!-- Generated by org.testng.reporters.JUnitReportReporter -->
<testsuite skipped="0" hostname="tkao-mac" name="org.openapitools.codegen.java.JavaModelEnumTest" tests="5" failures="0" timestamp="04 Sep 2019 18:12:08 GMT" time="0.043" errors="0">
  <testcase name="testEnumTestSchema" time="0.030" classname="org.openapitools.codegen.java.JavaModelEnumTest"/>
  <testcase name="overrideEnumTest" time="0.005" classname="org.openapitools.codegen.java.JavaModelEnumTest"/>
  <testcase name="converterInArrayTest" time="0.001" classname="org.openapitools.codegen.java.JavaModelEnumTest"/>
  <testcase name="converterTest" time="0.001" classname="org.openapitools.codegen.java.JavaModelEnumTest"/>
  <testcase name="converterInArrayInArrayTest" time="0.006" classname="org.openapitools.codegen.java.JavaModelEnumTest"/>
</testsuite> <!-- org.openapitools.codegen.java.JavaModelEnumTest -->
