<?xml version="1.0" encoding="UTF-8"?>
<!-- Generated by org.testng.reporters.JUnitReportReporter -->
<testsuite skipped="0" hostname="tkao-mac" name="org.openapitools.codegen.scalaakka.ScalaAkkaClientOptionsTest" tests="2" failures="0" timestamp="04 Sep 2019 18:12:08 GMT" time="0.167" errors="0">
  <testcase name="checkOptionsProcessing" time="0.164" classname="org.openapitools.codegen.scalaakka.ScalaAkkaClientOptionsTest"/>
  <testcase name="checkOptionsHelp" time="0.003" classname="org.openapitools.codegen.scalaakka.ScalaAkkaClientOptionsTest"/>
</testsuite> <!-- org.openapitools.codegen.scalaakka.ScalaAkkaClientOptionsTest -->
