<?xml version="1.0" encoding="UTF-8"?>
<!-- Generated by org.testng.reporters.JUnitReportReporter -->
<testsuite skipped="0" hostname="tkao-mac" name="org.openapitools.codegen.go.GoModelTest" tests="16" failures="0" timestamp="01 Oct 2019 20:46:36 GMT" time="0.016" errors="0">
  <testcase name="filePropertyTest" time="0.000" classname="org.openapitools.codegen.go.GoModelTest"/>
  <testcase name="complexMapProperty" time="0.001" classname="org.openapitools.codegen.go.GoModelTest"/>
  <testcase name="modelNameTest" time="0.000" classname="org.openapitools.codegen.go.GoModelTest"/>
  <testcase name="mapPropertyTest" time="0.000" classname="org.openapitools.codegen.go.GoModelTest"/>
  <testcase name="listPropertyTest" time="0.001" classname="org.openapitools.codegen.go.GoModelTest"/>
  <testcase name="modelNameTest" time="0.000" classname="org.openapitools.codegen.go.GoModelTest"/>
  <testcase name="modelNameTest" time="0.001" classname="org.openapitools.codegen.go.GoModelTest"/>
  <testcase name="modelNameTest" time="0.000" classname="org.openapitools.codegen.go.GoModelTest"/>
  <testcase name="modelNameTest" time="0.000" classname="org.openapitools.codegen.go.GoModelTest"/>
  <testcase name="modelNameTest" time="0.000" classname="org.openapitools.codegen.go.GoModelTest"/>
  <testcase name="simpleModelTest" time="0.000" classname="org.openapitools.codegen.go.GoModelTest"/>
  <testcase name="arrayModelTest" time="0.010" classname="org.openapitools.codegen.go.GoModelTest"/>
  <testcase name="complexPropertyTest" time="0.000" classname="org.openapitools.codegen.go.GoModelTest"/>
  <testcase name="modelNameTest" time="0.000" classname="org.openapitools.codegen.go.GoModelTest"/>
  <testcase name="mapModelTest" time="0.001" classname="org.openapitools.codegen.go.GoModelTest"/>
  <testcase name="complexListProperty" time="0.002" classname="org.openapitools.codegen.go.GoModelTest"/>
</testsuite> <!-- org.openapitools.codegen.go.GoModelTest -->
