<?xml version="1.0" encoding="UTF-8"?>
<!-- Generated by org.testng.reporters.JUnitReportReporter -->
<testsuite skipped="0" hostname="tkao-mac" name="org.openapitools.codegen.haskellservant.HaskellServantCodegenTest" tests="1" failures="0" timestamp="01 Oct 2019 20:46:36 GMT" time="0.016" errors="0">
  <testcase name="testGenerateRootEndpoint" time="0.016" classname="org.openapitools.codegen.haskellservant.HaskellServantCodegenTest"/>
</testsuite> <!-- org.openapitools.codegen.haskellservant.HaskellServantCodegenTest -->
