<?xml version="1.0" encoding="UTF-8"?>
<!-- Generated by org.testng.reporters.JUnitReportReporter -->
<testsuite skipped="0" hostname="tkao-mac" name="org.openapitools.codegen.php.PhpClientCodegenTest" tests="3" failures="0" timestamp="01 Oct 2019 20:46:36 GMT" time="0.002" errors="0">
  <testcase name="testSettersForConfigValues" time="0.000" classname="org.openapitools.codegen.php.PhpClientCodegenTest"/>
  <testcase name="testInitialConfigValues" time="0.001" classname="org.openapitools.codegen.php.PhpClientCodegenTest"/>
  <testcase name="testAdditionalPropertiesPutForConfigValues" time="0.001" classname="org.openapitools.codegen.php.PhpClientCodegenTest"/>
</testsuite> <!-- org.openapitools.codegen.php.PhpClientCodegenTest -->
