<?xml version="1.0" encoding="UTF-8"?>
<!-- Generated by org.testng.reporters.JUnitReportReporter -->
<testsuite skipped="0" hostname="tkao-mac" name="org.openapitools.codegen.java.jaxrs.JavaJAXRSCXFExtServerCodegenTest" tests="10" failures="0" timestamp="01 Oct 2019 20:46:36 GMT" time="0.310" errors="0">
  <testcase name="testAddOperationToGroup" time="0.033" classname="org.openapitools.codegen.java.jaxrs.JavaJAXRSCXFExtServerCodegenTest"/>
  <testcase name="testGenerateOperationBodyWithCodedTestData" time="0.120" classname="org.openapitools.codegen.java.jaxrs.JavaJAXRSCXFExtServerCodegenTest"/>
  <testcase name="testAdditionalPropertiesPutForConfigValues" time="0.001" classname="org.openapitools.codegen.java.jaxrs.JavaJAXRSCXFExtServerCodegenTest"/>
  <testcase name="generateJsonAnnotationForPolymorphism" time="0.020" classname="org.openapitools.codegen.java.jaxrs.JavaJAXRSCXFExtServerCodegenTest"/>
  <testcase name="testSettersForConfigValues" time="0.000" classname="org.openapitools.codegen.java.jaxrs.JavaJAXRSCXFExtServerCodegenTest"/>
  <testcase name="doNotGenerateJsonAnnotationForPolymorphismIfJsonExclude" time="0.021" classname="org.openapitools.codegen.java.jaxrs.JavaJAXRSCXFExtServerCodegenTest"/>
  <testcase name="addDefaultValueDocumentationForNonContainers" time="0.010" classname="org.openapitools.codegen.java.jaxrs.JavaJAXRSCXFExtServerCodegenTest"/>
  <testcase name="doNotAddDefaultValueDocumentationForContainers" time="0.008" classname="org.openapitools.codegen.java.jaxrs.JavaJAXRSCXFExtServerCodegenTest"/>
  <testcase name="testGenerateOperationBodyWithJsonTestData" time="0.097" classname="org.openapitools.codegen.java.jaxrs.JavaJAXRSCXFExtServerCodegenTest"/>
  <testcase name="testInitialConfigValues" time="0.000" classname="org.openapitools.codegen.java.jaxrs.JavaJAXRSCXFExtServerCodegenTest"/>
</testsuite> <!-- org.openapitools.codegen.java.jaxrs.JavaJAXRSCXFExtServerCodegenTest -->
