<?xml version="1.0" encoding="UTF-8"?>
<!-- Generated by org.testng.reporters.JUnitReportReporter -->
<testsuite skipped="0" hostname="tkao-mac" name="org.openapitools.codegen.javascript.JavascriptClientCodegenTest" tests="4" failures="0" timestamp="04 Sep 2019 18:12:08 GMT" time="0.029" errors="0">
  <testcase name="testAdditionalPropertiesPutForConfigValues" time="0.000" classname="org.openapitools.codegen.javascript.JavascriptClientCodegenTest"/>
  <testcase name="bodyParameterTest" time="0.028" classname="org.openapitools.codegen.javascript.JavascriptClientCodegenTest"/>
  <testcase name="testInitialConfigValues" time="0.001" classname="org.openapitools.codegen.javascript.JavascriptClientCodegenTest"/>
  <testcase name="testSettersForConfigValues" time="0.000" classname="org.openapitools.codegen.javascript.JavascriptClientCodegenTest"/>
</testsuite> <!-- org.openapitools.codegen.javascript.JavascriptClientCodegenTest -->
