<?xml version="1.0" encoding="UTF-8"?>
<!-- Generated by org.testng.reporters.JUnitReportReporter -->
<testsuite skipped="0" hostname="tkao-mac" name="org.openapitools.codegen.java.jaxrs.JavaJAXRSSpecServerCodegenTest" tests="16" failures="0" timestamp="01 Oct 2019 20:46:36 GMT" time="0.792" errors="0">
  <testcase name="testInitialConfigValues" time="0.002" classname="org.openapitools.codegen.java.jaxrs.JavaJAXRSSpecServerCodegenTest"/>
  <testcase name="testGeneratePingNoSpecFile" time="0.033" classname="org.openapitools.codegen.java.jaxrs.JavaJAXRSSpecServerCodegenTest"/>
  <testcase name="addDefaultValueDocumentationForNonContainers" time="0.050" classname="org.openapitools.codegen.java.jaxrs.JavaJAXRSSpecServerCodegenTest"/>
  <testcase name="testAddOperationToGroupForRootResource" time="0.000" classname="org.openapitools.codegen.java.jaxrs.JavaJAXRSSpecServerCodegenTest"/>
  <testcase name="doNotGenerateJsonAnnotationForPolymorphismIfJsonExclude" time="0.086" classname="org.openapitools.codegen.java.jaxrs.JavaJAXRSSpecServerCodegenTest"/>
  <testcase name="testGeneratePingAlternativeLocation1" time="0.500" classname="org.openapitools.codegen.java.jaxrs.JavaJAXRSSpecServerCodegenTest"/>
  <testcase name="testGeneratePingDefaultLocation" time="0.021" classname="org.openapitools.codegen.java.jaxrs.JavaJAXRSSpecServerCodegenTest"/>
  <testcase name="testAddOperationToGroupForSubresource" time="0.000" classname="org.openapitools.codegen.java.jaxrs.JavaJAXRSSpecServerCodegenTest"/>
  <testcase name="generateJsonAnnotationForPolymorphism" time="0.045" classname="org.openapitools.codegen.java.jaxrs.JavaJAXRSSpecServerCodegenTest"/>
  <testcase name="doNotAddDefaultValueDocumentationForContainers" time="0.019" classname="org.openapitools.codegen.java.jaxrs.JavaJAXRSSpecServerCodegenTest"/>
  <testcase name="testToApiNameForPrimaryResource" time="0.001" classname="org.openapitools.codegen.java.jaxrs.JavaJAXRSSpecServerCodegenTest"/>
  <testcase name="testAddOperationToGroupForRootResourcePathParam" time="0.001" classname="org.openapitools.codegen.java.jaxrs.JavaJAXRSSpecServerCodegenTest"/>
  <testcase name="testAdditionalPropertiesPutForConfigValues" time="0.009" classname="org.openapitools.codegen.java.jaxrs.JavaJAXRSSpecServerCodegenTest"/>
  <testcase name="testToApiNameForSubresource" time="0.000" classname="org.openapitools.codegen.java.jaxrs.JavaJAXRSSpecServerCodegenTest"/>
  <testcase name="testSettersForConfigValues" time="0.000" classname="org.openapitools.codegen.java.jaxrs.JavaJAXRSSpecServerCodegenTest"/>
  <testcase name="testGeneratePingAlternativeLocation2" time="0.025" classname="org.openapitools.codegen.java.jaxrs.JavaJAXRSSpecServerCodegenTest"/>
</testsuite> <!-- org.openapitools.codegen.java.jaxrs.JavaJAXRSSpecServerCodegenTest -->
