<?xml version="1.0" encoding="UTF-8"?>
<!-- Generated by org.testng.reporters.JUnitReportReporter -->
<testsuite skipped="0" hostname="tkao-mac" name="org.openapitools.codegen.java.jaxrs.JavaJerseyServerCodegenTest" tests="9" failures="0" timestamp="04 Sep 2019 18:12:08 GMT" time="0.221" errors="0">
  <testcase name="generateJsonAnnotationForPolymorphism" time="0.044" classname="org.openapitools.codegen.java.jaxrs.JavaJerseyServerCodegenTest"/>
  <testcase name="testSettersForConfigValues" time="0.000" classname="org.openapitools.codegen.java.jaxrs.JavaJerseyServerCodegenTest"/>
  <testcase name="doNotAddDefaultValueDocumentationForContainers" time="0.018" classname="org.openapitools.codegen.java.jaxrs.JavaJerseyServerCodegenTest"/>
  <testcase name="testAddOperationToGroupUseTagsTrue" time="0.038" classname="org.openapitools.codegen.java.jaxrs.JavaJerseyServerCodegenTest"/>
  <testcase name="testAddOperationToGroupUseTagsFalse" time="0.036" classname="org.openapitools.codegen.java.jaxrs.JavaJerseyServerCodegenTest"/>
  <testcase name="testInitialConfigValues" time="0.002" classname="org.openapitools.codegen.java.jaxrs.JavaJerseyServerCodegenTest"/>
  <testcase name="testAdditionalPropertiesPutForConfigValues" time="0.000" classname="org.openapitools.codegen.java.jaxrs.JavaJerseyServerCodegenTest"/>
  <testcase name="addDefaultValueDocumentationForNonContainers" time="0.042" classname="org.openapitools.codegen.java.jaxrs.JavaJerseyServerCodegenTest"/>
  <testcase name="doNotGenerateJsonAnnotationForPolymorphismIfJsonExclude" time="0.041" classname="org.openapitools.codegen.java.jaxrs.JavaJerseyServerCodegenTest"/>
</testsuite> <!-- org.openapitools.codegen.java.jaxrs.JavaJerseyServerCodegenTest -->
