<?xml version="1.0" encoding="UTF-8"?>
<!-- Generated by org.testng.reporters.JUnitReportReporter -->
<testsuite skipped="0" hostname="tkao-mac" name="org.openapitools.codegen.scalaakka.ScalaAkkaClientCodegenTest" tests="8" failures="0" timestamp="01 Oct 2019 20:46:36 GMT" time="0.018" errors="0">
  <testcase name="listPropertyTest" time="0.002" classname="org.openapitools.codegen.scalaakka.ScalaAkkaClientCodegenTest"/>
  <testcase name="complexListPropertyTest" time="0.001" classname="org.openapitools.codegen.scalaakka.ScalaAkkaClientCodegenTest"/>
  <testcase name="complexPropertyTest" time="0.001" classname="org.openapitools.codegen.scalaakka.ScalaAkkaClientCodegenTest"/>
  <testcase name="mapModelTest" time="0.002" classname="org.openapitools.codegen.scalaakka.ScalaAkkaClientCodegenTest"/>
  <testcase name="arrayModelTest" time="0.005" classname="org.openapitools.codegen.scalaakka.ScalaAkkaClientCodegenTest"/>
  <testcase name="simpleModelTest" time="0.002" classname="org.openapitools.codegen.scalaakka.ScalaAkkaClientCodegenTest"/>
  <testcase name="mapPropertyTest" time="0.002" classname="org.openapitools.codegen.scalaakka.ScalaAkkaClientCodegenTest"/>
  <testcase name="complexMapPropertyTest" time="0.003" classname="org.openapitools.codegen.scalaakka.ScalaAkkaClientCodegenTest"/>
</testsuite> <!-- org.openapitools.codegen.scalaakka.ScalaAkkaClientCodegenTest -->
