<?xml version="1.0" encoding="UTF-8"?>
<!-- Generated by org.testng.reporters.JUnitReportReporter -->
<testsuite skipped="0" hostname="tkao-mac" name="org.openapitools.codegen.r.RClientCodegenTest" tests="3" failures="0" timestamp="01 Oct 2019 20:46:36 GMT" time="0.003" errors="0">
  <testcase name="testSettersForConfigValues" time="0.000" classname="org.openapitools.codegen.r.RClientCodegenTest"/>
  <testcase name="testAdditionalPropertiesPutForConfigValues" time="0.003" classname="org.openapitools.codegen.r.RClientCodegenTest"/>
  <testcase name="testInitialConfigValues" time="0.000" classname="org.openapitools.codegen.r.RClientCodegenTest"/>
</testsuite> <!-- org.openapitools.codegen.r.RClientCodegenTest -->
