<?xml version="1.0" encoding="UTF-8"?>
<!-- Generated by org.testng.reporters.JUnitReportReporter -->
<testsuite skipped="0" hostname="tkao-mac" name="org.openapitools.codegen.utils.URLPathUtilsTest" tests="6" failures="0" timestamp="04 Sep 2019 18:12:08 GMT" time="0.009" errors="0">
  <testcase name="testGetServerURLWithVariablesAndUserOverrides" time="0.006" classname="org.openapitools.codegen.utils.URLPathUtilsTest"/>
  <testcase name="testDefaultValues" time="0.001" classname="org.openapitools.codegen.utils.URLPathUtilsTest"/>
  <testcase name="testGetServerURLWithVariables" time="0.001" classname="org.openapitools.codegen.utils.URLPathUtilsTest"/>
  <testcase name="useDefaultUrlWhenServerUrlIsNull" time="0.000" classname="org.openapitools.codegen.utils.URLPathUtilsTest"/>
  <testcase name="testUrl" time="0.000" classname="org.openapitools.codegen.utils.URLPathUtilsTest"/>
  <testcase name="testSanitizeUrl" time="0.001" classname="org.openapitools.codegen.utils.URLPathUtilsTest"/>
</testsuite> <!-- org.openapitools.codegen.utils.URLPathUtilsTest -->
