<?xml version="1.0" encoding="UTF-8"?>
<!-- Generated by org.testng.reporters.JUnitReportReporter -->
<testsuite skipped="0" hostname="tkao-mac" name="org.openapitools.codegen.scalahttpclient.ScalaHttpClientModelTest" tests="8" failures="0" timestamp="01 Oct 2019 20:46:36 GMT" time="0.008" errors="0">
  <testcase name="complexListPropertyTest" time="0.001" classname="org.openapitools.codegen.scalahttpclient.ScalaHttpClientModelTest"/>
  <testcase name="arrayModelTest" time="0.004" classname="org.openapitools.codegen.scalahttpclient.ScalaHttpClientModelTest"/>
  <testcase name="complexPropertyTest" time="0.000" classname="org.openapitools.codegen.scalahttpclient.ScalaHttpClientModelTest"/>
  <testcase name="simpleModelTest" time="0.000" classname="org.openapitools.codegen.scalahttpclient.ScalaHttpClientModelTest"/>
  <testcase name="mapModelTest" time="0.001" classname="org.openapitools.codegen.scalahttpclient.ScalaHttpClientModelTest"/>
  <testcase name="listPropertyTest" time="0.001" classname="org.openapitools.codegen.scalahttpclient.ScalaHttpClientModelTest"/>
  <testcase name="complexMapPropertyTest" time="0.001" classname="org.openapitools.codegen.scalahttpclient.ScalaHttpClientModelTest"/>
  <testcase name="mapPropertyTest" time="0.000" classname="org.openapitools.codegen.scalahttpclient.ScalaHttpClientModelTest"/>
</testsuite> <!-- org.openapitools.codegen.scalahttpclient.ScalaHttpClientModelTest -->
