<?xml version="1.0" encoding="UTF-8"?>
<!-- Generated by org.testng.reporters.JUnitReportReporter -->
<testsuite skipped="0" hostname="tkao-mac" name="org.openapitools.codegen.yaml.YamlGeneratorTest" tests="2" failures="0" timestamp="01 Oct 2019 20:46:36 GMT" time="0.038" errors="0">
  <testcase name="testGeneratePingOtherOutputFile" time="0.009" classname="org.openapitools.codegen.yaml.YamlGeneratorTest"/>
  <testcase name="testGeneratePing" time="0.029" classname="org.openapitools.codegen.yaml.YamlGeneratorTest"/>
</testsuite> <!-- org.openapitools.codegen.yaml.YamlGeneratorTest -->
