<?xml version="1.0" encoding="UTF-8"?>
<!-- Generated by org.testng.reporters.JUnitReportReporter -->
<testsuite skipped="0" hostname="tkao-mac" name="org.openapitools.codegen.serializer.SerializerUtilsTest" tests="2" failures="0" timestamp="04 Sep 2019 18:12:08 GMT" time="0.009" errors="0">
  <testcase name="testToYamlStringMinimalExample" time="0.001" classname="org.openapitools.codegen.serializer.SerializerUtilsTest"/>
  <testcase name="testToYamlStringCompleteExample" time="0.008" classname="org.openapitools.codegen.serializer.SerializerUtilsTest"/>
</testsuite> <!-- org.openapitools.codegen.serializer.SerializerUtilsTest -->
