<?xml version="1.0" encoding="UTF-8"?>
<!-- Generated by org.testng.reporters.JUnitReportReporter -->
<testsuite skipped="0" hostname="tkao-mac" name="org.openapitools.codegen.html.StaticHtmlGeneratorTest" tests="3" failures="0" timestamp="01 Oct 2019 20:46:36 GMT" time="0.035" errors="0">
  <testcase name="testAdditionalPropertiesFalse" time="0.031" classname="org.openapitools.codegen.html.StaticHtmlGeneratorTest"/>
  <testcase name="testSpecWithoutSchema" time="0.004" classname="org.openapitools.codegen.html.StaticHtmlGeneratorTest"/>
  <testcase name="testFromPropertyWithUnderscores" time="0.000" classname="org.openapitools.codegen.html.StaticHtmlGeneratorTest"/>
</testsuite> <!-- org.openapitools.codegen.html.StaticHtmlGeneratorTest -->
