<?xml version="1.0" encoding="UTF-8"?>
<!-- Generated by org.testng.reporters.JUnitReportReporter -->
<testsuite skipped="0" hostname="tkao-mac" name="org.openapitools.codegen.elm.ElmClientCodegenTest" tests="2" failures="0" timestamp="04 Sep 2019 18:12:08 GMT" time="0.037" errors="0">
  <testcase name="testGenerateRootEndpoint" time="0.035" classname="org.openapitools.codegen.elm.ElmClientCodegenTest"/>
  <testcase name="testPostProcessRootEndpoint" time="0.002" classname="org.openapitools.codegen.elm.ElmClientCodegenTest"/>
</testsuite> <!-- org.openapitools.codegen.elm.ElmClientCodegenTest -->
