<?xml version="1.0" encoding="UTF-8"?>
<!-- Generated by org.testng.reporters.JUnitReportReporter -->
<testsuite skipped="0" hostname="tkao-mac" name="org.openapitools.codegen.php.AbstractPhpCodegenTest" tests="4" failures="0" timestamp="04 Sep 2019 18:12:08 GMT" time="0.004" errors="0">
  <testcase name="testSettersForConfigValues" time="0.000" classname="org.openapitools.codegen.php.AbstractPhpCodegenTest"/>
  <testcase name="testInitialConfigValues" time="0.001" classname="org.openapitools.codegen.php.AbstractPhpCodegenTest"/>
  <testcase name="testAdditionalPropertiesPutForConfigValues" time="0.003" classname="org.openapitools.codegen.php.AbstractPhpCodegenTest"/>
  <testcase name="testEscapeMediaType" time="0.000" classname="org.openapitools.codegen.php.AbstractPhpCodegenTest"/>
</testsuite> <!-- org.openapitools.codegen.php.AbstractPhpCodegenTest -->
