<?xml version="1.0" encoding="UTF-8"?>
<!-- Generated by org.testng.reporters.JUnitReportReporter -->
<testsuite skipped="0" hostname="tkao-mac" name="org.openapitools.codegen.templating.mustache.IndentedLambdaTest" tests="2" failures="0" timestamp="04 Sep 2019 18:12:08 GMT" time="0.002" errors="0">
  <testcase name="indentedCountTest" time="0.001" classname="org.openapitools.codegen.templating.mustache.IndentedLambdaTest"/>
  <testcase name="defaultIndentTest" time="0.001" classname="org.openapitools.codegen.templating.mustache.IndentedLambdaTest"/>
</testsuite> <!-- org.openapitools.codegen.templating.mustache.IndentedLambdaTest -->
