<?xml version="1.0" encoding="UTF-8"?>
<!-- Generated by org.testng.reporters.JUnitReportReporter -->
<testsuite skipped="0" hostname="tkao-mac" name="org.openapitools.codegen.cmd.utils.OptionUtilsTest" tests="2" failures="0" timestamp="01 Oct 2019 20:46:40 GMT" time="0.032" errors="0">
  <testcase name="testParseCommaSeparatedTuples" time="0.003" classname="org.openapitools.codegen.cmd.utils.OptionUtilsTest"/>
  <testcase name="splitCommaSeparatedList" time="0.029" classname="org.openapitools.codegen.cmd.utils.OptionUtilsTest"/>
</testsuite> <!-- org.openapitools.codegen.cmd.utils.OptionUtilsTest -->
