<?xml version="1.0" encoding="UTF-8"?>
<!-- Generated by org.testng.reporters.JUnitReportReporter -->
<testsuite skipped="0" hostname="tkao-mac" name="org.openapitools.codegen.cmd.utils.OptionUtilsTest" tests="2" failures="0" timestamp="29 Aug 2019 17:40:20 GMT" time="0.048" errors="0">
  <testcase name="testParseCommaSeparatedTuples" time="0.004" classname="org.openapitools.codegen.cmd.utils.OptionUtilsTest"/>
  <testcase name="splitCommaSeparatedList" time="0.044" classname="org.openapitools.codegen.cmd.utils.OptionUtilsTest"/>
</testsuite> <!-- org.openapitools.codegen.cmd.utils.OptionUtilsTest -->
