<?xml version="1.0" encoding="UTF-8"?>
<!-- Generated by org.testng.reporters.JUnitReportReporter -->
<testsuite skipped="0" hostname="tkao-mac" name="org.openapitools.codegen.cmd.GenerateTest" tests="22" failures="0" timestamp="29 Aug 2019 17:40:20 GMT" time="0.775" errors="0">
  <testcase name="testPackageName" time="0.005" classname="org.openapitools.codegen.cmd.GenerateTest"/>
  <testcase name="testInstantiationTypes" time="0.010" classname="org.openapitools.codegen.cmd.GenerateTest"/>
  <testcase name="testLanguageSpecificPrimitives" time="0.005" classname="org.openapitools.codegen.cmd.GenerateTest"/>
  <testcase name="testArtifactVersion" time="0.007" classname="org.openapitools.codegen.cmd.GenerateTest"/>
  <testcase name="testVerbose" time="0.007" classname="org.openapitools.codegen.cmd.GenerateTest"/>
  <testcase name="testInvokerPackage" time="0.006" classname="org.openapitools.codegen.cmd.GenerateTest"/>
  <testcase name="testLibrary" time="0.005" classname="org.openapitools.codegen.cmd.GenerateTest"/>
  <testcase name="testModelPackage" time="0.006" classname="org.openapitools.codegen.cmd.GenerateTest"/>
  <testcase name="testTypeMappings" time="0.007" classname="org.openapitools.codegen.cmd.GenerateTest"/>
  <testcase name="testArtifactId" time="0.007" classname="org.openapitools.codegen.cmd.GenerateTest"/>
  <testcase name="testTemplateDir" time="0.007" classname="org.openapitools.codegen.cmd.GenerateTest"/>
  <testcase name="testConfigJson" time="0.010" classname="org.openapitools.codegen.cmd.GenerateTest"/>
  <testcase name="testConfigYaml" time="0.010" classname="org.openapitools.codegen.cmd.GenerateTest"/>
  <testcase name="testGroupId" time="0.005" classname="org.openapitools.codegen.cmd.GenerateTest"/>
  <testcase name="testRequiredArgs_LongArgs" time="0.003" classname="org.openapitools.codegen.cmd.GenerateTest"/>
  <testcase name="testRequiredArgs_ShortArgs" time="0.003" classname="org.openapitools.codegen.cmd.GenerateTest"/>
  <testcase name="testAuth" time="0.017" classname="org.openapitools.codegen.cmd.GenerateTest"/>
  <testcase name="testAdditionalProperties" time="0.622" classname="org.openapitools.codegen.cmd.GenerateTest"/>
  <testcase name="testApiPackage" time="0.008" classname="org.openapitools.codegen.cmd.GenerateTest"/>
  <testcase name="testStrictSpec" time="0.008" classname="org.openapitools.codegen.cmd.GenerateTest"/>
  <testcase name="testImportMappings" time="0.009" classname="org.openapitools.codegen.cmd.GenerateTest"/>
  <testcase name="testSkipOverwrite" time="0.008" classname="org.openapitools.codegen.cmd.GenerateTest"/>
</testsuite> <!-- org.openapitools.codegen.cmd.GenerateTest -->
