<?xml version="1.0" encoding="UTF-8"?>
<!-- Generated by org.testng.reporters.JUnitReportReporter -->
<testsuite skipped="0" hostname="tkao-mac" name="org.openapitools.codegen.validation.GenericValidatorTest" tests="4" failures="0" timestamp="01 Oct 2019 20:46:14 GMT" time="0.021" errors="0">
  <testcase name="testGenericValidatorMultipleConditionsFail" time="0.001" classname="org.openapitools.codegen.validation.GenericValidatorTest"/>
  <testcase name="testGenericValidatorErrorsAndWarnings" time="0.020" classname="org.openapitools.codegen.validation.GenericValidatorTest"/>
  <testcase name="testGenericValidatorSuccesses" time="0.000" classname="org.openapitools.codegen.validation.GenericValidatorTest"/>
  <testcase name="testGenericValidatorSingleConditionFails" time="0.000" classname="org.openapitools.codegen.validation.GenericValidatorTest"/>
</testsuite> <!-- org.openapitools.codegen.validation.GenericValidatorTest -->
