<?xml version="1.0" encoding="UTF-8"?>
<!-- Generated by org.testng.reporters.JUnitReportReporter -->
<testsuite skipped="0" hostname="tkao-mac" name="org.openapitools.codegen.validation.ValidationRuleTest" tests="2" failures="0" timestamp="29 Aug 2019 17:40:00 GMT" time="0.003" errors="0">
  <testcase name="createMethodUsingMethodReference" time="0.001" classname="org.openapitools.codegen.validation.ValidationRuleTest"/>
  <testcase name="createMethodUsingLambda" time="0.002" classname="org.openapitools.codegen.validation.ValidationRuleTest"/>
</testsuite> <!-- org.openapitools.codegen.validation.ValidationRuleTest -->
