<?xml version="1.0" encoding="UTF-8"?>
<!-- Generated by org.testng.reporters.JUnitReportReporter -->
<testsuite skipped="0" hostname="tkao-mac" name="org.openapitools.codegen.validation.ValidatedTest" tests="2" failures="0" timestamp="29 Aug 2019 17:40:00 GMT" time="0.004" errors="0">
  <testcase name="isValidTrueForValidType" time="0.000" classname="org.openapitools.codegen.validation.ValidatedTest"/>
  <testcase name="isValidFalseForInvalidType" time="0.004" classname="org.openapitools.codegen.validation.ValidatedTest"/>
</testsuite> <!-- org.openapitools.codegen.validation.ValidatedTest -->
