<?xml version="1.0" encoding="UTF-8"?>
<!-- Generated by org.testng.reporters.JUnitReportReporter -->
<testsuite skipped="0" hostname="tkao-mac" name="org.openapitools.codegen.config.WorkflowSettingsTest" tests="3" failures="0" timestamp="29 Aug 2019 17:40:00 GMT" time="0.070" errors="0">
  <testcase name="defaultValuesCanBeChangedBuilder" time="0.070" classname="org.openapitools.codegen.config.WorkflowSettingsTest"/>
  <testcase name="defaultValuesNotOverriddenByNulls" time="0.000" classname="org.openapitools.codegen.config.WorkflowSettingsTest"/>
  <testcase name="defaultValuesCanBeChangedClassConstructor" time="0.000" classname="org.openapitools.codegen.config.WorkflowSettingsTest"/>
</testsuite> <!-- org.openapitools.codegen.config.WorkflowSettingsTest -->
